<?xml version="1.0" encoding="UTF-8"?>
<robot generator="Robot 3.0.2 (Python 3.6.3 on darwin)" generated="20171213 11:44:57.430">
<suite id="s1" name="Functional Smoke Tests">
<suite id="s1-s1" name="Create Signin Test" source="/Users/envoy/Virtualenvs/py3-robotframework/vizio-qa-web/tests/pages/home/functional/create_signin_test.robot">
<kw name="Set Unique Email Suite Variable" type="setup">
<kw name="Get random number" library="general">
<doc>Returns a random number of the given length.</doc>
<arguments>
<arg>3</arg>
</arguments>
<assign>
<var>${rand}</var>
</assign>
<kw name="Generate Random String" library="String">
<doc>Generates a string with a desired ``length`` from the given ``chars``.</doc>
<arguments>
<arg>${length}</arg>
<arg>[NUMBERS]</arg>
</arguments>
<assign>
<var>${rando}</var>
</assign>
<msg timestamp="20171213 11:44:57.629" level="INFO">${rando} = 292</msg>
<status status="PASS" starttime="20171213 11:44:57.629" endtime="20171213 11:44:57.629"></status>
</kw>
<msg timestamp="20171213 11:44:57.629" level="INFO">${rand} = 292</msg>
<status status="PASS" starttime="20171213 11:44:57.628" endtime="20171213 11:44:57.629"></status>
</kw>
<kw name="Set Suite Variable" library="BuiltIn">
<doc>Makes a variable available everywhere within the scope of the current suite.</doc>
<arguments>
<arg>${EMAIL}</arg>
<arg>${EMAIL_START}${rand}${EMAIL_END}</arg>
</arguments>
<msg timestamp="20171213 11:44:57.632" level="INFO">${EMAIL} = vzfando+fan292@gmail.com</msg>
<status status="PASS" starttime="20171213 11:44:57.629" endtime="20171213 11:44:57.632"></status>
</kw>
<status status="PASS" starttime="20171213 11:44:57.628" endtime="20171213 11:44:57.632"></status>
</kw>
<test id="s1-s1-t1" name="Create New User Account">
<kw name="Open homepage to default viewport size" library="vz_home">
<doc>Opens the browser to a predefined laptop size.</doc>
<arguments>
<arg>${URL}</arg>
</arguments>
<kw name="Open Browser" library="SeleniumLibrary">
<doc>Opens a new browser instance to the given ``url``.</doc>
<arguments>
<arg>${url}</arg>
<arg>${BROWSER}</arg>
<arg>remote_url=${REMOTE_URL}</arg>
</arguments>
<msg timestamp="20171213 11:44:57.633" level="INFO">Opening browser 'firefox' to base url 'https://varnish.viziostaging.com'.</msg>
<status status="PASS" starttime="20171213 11:44:57.633" endtime="20171213 11:45:06.158"></status>
</kw>
<kw name="Close email newsletter popup" library="vz_home">
<doc>Clicks the email newsletter sign up popop.</doc>
<kw name="Wait Until Element Is Visible" library="SeleniumLibrary">
<doc>Waits until element ``locator`` is visible.</doc>
<arguments>
<arg>${NEWSLETTER_CLOSE}</arg>
</arguments>
<status status="PASS" starttime="20171213 11:45:06.160" endtime="20171213 11:45:06.176"></status>
</kw>
<kw name="Click Element" library="SeleniumLibrary">
<doc>Click element identified by ``locator``.</doc>
<arguments>
<arg>${NEWSLETTER_CLOSE}</arg>
</arguments>
<msg timestamp="20171213 11:45:06.176" level="INFO">Clicking element 'css:a.modal-close.newsletter-popup'.</msg>
<status status="PASS" starttime="20171213 11:45:06.176" endtime="20171213 11:45:06.408"></status>
</kw>
<kw name="Wait Until Element Is Not Visible" library="SeleniumLibrary">
<doc>Waits until element ``locator`` is not visible.</doc>
<arguments>
<arg>${NEWSLETTER_CLOSE}</arg>
</arguments>
<status status="PASS" starttime="20171213 11:45:06.409" endtime="20171213 11:45:06.848"></status>
</kw>
<kw name="Wait Until Element Is Not Visible" library="SeleniumLibrary">
<doc>Waits until element ``locator`` is not visible.</doc>
<arguments>
<arg>${NEWSLETTER_POPUP}</arg>
</arguments>
<status status="PASS" starttime="20171213 11:45:06.849" endtime="20171213 11:45:06.857"></status>
</kw>
<status status="PASS" starttime="20171213 11:45:06.159" endtime="20171213 11:45:06.857"></status>
</kw>
<status status="PASS" starttime="20171213 11:44:57.632" endtime="20171213 11:45:06.857"></status>
</kw>
<kw name="Sleep" library="BuiltIn">
<doc>Pauses the test executed for the given time.</doc>
<arguments>
<arg>1</arg>
</arguments>
<msg timestamp="20171213 11:45:07.858" level="INFO">Slept 1 second</msg>
<status status="PASS" starttime="20171213 11:45:06.858" endtime="20171213 11:45:07.858"></status>
</kw>
<kw name="Click sign in link" library="vz_home">
<doc>Clicks the sign in/sign up link on the top banner</doc>
<kw name="Click link or button and wait for other element to be visible" library="page_navigation">
<doc>Keyword that clicks on a specified html element and waits for another html element to become visible.</doc>
<arguments>
<arg>${SIGN_IN_LINK}</arg>
<arg>${SIGN_IN_SUBMIT}</arg>
</arguments>
<kw name="Wait Until Element Is Visible" library="SeleniumLibrary">
<doc>Waits until element ``locator`` is visible.</doc>
<arguments>
<arg>${click_element}</arg>
<arg>10</arg>
</arguments>
<status status="PASS" starttime="20171213 11:45:07.860" endtime="20171213 11:45:07.873"></status>
</kw>
<kw name="Click Element" library="SeleniumLibrary">
<doc>Click element identified by ``locator``.</doc>
<arguments>
<arg>${click_element}</arg>
</arguments>
<msg timestamp="20171213 11:45:07.874" level="INFO">Clicking element 'css:a#myvizio-dynamic-link'.</msg>
<status status="PASS" starttime="20171213 11:45:07.873" endtime="20171213 11:45:10.552"></status>
</kw>
<kw name="Sleep" library="BuiltIn">
<doc>Pauses the test executed for the given time.</doc>
<arguments>
<arg>2</arg>
</arguments>
<msg timestamp="20171213 11:45:12.554" level="INFO">Slept 2 seconds</msg>
<status status="PASS" starttime="20171213 11:45:10.553" endtime="20171213 11:45:12.554"></status>
</kw>
<kw name="Wait Until Element Is Visible" library="SeleniumLibrary">
<doc>Waits until element ``locator`` is visible.</doc>
<arguments>
<arg>${wait_element}</arg>
<arg>10</arg>
</arguments>
<status status="PASS" starttime="20171213 11:45:12.554" endtime="20171213 11:45:12.577"></status>
</kw>
<status status="PASS" starttime="20171213 11:45:07.859" endtime="20171213 11:45:12.577"></status>
</kw>
<status status="PASS" starttime="20171213 11:45:07.859" endtime="20171213 11:45:12.577"></status>
</kw>
<kw name="Sleep" library="BuiltIn">
<doc>Pauses the test executed for the given time.</doc>
<arguments>
<arg>2</arg>
</arguments>
<msg timestamp="20171213 11:45:14.578" level="INFO">Slept 2 seconds</msg>
<status status="PASS" starttime="20171213 11:45:12.577" endtime="20171213 11:45:14.578"></status>
</kw>
<kw name="Click create fandemonium account link" library="signin_create">
<doc>Clicks the create one now link at the bottom of the sign in page.</doc>
<kw name="Scroll to bottom of page" library="page_navigation">
<doc>Executes javascript to scroll the page to the bottom.</doc>
<kw name="Execute Javascript" library="SeleniumLibrary">
<doc>Executes the given JavaScript code.</doc>
<arguments>
<arg>${GET_BODY_SCROLL_HEIGHT}</arg>
</arguments>
<assign>
<var>${height}</var>
</assign>
<msg timestamp="20171213 11:45:14.581" level="INFO">Executing JavaScript:
return document.body.scrollHeight</msg>
<msg timestamp="20171213 11:45:14.587" level="INFO">${height} = 1068</msg>
<status status="PASS" starttime="20171213 11:45:14.580" endtime="20171213 11:45:14.587"></status>
</kw>
<kw name="Execute Javascript" library="SeleniumLibrary">
<doc>Executes the given JavaScript code.</doc>
<arguments>
<arg>window.scrollTo(0,${height})</arg>
</arguments>
<msg timestamp="20171213 11:45:14.588" level="INFO">Executing JavaScript:
window.scrollTo(0,1068)</msg>
<status status="PASS" starttime="20171213 11:45:14.587" endtime="20171213 11:45:14.594"></status>
</kw>
<kw name="Sleep" library="BuiltIn">
<doc>Pauses the test executed for the given time.</doc>
<arguments>
<arg>1</arg>
</arguments>
<msg timestamp="20171213 11:45:15.595" level="INFO">Slept 1 second</msg>
<status status="PASS" starttime="20171213 11:45:14.594" endtime="20171213 11:45:15.596"></status>
</kw>
<status status="PASS" starttime="20171213 11:45:14.580" endtime="20171213 11:45:15.596"></status>
</kw>
<kw name="Click link or button and wait for other element to be visible" library="page_navigation">
<doc>Keyword that clicks on a specified html element and waits for another html element to become visible.</doc>
<arguments>
<arg>${CREATE_ACCOUNT_LINK}</arg>
<arg>${SUBMIT_CREATE_BTN}</arg>
</arguments>
<kw name="Wait Until Element Is Visible" library="SeleniumLibrary">
<doc>Waits until element ``locator`` is visible.</doc>
<arguments>
<arg>${click_element}</arg>
<arg>10</arg>
</arguments>
<status status="PASS" starttime="20171213 11:45:15.598" endtime="20171213 11:45:15.615"></status>
</kw>
<kw name="Click Element" library="SeleniumLibrary">
<doc>Click element identified by ``locator``.</doc>
<arguments>
<arg>${click_element}</arg>
</arguments>
<msg timestamp="20171213 11:45:15.615" level="INFO">Clicking element 'css:a[id='link-create-account']'.</msg>
<status status="PASS" starttime="20171213 11:45:15.615" endtime="20171213 11:45:15.881"></status>
</kw>
<kw name="Sleep" library="BuiltIn">
<doc>Pauses the test executed for the given time.</doc>
<arguments>
<arg>2</arg>
</arguments>
<msg timestamp="20171213 11:45:17.882" level="INFO">Slept 2 seconds</msg>
<status status="PASS" starttime="20171213 11:45:15.881" endtime="20171213 11:45:17.882"></status>
</kw>
<kw name="Wait Until Element Is Visible" library="SeleniumLibrary">
<doc>Waits until element ``locator`` is visible.</doc>
<arguments>
<arg>${wait_element}</arg>
<arg>10</arg>
</arguments>
<status status="PASS" starttime="20171213 11:45:17.882" endtime="20171213 11:45:17.896"></status>
</kw>
<status status="PASS" starttime="20171213 11:45:15.597" endtime="20171213 11:45:17.896"></status>
</kw>
<status status="PASS" starttime="20171213 11:45:14.579" endtime="20171213 11:45:17.896"></status>
</kw>
<kw name="Input create account information" library="signin_create">
<doc>Inputs first and last names, email, and password on the create account page. And checks the agree to terms box.</doc>
<arguments>
<arg>${FIRST}</arg>
<arg>${LAST}</arg>
<arg>${EMAIL}</arg>
<arg>${PASS}</arg>
</arguments>
<kw name="Input Text" library="SeleniumLibrary">
<doc>Types the given ``text`` into text field identified by ``locator``.</doc>
<arguments>
<arg>${FIRSTNAME_TXTBOX}</arg>
<arg>${first}</arg>
</arguments>
<msg timestamp="20171213 11:45:17.897" level="INFO">Typing text 'Monty' into text field 'css:input[id='firstname']'.</msg>
<status status="PASS" starttime="20171213 11:45:17.897" endtime="20171213 11:45:17.938"></status>
</kw>
<kw name="Input Text" library="SeleniumLibrary">
<doc>Types the given ``text`` into text field identified by ``locator``.</doc>
<arguments>
<arg>${LASTNAME_TXTBOX}</arg>
<arg>${last}</arg>
</arguments>
<msg timestamp="20171213 11:45:17.939" level="INFO">Typing text 'Burns' into text field 'css:input[id='lastname']'.</msg>
<status status="PASS" starttime="20171213 11:45:17.938" endtime="20171213 11:45:17.965"></status>
</kw>
<kw name="Input Text" library="SeleniumLibrary">
<doc>Types the given ``text`` into text field identified by ``locator``.</doc>
<arguments>
<arg>${EMAIL_TXTBOX}</arg>
<arg>${email}</arg>
</arguments>
<msg timestamp="20171213 11:45:17.966" level="INFO">Typing text 'vzfando+fan292@gmail.com' into text field 'css:input[id='email_address']'.</msg>
<status status="PASS" starttime="20171213 11:45:17.965" endtime="20171213 11:45:18.010"></status>
</kw>
<kw name="Input Text" library="SeleniumLibrary">
<doc>Types the given ``text`` into text field identified by ``locator``.</doc>
<arguments>
<arg>${PASSWORD_TXTBOX}</arg>
<arg>${password}</arg>
</arguments>
<msg timestamp="20171213 11:45:18.011" level="INFO">Typing text '34tesla34' into text field 'css:input[id='password']'.</msg>
<status status="PASS" starttime="20171213 11:45:18.010" endtime="20171213 11:45:18.038"></status>
</kw>
<kw name="Input Text" library="SeleniumLibrary">
<doc>Types the given ``text`` into text field identified by ``locator``.</doc>
<arguments>
<arg>${CONFIRM_TXTBOX}</arg>
<arg>${password}</arg>
</arguments>
<msg timestamp="20171213 11:45:18.038" level="INFO">Typing text '34tesla34' into text field 'css:input[id='confirmation']'.</msg>
<status status="PASS" starttime="20171213 11:45:18.038" endtime="20171213 11:45:18.064"></status>
</kw>
<status status="PASS" starttime="20171213 11:45:17.896" endtime="20171213 11:45:18.064"></status>
</kw>
<kw name="Sleep" library="BuiltIn">
<doc>Pauses the test executed for the given time.</doc>
<arguments>
<arg>2</arg>
</arguments>
<msg timestamp="20171213 11:45:20.066" level="INFO">Slept 2 seconds</msg>
<status status="PASS" starttime="20171213 11:45:18.065" endtime="20171213 11:45:20.066"></status>
</kw>
<kw name="Scroll to bottom of page" library="page_navigation">
<doc>Executes javascript to scroll the page to the bottom.</doc>
<kw name="Execute Javascript" library="SeleniumLibrary">
<doc>Executes the given JavaScript code.</doc>
<arguments>
<arg>${GET_BODY_SCROLL_HEIGHT}</arg>
</arguments>
<assign>
<var>${height}</var>
</assign>
<msg timestamp="20171213 11:45:20.068" level="INFO">Executing JavaScript:
return document.body.scrollHeight</msg>
<msg timestamp="20171213 11:45:20.074" level="INFO">${height} = 1426</msg>
<status status="PASS" starttime="20171213 11:45:20.067" endtime="20171213 11:45:20.074"></status>
</kw>
<kw name="Execute Javascript" library="SeleniumLibrary">
<doc>Executes the given JavaScript code.</doc>
<arguments>
<arg>window.scrollTo(0,${height})</arg>
</arguments>
<msg timestamp="20171213 11:45:20.075" level="INFO">Executing JavaScript:
window.scrollTo(0,1426)</msg>
<status status="PASS" starttime="20171213 11:45:20.074" endtime="20171213 11:45:20.081"></status>
</kw>
<kw name="Sleep" library="BuiltIn">
<doc>Pauses the test executed for the given time.</doc>
<arguments>
<arg>1</arg>
</arguments>
<msg timestamp="20171213 11:45:21.083" level="INFO">Slept 1 second</msg>
<status status="PASS" starttime="20171213 11:45:20.082" endtime="20171213 11:45:21.083"></status>
</kw>
<status status="PASS" starttime="20171213 11:45:20.066" endtime="20171213 11:45:21.083"></status>
</kw>
<kw name="Sleep" library="BuiltIn">
<doc>Pauses the test executed for the given time.</doc>
<arguments>
<arg>2</arg>
</arguments>
<msg timestamp="20171213 11:45:23.085" level="INFO">Slept 2 seconds</msg>
<status status="PASS" starttime="20171213 11:45:21.084" endtime="20171213 11:45:23.085"></status>
</kw>
<kw name="Check agree to terms checkbox" library="signin_create">
<doc>Selects the agree to terms checkbox on the create account page.</doc>
<kw name="Select Checkbox" library="SeleniumLibrary">
<doc>Selects checkbox identified by ``locator``.</doc>
<arguments>
<arg>${AGREE_CHECKBOX}</arg>
</arguments>
<msg timestamp="20171213 11:45:23.087" level="INFO">Selecting checkbox 'css:input[id='agree_terms']'.</msg>
<status status="PASS" starttime="20171213 11:45:23.087" endtime="20171213 11:45:23.334"></status>
</kw>
<status status="PASS" starttime="20171213 11:45:23.086" endtime="20171213 11:45:23.334"></status>
</kw>
<kw name="Click create account button" library="signin_create">
<doc>Clicks the create account button.</doc>
<kw name="Click link or button and wait for other element to be visible" library="page_navigation">
<doc>Keyword that clicks on a specified html element and waits for another html element to become visible.</doc>
<arguments>
<arg>${SUBMIT_CREATE_BTN}</arg>
<arg>${THANKYOU_MESSAGE}</arg>
</arguments>
<kw name="Wait Until Element Is Visible" library="SeleniumLibrary">
<doc>Waits until element ``locator`` is visible.</doc>
<arguments>
<arg>${click_element}</arg>
<arg>10</arg>
</arguments>
<status status="PASS" starttime="20171213 11:45:23.336" endtime="20171213 11:45:23.350"></status>
</kw>
<kw name="Click Element" library="SeleniumLibrary">
<doc>Click element identified by ``locator``.</doc>
<arguments>
<arg>${click_element}</arg>
</arguments>
<msg timestamp="20171213 11:45:23.351" level="INFO">Clicking element 'css:button[id='register_submit']'.</msg>
<status status="PASS" starttime="20171213 11:45:23.351" endtime="20171213 11:45:28.617"></status>
</kw>
<kw name="Sleep" library="BuiltIn">
<doc>Pauses the test executed for the given time.</doc>
<arguments>
<arg>2</arg>
</arguments>
<msg timestamp="20171213 11:45:30.618" level="INFO">Slept 2 seconds</msg>
<status status="PASS" starttime="20171213 11:45:28.617" endtime="20171213 11:45:30.618"></status>
</kw>
<kw name="Wait Until Element Is Visible" library="SeleniumLibrary">
<doc>Waits until element ``locator`` is visible.</doc>
<arguments>
<arg>${wait_element}</arg>
<arg>10</arg>
</arguments>
<status status="PASS" starttime="20171213 11:45:30.619" endtime="20171213 11:45:35.858"></status>
</kw>
<status status="PASS" starttime="20171213 11:45:23.335" endtime="20171213 11:45:35.858"></status>
</kw>
<status status="PASS" starttime="20171213 11:45:23.335" endtime="20171213 11:45:35.858"></status>
</kw>
<kw name="Close Browser" library="SeleniumLibrary" type="teardown">
<doc>Closes the current browser.</doc>
<status status="PASS" starttime="20171213 11:45:35.859" endtime="20171213 11:45:36.015"></status>
</kw>
<tags>
<tag>fn-smoke</tag>
</tags>
<status status="PASS" starttime="20171213 11:44:57.632" endtime="20171213 11:45:36.015" critical="yes"></status>
</test>
<test id="s1-s1-t2" name="Login With User account">
<kw name="Open homepage to default viewport size" library="vz_home">
<doc>Opens the browser to a predefined laptop size.</doc>
<arguments>
<arg>${URL}</arg>
</arguments>
<kw name="Open Browser" library="SeleniumLibrary">
<doc>Opens a new browser instance to the given ``url``.</doc>
<arguments>
<arg>${url}</arg>
<arg>${BROWSER}</arg>
<arg>remote_url=${REMOTE_URL}</arg>
</arguments>
<msg timestamp="20171213 11:45:36.018" level="INFO">Opening browser 'firefox' to base url 'https://varnish.viziostaging.com'.</msg>
<status status="PASS" starttime="20171213 11:45:36.017" endtime="20171213 11:45:43.272"></status>
</kw>
<kw name="Close email newsletter popup" library="vz_home">
<doc>Clicks the email newsletter sign up popop.</doc>
<kw name="Wait Until Element Is Visible" library="SeleniumLibrary">
<doc>Waits until element ``locator`` is visible.</doc>
<arguments>
<arg>${NEWSLETTER_CLOSE}</arg>
</arguments>
<status status="PASS" starttime="20171213 11:45:43.273" endtime="20171213 11:45:43.292"></status>
</kw>
<kw name="Click Element" library="SeleniumLibrary">
<doc>Click element identified by ``locator``.</doc>
<arguments>
<arg>${NEWSLETTER_CLOSE}</arg>
</arguments>
<msg timestamp="20171213 11:45:43.292" level="INFO">Clicking element 'css:a.modal-close.newsletter-popup'.</msg>
<status status="PASS" starttime="20171213 11:45:43.292" endtime="20171213 11:45:43.531"></status>
</kw>
<kw name="Wait Until Element Is Not Visible" library="SeleniumLibrary">
<doc>Waits until element ``locator`` is not visible.</doc>
<arguments>
<arg>${NEWSLETTER_CLOSE}</arg>
</arguments>
<status status="PASS" starttime="20171213 11:45:43.531" endtime="20171213 11:45:43.973"></status>
</kw>
<kw name="Wait Until Element Is Not Visible" library="SeleniumLibrary">
<doc>Waits until element ``locator`` is not visible.</doc>
<arguments>
<arg>${NEWSLETTER_POPUP}</arg>
</arguments>
<status status="PASS" starttime="20171213 11:45:43.973" endtime="20171213 11:45:43.984"></status>
</kw>
<status status="PASS" starttime="20171213 11:45:43.273" endtime="20171213 11:45:43.984"></status>
</kw>
<status status="PASS" starttime="20171213 11:45:36.017" endtime="20171213 11:45:43.984"></status>
</kw>
<kw name="Sleep" library="BuiltIn">
<doc>Pauses the test executed for the given time.</doc>
<arguments>
<arg>1</arg>
</arguments>
<msg timestamp="20171213 11:45:44.985" level="INFO">Slept 1 second</msg>
<status status="PASS" starttime="20171213 11:45:43.984" endtime="20171213 11:45:44.986"></status>
</kw>
<kw name="Click sign in link" library="vz_home">
<doc>Clicks the sign in/sign up link on the top banner</doc>
<kw name="Click link or button and wait for other element to be visible" library="page_navigation">
<doc>Keyword that clicks on a specified html element and waits for another html element to become visible.</doc>
<arguments>
<arg>${SIGN_IN_LINK}</arg>
<arg>${SIGN_IN_SUBMIT}</arg>
</arguments>
<kw name="Wait Until Element Is Visible" library="SeleniumLibrary">
<doc>Waits until element ``locator`` is visible.</doc>
<arguments>
<arg>${click_element}</arg>
<arg>10</arg>
</arguments>
<status status="PASS" starttime="20171213 11:45:44.988" endtime="20171213 11:45:45.002"></status>
</kw>
<kw name="Click Element" library="SeleniumLibrary">
<doc>Click element identified by ``locator``.</doc>
<arguments>
<arg>${click_element}</arg>
</arguments>
<msg timestamp="20171213 11:45:45.003" level="INFO">Clicking element 'css:a#myvizio-dynamic-link'.</msg>
<status status="PASS" starttime="20171213 11:45:45.002" endtime="20171213 11:45:47.755"></status>
</kw>
<kw name="Sleep" library="BuiltIn">
<doc>Pauses the test executed for the given time.</doc>
<arguments>
<arg>2</arg>
</arguments>
<msg timestamp="20171213 11:45:49.756" level="INFO">Slept 2 seconds</msg>
<status status="PASS" starttime="20171213 11:45:47.755" endtime="20171213 11:45:49.756"></status>
</kw>
<kw name="Wait Until Element Is Visible" library="SeleniumLibrary">
<doc>Waits until element ``locator`` is visible.</doc>
<arguments>
<arg>${wait_element}</arg>
<arg>10</arg>
</arguments>
<status status="PASS" starttime="20171213 11:45:49.757" endtime="20171213 11:45:49.786"></status>
</kw>
<status status="PASS" starttime="20171213 11:45:44.987" endtime="20171213 11:45:49.786"></status>
</kw>
<status status="PASS" starttime="20171213 11:45:44.986" endtime="20171213 11:45:49.786"></status>
</kw>
<kw name="Sleep" library="BuiltIn">
<doc>Pauses the test executed for the given time.</doc>
<arguments>
<arg>2</arg>
</arguments>
<msg timestamp="20171213 11:45:51.788" level="INFO">Slept 2 seconds</msg>
<status status="PASS" starttime="20171213 11:45:49.786" endtime="20171213 11:45:51.789"></status>
</kw>
<kw name="Input sign in information" library="signin_create">
<doc>Inputs first and last names, email, and password on the create account page. And checks the agree to terms box.</doc>
<arguments>
<arg>${EMAIL}</arg>
<arg>${PASS}</arg>
</arguments>
<kw name="Input Text" library="SeleniumLibrary">
<doc>Types the given ``text`` into text field identified by ``locator``.</doc>
<arguments>
<arg>${SIGN_IN_EMAIL}</arg>
<arg>${email}</arg>
</arguments>
<msg timestamp="20171213 11:45:51.790" level="INFO">Typing text 'vzfando+fan292@gmail.com' into text field 'css:input[id='email']'.</msg>
<status status="PASS" starttime="20171213 11:45:51.790" endtime="20171213 11:45:51.863"></status>
</kw>
<kw name="Input Text" library="SeleniumLibrary">
<doc>Types the given ``text`` into text field identified by ``locator``.</doc>
<arguments>
<arg>${SIGN_IN_PASSWORD}</arg>
<arg>${password}</arg>
</arguments>
<msg timestamp="20171213 11:45:51.863" level="INFO">Typing text '34tesla34' into text field 'css:input[id='pass']'.</msg>
<status status="PASS" starttime="20171213 11:45:51.863" endtime="20171213 11:45:51.896"></status>
</kw>
<status status="PASS" starttime="20171213 11:45:51.789" endtime="20171213 11:45:51.896"></status>
</kw>
<kw name="Sleep" library="BuiltIn">
<doc>Pauses the test executed for the given time.</doc>
<arguments>
<arg>2</arg>
</arguments>
<msg timestamp="20171213 11:45:53.897" level="INFO">Slept 2 seconds</msg>
<status status="PASS" starttime="20171213 11:45:51.896" endtime="20171213 11:45:53.897"></status>
</kw>
<kw name="Execute Manual Step" library="Dialogs">
<doc>Pauses test execution until user sets the keyword status.</doc>
<arguments>
<arg>Do reCaptcha</arg>
</arguments>
<status status="PASS" starttime="20171213 11:45:53.898" endtime="20171213 11:46:09.524"></status>
</kw>
<kw name="Click sign in button" library="signin_create">
<doc>Clicks the sign in button.</doc>
<kw name="Click link or button and wait for other element to be visible" library="page_navigation">
<doc>Keyword that clicks on a specified html element and waits for another html element to become visible.</doc>
<arguments>
<arg>${SIGN_IN_SUBMIT}</arg>
<arg>${LOGGED_IN_LINK}</arg>
</arguments>
<kw name="Wait Until Element Is Visible" library="SeleniumLibrary">
<doc>Waits until element ``locator`` is visible.</doc>
<arguments>
<arg>${click_element}</arg>
<arg>10</arg>
</arguments>
<status status="PASS" starttime="20171213 11:46:09.526" endtime="20171213 11:46:09.545"></status>
</kw>
<kw name="Click Element" library="SeleniumLibrary">
<doc>Click element identified by ``locator``.</doc>
<arguments>
<arg>${click_element}</arg>
</arguments>
<msg timestamp="20171213 11:46:09.546" level="INFO">Clicking element 'css:button[class*='btn-sign-in']'.</msg>
<status status="PASS" starttime="20171213 11:46:09.546" endtime="20171213 11:46:14.804"></status>
</kw>
<kw name="Sleep" library="BuiltIn">
<doc>Pauses the test executed for the given time.</doc>
<arguments>
<arg>2</arg>
</arguments>
<msg timestamp="20171213 11:46:16.804" level="INFO">Slept 2 seconds</msg>
<status status="PASS" starttime="20171213 11:46:14.804" endtime="20171213 11:46:16.805"></status>
</kw>
<kw name="Wait Until Element Is Visible" library="SeleniumLibrary">
<doc>Waits until element ``locator`` is visible.</doc>
<arguments>
<arg>${wait_element}</arg>
<arg>10</arg>
</arguments>
<status status="PASS" starttime="20171213 11:46:16.805" endtime="20171213 11:46:16.819"></status>
</kw>
<status status="PASS" starttime="20171213 11:46:09.525" endtime="20171213 11:46:16.819"></status>
</kw>
<status status="PASS" starttime="20171213 11:46:09.525" endtime="20171213 11:46:16.819"></status>
</kw>
<kw name="Sleep" library="BuiltIn">
<doc>Pauses the test executed for the given time.</doc>
<arguments>
<arg>2</arg>
</arguments>
<msg timestamp="20171213 11:46:18.820" level="INFO">Slept 2 seconds</msg>
<status status="PASS" starttime="20171213 11:46:16.819" endtime="20171213 11:46:18.820"></status>
</kw>
<kw name="Verify logged in link with username exists" library="assertions">
<doc>Verifies that the given user name appears in the 'Hello, Username' link.</doc>
<arguments>
<arg>${FIRST}</arg>
</arguments>
<kw name="Element Should Be Visible" library="SeleniumLibrary">
<doc>Verifies that the element identified by ``locator`` is visible.</doc>
<arguments>
<arg>xpath://span[@class='utility-nav__signin-text' and contains(text(),'${name}')]</arg>
</arguments>
<msg timestamp="20171213 11:46:18.834" level="INFO">Element 'xpath://span[@class='utility-nav__signin-text' and contains(text(),'Monty')]' is displayed.</msg>
<status status="PASS" starttime="20171213 11:46:18.821" endtime="20171213 11:46:18.834"></status>
</kw>
<status status="PASS" starttime="20171213 11:46:18.820" endtime="20171213 11:46:18.834"></status>
</kw>
<kw name="Close Browser" library="SeleniumLibrary" type="teardown">
<doc>Closes the current browser.</doc>
<status status="PASS" starttime="20171213 11:46:18.835" endtime="20171213 11:46:19.008"></status>
</kw>
<tags>
<tag>fn-smoke</tag>
</tags>
<status status="PASS" starttime="20171213 11:45:36.016" endtime="20171213 11:46:19.008" critical="yes"></status>
</test>
<doc>Functional test that creates a new Vizio account.</doc>
<status status="PASS" starttime="20171213 11:44:57.464" endtime="20171213 11:46:19.009"></status>
</suite>
<suite id="s1-s2" name="Search Test" source="/Users/envoy/Virtualenvs/py3-robotframework/vizio-qa-web/tests/pages/home/functional/search_test.robot">
<kw name="Open homepage to default viewport size" library="vz_home" type="setup">
<doc>Opens the browser to a predefined laptop size.</doc>
<arguments>
<arg>${URL}</arg>
</arguments>
<kw name="Open Browser" library="SeleniumLibrary">
<doc>Opens a new browser instance to the given ``url``.</doc>
<arguments>
<arg>${url}</arg>
<arg>${BROWSER}</arg>
<arg>remote_url=${REMOTE_URL}</arg>
</arguments>
<msg timestamp="20171213 11:46:19.034" level="INFO">Opening browser 'firefox' to base url 'https://varnish.viziostaging.com'.</msg>
<status status="PASS" starttime="20171213 11:46:19.034" endtime="20171213 11:46:26.372"></status>
</kw>
<kw name="Close email newsletter popup" library="vz_home">
<doc>Clicks the email newsletter sign up popop.</doc>
<kw name="Wait Until Element Is Visible" library="SeleniumLibrary">
<doc>Waits until element ``locator`` is visible.</doc>
<arguments>
<arg>${NEWSLETTER_CLOSE}</arg>
</arguments>
<status status="PASS" starttime="20171213 11:46:26.374" endtime="20171213 11:46:26.414"></status>
</kw>
<kw name="Click Element" library="SeleniumLibrary">
<doc>Click element identified by ``locator``.</doc>
<arguments>
<arg>${NEWSLETTER_CLOSE}</arg>
</arguments>
<msg timestamp="20171213 11:46:26.415" level="INFO">Clicking element 'css:a.modal-close.newsletter-popup'.</msg>
<status status="PASS" starttime="20171213 11:46:26.414" endtime="20171213 11:46:26.673"></status>
</kw>
<kw name="Wait Until Element Is Not Visible" library="SeleniumLibrary">
<doc>Waits until element ``locator`` is not visible.</doc>
<arguments>
<arg>${NEWSLETTER_CLOSE}</arg>
</arguments>
<status status="PASS" starttime="20171213 11:46:26.673" endtime="20171213 11:46:27.109"></status>
</kw>
<kw name="Wait Until Element Is Not Visible" library="SeleniumLibrary">
<doc>Waits until element ``locator`` is not visible.</doc>
<arguments>
<arg>${NEWSLETTER_POPUP}</arg>
</arguments>
<status status="PASS" starttime="20171213 11:46:27.109" endtime="20171213 11:46:27.117"></status>
</kw>
<status status="PASS" starttime="20171213 11:46:26.373" endtime="20171213 11:46:27.117"></status>
</kw>
<status status="PASS" starttime="20171213 11:46:19.033" endtime="20171213 11:46:27.117"></status>
</kw>
<test id="s1-s2-t1" name="Valid Search with Results">
<kw name="Sleep" library="BuiltIn">
<doc>Pauses the test executed for the given time.</doc>
<arguments>
<arg>2</arg>
</arguments>
<msg timestamp="20171213 11:46:29.119" level="INFO">Slept 2 seconds</msg>
<status status="PASS" starttime="20171213 11:46:27.118" endtime="20171213 11:46:29.119"></status>
</kw>
<kw name="Click search icon" library="search">
<doc>Clicks the seach icon to search for a product.</doc>
<kw name="Click Element" library="SeleniumLibrary">
<doc>Click element identified by ``locator``.</doc>
<arguments>
<arg>${SEARCH_ICON}</arg>
</arguments>
<msg timestamp="20171213 11:46:29.120" level="INFO">Clicking element 'css:div.site-navigation__search-icon'.</msg>
<status status="PASS" starttime="20171213 11:46:29.120" endtime="20171213 11:46:29.364"></status>
</kw>
<kw name="Wait Until Element Is Visible" library="SeleniumLibrary">
<doc>Waits until element ``locator`` is visible.</doc>
<arguments>
<arg>${SEARCH_INPUT}</arg>
</arguments>
<status status="PASS" starttime="20171213 11:46:29.364" endtime="20171213 11:46:29.382"></status>
</kw>
<kw name="Sleep" library="BuiltIn">
<doc>Pauses the test executed for the given time.</doc>
<arguments>
<arg>2</arg>
</arguments>
<msg timestamp="20171213 11:46:31.383" level="INFO">Slept 2 seconds</msg>
<status status="PASS" starttime="20171213 11:46:29.382" endtime="20171213 11:46:31.383"></status>
</kw>
<status status="PASS" starttime="20171213 11:46:29.120" endtime="20171213 11:46:31.383"></status>
</kw>
<kw name="Sleep" library="BuiltIn">
<doc>Pauses the test executed for the given time.</doc>
<arguments>
<arg>2</arg>
</arguments>
<msg timestamp="20171213 11:46:33.384" level="INFO">Slept 2 seconds</msg>
<status status="PASS" starttime="20171213 11:46:31.383" endtime="20171213 11:46:33.384"></status>
</kw>
<kw name="Input search term in textbox" library="search">
<doc>Types ${search_text} into the global search textbox.</doc>
<arguments>
<arg>${VALID_SEARCH_1}</arg>
</arguments>
<kw name="Input Text" library="SeleniumLibrary">
<doc>Types the given ``text`` into text field identified by ``locator``.</doc>
<arguments>
<arg>${SEARCH_INPUT}</arg>
<arg>${search_text}</arg>
</arguments>
<msg timestamp="20171213 11:46:33.389" level="INFO">Typing text 'pseries' into text field 'css:input#global-search-input'.</msg>
<status status="PASS" starttime="20171213 11:46:33.388" endtime="20171213 11:46:33.427"></status>
</kw>
<kw name="Sleep" library="BuiltIn">
<doc>Pauses the test executed for the given time.</doc>
<arguments>
<arg>2</arg>
</arguments>
<msg timestamp="20171213 11:46:35.428" level="INFO">Slept 2 seconds</msg>
<status status="PASS" starttime="20171213 11:46:33.428" endtime="20171213 11:46:35.428"></status>
</kw>
<status status="PASS" starttime="20171213 11:46:33.388" endtime="20171213 11:46:35.429"></status>
</kw>
<kw name="Sleep" library="BuiltIn">
<doc>Pauses the test executed for the given time.</doc>
<arguments>
<arg>3</arg>
</arguments>
<msg timestamp="20171213 11:46:38.430" level="INFO">Slept 3 seconds</msg>
<status status="PASS" starttime="20171213 11:46:35.429" endtime="20171213 11:46:38.431"></status>
</kw>
<kw name="Wait Until Element Is Visible" library="SeleniumLibrary">
<doc>Waits until element ``locator`` is visible.</doc>
<arguments>
<arg>${SEARCH_RESULT_CONTAINER_PRODUCT}</arg>
<arg>10</arg>
</arguments>
<status status="PASS" starttime="20171213 11:46:38.431" endtime="20171213 11:46:38.449"></status>
</kw>
<kw name="Input search term in textbox" library="search">
<doc>Types ${search_text} into the global search textbox.</doc>
<arguments>
<arg>${VALID_SEARCH_2}</arg>
</arguments>
<kw name="Input Text" library="SeleniumLibrary">
<doc>Types the given ``text`` into text field identified by ``locator``.</doc>
<arguments>
<arg>${SEARCH_INPUT}</arg>
<arg>${search_text}</arg>
</arguments>
<msg timestamp="20171213 11:46:38.466" level="INFO">Typing text 'RS120-B3' into text field 'css:input#global-search-input'.</msg>
<status status="PASS" starttime="20171213 11:46:38.466" endtime="20171213 11:46:38.501"></status>
</kw>
<kw name="Sleep" library="BuiltIn">
<doc>Pauses the test executed for the given time.</doc>
<arguments>
<arg>2</arg>
</arguments>
<msg timestamp="20171213 11:46:40.502" level="INFO">Slept 2 seconds</msg>
<status status="PASS" starttime="20171213 11:46:38.502" endtime="20171213 11:46:40.502"></status>
</kw>
<status status="PASS" starttime="20171213 11:46:38.465" endtime="20171213 11:46:40.503"></status>
</kw>
<kw name="Sleep" library="BuiltIn">
<doc>Pauses the test executed for the given time.</doc>
<arguments>
<arg>3</arg>
</arguments>
<msg timestamp="20171213 11:46:43.504" level="INFO">Slept 3 seconds</msg>
<status status="PASS" starttime="20171213 11:46:40.503" endtime="20171213 11:46:43.504"></status>
</kw>
<kw name="Wait Until Element Is Visible" library="SeleniumLibrary">
<doc>Waits until element ``locator`` is visible.</doc>
<arguments>
<arg>${SEARCH_RESULT_CONTAINER_PRODUCT}</arg>
<arg>10</arg>
</arguments>
<status status="PASS" starttime="20171213 11:46:43.504" endtime="20171213 11:46:43.518"></status>
</kw>
<tags>
<tag>fn-smoke</tag>
</tags>
<status status="PASS" starttime="20171213 11:46:27.117" endtime="20171213 11:46:43.518" critical="yes"></status>
</test>
<test id="s1-s2-t2" name="Invalid Search with No Results">
<kw name="Reload Page" library="SeleniumLibrary" type="setup">
<doc>Simulates user reloading page.</doc>
<status status="PASS" starttime="20171213 11:46:43.519" endtime="20171213 11:46:46.814"></status>
</kw>
<kw name="Sleep" library="BuiltIn">
<doc>Pauses the test executed for the given time.</doc>
<arguments>
<arg>2</arg>
</arguments>
<msg timestamp="20171213 11:46:48.815" level="INFO">Slept 2 seconds</msg>
<status status="PASS" starttime="20171213 11:46:46.815" endtime="20171213 11:46:48.815"></status>
</kw>
<kw name="Click search icon" library="search">
<doc>Clicks the seach icon to search for a product.</doc>
<kw name="Click Element" library="SeleniumLibrary">
<doc>Click element identified by ``locator``.</doc>
<arguments>
<arg>${SEARCH_ICON}</arg>
</arguments>
<msg timestamp="20171213 11:46:48.816" level="INFO">Clicking element 'css:div.site-navigation__search-icon'.</msg>
<status status="PASS" starttime="20171213 11:46:48.816" endtime="20171213 11:46:49.055"></status>
</kw>
<kw name="Wait Until Element Is Visible" library="SeleniumLibrary">
<doc>Waits until element ``locator`` is visible.</doc>
<arguments>
<arg>${SEARCH_INPUT}</arg>
</arguments>
<status status="PASS" starttime="20171213 11:46:49.055" endtime="20171213 11:46:49.068"></status>
</kw>
<kw name="Sleep" library="BuiltIn">
<doc>Pauses the test executed for the given time.</doc>
<arguments>
<arg>2</arg>
</arguments>
<msg timestamp="20171213 11:46:51.069" level="INFO">Slept 2 seconds</msg>
<status status="PASS" starttime="20171213 11:46:49.068" endtime="20171213 11:46:51.069"></status>
</kw>
<status status="PASS" starttime="20171213 11:46:48.816" endtime="20171213 11:46:51.070"></status>
</kw>
<kw name="Sleep" library="BuiltIn">
<doc>Pauses the test executed for the given time.</doc>
<arguments>
<arg>2</arg>
</arguments>
<msg timestamp="20171213 11:46:53.071" level="INFO">Slept 2 seconds</msg>
<status status="PASS" starttime="20171213 11:46:51.070" endtime="20171213 11:46:53.072"></status>
</kw>
<kw name="Input search term in textbox" library="search">
<doc>Types ${search_text} into the global search textbox.</doc>
<arguments>
<arg>${INVALID_SEARCH}</arg>
</arguments>
<kw name="Input Text" library="SeleniumLibrary">
<doc>Types the given ``text`` into text field identified by ``locator``.</doc>
<arguments>
<arg>${SEARCH_INPUT}</arg>
<arg>${search_text}</arg>
</arguments>
<msg timestamp="20171213 11:46:53.076" level="INFO">Typing text '!@#%dlkjdf23432' into text field 'css:input#global-search-input'.</msg>
<status status="PASS" starttime="20171213 11:46:53.076" endtime="20171213 11:46:53.134"></status>
</kw>
<kw name="Sleep" library="BuiltIn">
<doc>Pauses the test executed for the given time.</doc>
<arguments>
<arg>2</arg>
</arguments>
<msg timestamp="20171213 11:46:55.135" level="INFO">Slept 2 seconds</msg>
<status status="PASS" starttime="20171213 11:46:53.134" endtime="20171213 11:46:55.135"></status>
</kw>
<status status="PASS" starttime="20171213 11:46:53.075" endtime="20171213 11:46:55.135"></status>
</kw>
<kw name="Sleep" library="BuiltIn">
<doc>Pauses the test executed for the given time.</doc>
<arguments>
<arg>3</arg>
</arguments>
<msg timestamp="20171213 11:46:58.137" level="INFO">Slept 3 seconds</msg>
<status status="PASS" starttime="20171213 11:46:55.135" endtime="20171213 11:46:58.137"></status>
</kw>
<kw name="Element Should Not Be Visible" library="SeleniumLibrary">
<doc>Verifies that the element identified by ``locator`` is NOT visible.</doc>
<arguments>
<arg>${SEARCH_RESULT_CONTAINER_PRODUCT}</arg>
<arg>10</arg>
</arguments>
<msg timestamp="20171213 11:46:58.148" level="INFO">Element 'css:div#search-products-list div.contents div.product' exists but is not displayed.</msg>
<status status="PASS" starttime="20171213 11:46:58.138" endtime="20171213 11:46:58.148"></status>
</kw>
<tags>
<tag>fn-smoke</tag>
</tags>
<status status="PASS" starttime="20171213 11:46:43.519" endtime="20171213 11:46:58.148" critical="yes"></status>
</test>
<kw name="Close Browser" library="SeleniumLibrary" type="teardown">
<doc>Closes the current browser.</doc>
<status status="PASS" starttime="20171213 11:46:58.149" endtime="20171213 11:46:58.320"></status>
</kw>
<doc>Basic search test with valid search term that expects a non-empty result set
and invalid input that should not return any results.</doc>
<status status="PASS" starttime="20171213 11:46:19.012" endtime="20171213 11:46:58.320"></status>
</suite>
<suite id="s1-s3" name="Accessibility Enter Keypress Main Nav" source="/Users/envoy/Virtualenvs/py3-robotframework/vizio-qa-web/tests/pages/products/general_products/functional/accessibility_enter_keypress_main_nav.robot">
<kw name="Open browser and initiate first tab key press" type="setup">
<kw name="Open homepage to default viewport size" library="vz_home">
<doc>Opens the browser to a predefined laptop size.</doc>
<arguments>
<arg>${URL}</arg>
</arguments>
<kw name="Open Browser" library="SeleniumLibrary">
<doc>Opens a new browser instance to the given ``url``.</doc>
<arguments>
<arg>${url}</arg>
<arg>${BROWSER}</arg>
<arg>remote_url=${REMOTE_URL}</arg>
</arguments>
<msg timestamp="20171213 11:46:58.345" level="INFO">Opening browser 'gc' to base url 'https://varnish.viziostaging.com'.</msg>
<status status="PASS" starttime="20171213 11:46:58.345" endtime="20171213 11:47:03.604"></status>
</kw>
<kw name="Close email newsletter popup" library="vz_home">
<doc>Clicks the email newsletter sign up popop.</doc>
<kw name="Wait Until Element Is Visible" library="SeleniumLibrary">
<doc>Waits until element ``locator`` is visible.</doc>
<arguments>
<arg>${NEWSLETTER_CLOSE}</arg>
</arguments>
<status status="PASS" starttime="20171213 11:47:03.606" endtime="20171213 11:47:03.629"></status>
</kw>
<kw name="Click Element" library="SeleniumLibrary">
<doc>Click element identified by ``locator``.</doc>
<arguments>
<arg>${NEWSLETTER_CLOSE}</arg>
</arguments>
<msg timestamp="20171213 11:47:03.629" level="INFO">Clicking element 'css:a.modal-close.newsletter-popup'.</msg>
<status status="PASS" starttime="20171213 11:47:03.629" endtime="20171213 11:47:03.682"></status>
</kw>
<kw name="Wait Until Element Is Not Visible" library="SeleniumLibrary">
<doc>Waits until element ``locator`` is not visible.</doc>
<arguments>
<arg>${NEWSLETTER_CLOSE}</arg>
</arguments>
<status status="PASS" starttime="20171213 11:47:03.683" endtime="20171213 11:47:04.128"></status>
</kw>
<kw name="Wait Until Element Is Not Visible" library="SeleniumLibrary">
<doc>Waits until element ``locator`` is not visible.</doc>
<arguments>
<arg>${NEWSLETTER_POPUP}</arg>
</arguments>
<status status="PASS" starttime="20171213 11:47:04.128" endtime="20171213 11:47:04.149"></status>
</kw>
<status status="PASS" starttime="20171213 11:47:03.605" endtime="20171213 11:47:04.149"></status>
</kw>
<status status="PASS" starttime="20171213 11:46:58.344" endtime="20171213 11:47:04.149"></status>
</kw>
<kw name="Wait Until Element Is Visible" library="SeleniumLibrary">
<doc>Waits until element ``locator`` is visible.</doc>
<arguments>
<arg>${UTILITY_NAV}</arg>
</arguments>
<status status="PASS" starttime="20171213 11:47:04.149" endtime="20171213 11:47:04.171"></status>
</kw>
<kw name="Sleep" library="BuiltIn">
<doc>Pauses the test executed for the given time.</doc>
<arguments>
<arg>3</arg>
</arguments>
<msg timestamp="20171213 11:47:07.172" level="INFO">Slept 3 seconds</msg>
<status status="PASS" starttime="20171213 11:47:04.172" endtime="20171213 11:47:07.172"></status>
</kw>
<kw name="Press Tab Key Without Locator" library="UtilityExtLib">
<doc>Clicks the tab key with no locator</doc>
<status status="PASS" starttime="20171213 11:47:07.173" endtime="20171213 11:47:07.210"></status>
</kw>
<status status="PASS" starttime="20171213 11:46:58.344" endtime="20171213 11:47:07.210"></status>
</kw>
<test id="s1-s3-t1" name="Verify Accessibility Enter Key Press on Vizio logo">
<kw name="Set Focus To Element" library="SeleniumLibrary">
<doc>Sets focus to element identified by ``locator``.</doc>
<arguments>
<arg>${VIZIO_LOGO}</arg>
</arguments>
<status status="PASS" starttime="20171213 11:47:07.211" endtime="20171213 11:47:07.229"></status>
</kw>
<kw name="Press Enter Key Without Locator" library="UtilityExtLib">
<doc>Clicks the tab key with no locator</doc>
<status status="PASS" starttime="20171213 11:47:07.229" endtime="20171213 11:47:08.963"></status>
</kw>
<kw name="Wait Until Page Contains Element" library="SeleniumLibrary">
<doc>Waits until element ``locator`` appears on current page.</doc>
<arguments>
<arg>${BODY_INDEX}</arg>
</arguments>
<status status="PASS" starttime="20171213 11:47:08.963" endtime="20171213 11:47:08.974"></status>
</kw>
<kw name="Verify current browser window url" library="assertions">
<doc>Verifies that the currently active browser windows URL matches the ${expected_url}.</doc>
<arguments>
<arg>${URL_INDEX}</arg>
</arguments>
<kw name="Get Location" library="SeleniumLibrary">
<doc>Returns the current browser URL.</doc>
<assign>
<var>${curr_win}</var>
</assign>
<msg timestamp="20171213 11:47:08.980" level="INFO">${curr_win} = https://varnish.viziostaging.com/index</msg>
<status status="PASS" starttime="20171213 11:47:08.977" endtime="20171213 11:47:08.981"></status>
</kw>
<kw name="Should Be Equal" library="BuiltIn">
<doc>Fails if the given objects are unequal.</doc>
<arguments>
<arg>${curr_win}</arg>
<arg>${expected_url}</arg>
</arguments>
<status status="PASS" starttime="20171213 11:47:08.981" endtime="20171213 11:47:08.981"></status>
</kw>
<status status="PASS" starttime="20171213 11:47:08.976" endtime="20171213 11:47:08.981"></status>
</kw>
<kw name="Go To" library="SeleniumLibrary" type="teardown">
<doc>Navigates the active browser instance to the provided ``url``.</doc>
<arguments>
<arg>${URL}</arg>
</arguments>
<msg timestamp="20171213 11:47:08.982" level="INFO">Opening url 'https://varnish.viziostaging.com'</msg>
<status status="PASS" starttime="20171213 11:47:08.981" endtime="20171213 11:47:10.528"></status>
</kw>
<tags>
<tag>accessibility</tag>
<tag>fn-smoke</tag>
</tags>
<status status="PASS" starttime="20171213 11:47:07.210" endtime="20171213 11:47:10.528" critical="yes"></status>
</test>
<kw name="Close Browser" library="SeleniumLibrary" type="teardown">
<doc>Closes the current browser.</doc>
<status status="PASS" starttime="20171213 11:47:10.529" endtime="20171213 11:47:10.604"></status>
</kw>
<doc>Verify the accessibility enter keypress for the main navigation elements on vizio.com.</doc>
<status status="PASS" starttime="20171213 11:46:58.323" endtime="20171213 11:47:10.604"></status>
</suite>
<suite id="s1-s4" name="Accessibility Enter Keypress Util Nav" source="/Users/envoy/Virtualenvs/py3-robotframework/vizio-qa-web/tests/pages/products/general_products/functional/accessibility_enter_keypress_util_nav.robot">
<kw name="Open browser and initiate first tab key press" type="setup">
<kw name="Open homepage to default viewport size" library="vz_home">
<doc>Opens the browser to a predefined laptop size.</doc>
<arguments>
<arg>${URL}</arg>
</arguments>
<kw name="Open Browser" library="SeleniumLibrary">
<doc>Opens a new browser instance to the given ``url``.</doc>
<arguments>
<arg>${url}</arg>
<arg>${BROWSER}</arg>
<arg>remote_url=${REMOTE_URL}</arg>
</arguments>
<msg timestamp="20171213 11:47:10.626" level="INFO">Opening browser 'gc' to base url 'https://varnish.viziostaging.com'.</msg>
<status status="PASS" starttime="20171213 11:47:10.625" endtime="20171213 11:47:16.185"></status>
</kw>
<kw name="Close email newsletter popup" library="vz_home">
<doc>Clicks the email newsletter sign up popop.</doc>
<kw name="Wait Until Element Is Visible" library="SeleniumLibrary">
<doc>Waits until element ``locator`` is visible.</doc>
<arguments>
<arg>${NEWSLETTER_CLOSE}</arg>
</arguments>
<status status="PASS" starttime="20171213 11:47:16.186" endtime="20171213 11:47:16.216"></status>
</kw>
<kw name="Click Element" library="SeleniumLibrary">
<doc>Click element identified by ``locator``.</doc>
<arguments>
<arg>${NEWSLETTER_CLOSE}</arg>
</arguments>
<msg timestamp="20171213 11:47:16.216" level="INFO">Clicking element 'css:a.modal-close.newsletter-popup'.</msg>
<status status="PASS" starttime="20171213 11:47:16.216" endtime="20171213 11:47:16.277"></status>
</kw>
<kw name="Wait Until Element Is Not Visible" library="SeleniumLibrary">
<doc>Waits until element ``locator`` is not visible.</doc>
<arguments>
<arg>${NEWSLETTER_CLOSE}</arg>
</arguments>
<status status="PASS" starttime="20171213 11:47:16.277" endtime="20171213 11:47:16.727"></status>
</kw>
<kw name="Wait Until Element Is Not Visible" library="SeleniumLibrary">
<doc>Waits until element ``locator`` is not visible.</doc>
<arguments>
<arg>${NEWSLETTER_POPUP}</arg>
</arguments>
<status status="PASS" starttime="20171213 11:47:16.728" endtime="20171213 11:47:16.753"></status>
</kw>
<status status="PASS" starttime="20171213 11:47:16.186" endtime="20171213 11:47:16.753"></status>
</kw>
<status status="PASS" starttime="20171213 11:47:10.625" endtime="20171213 11:47:16.753"></status>
</kw>
<kw name="Wait Until Element Is Visible" library="SeleniumLibrary">
<doc>Waits until element ``locator`` is visible.</doc>
<arguments>
<arg>${UTILITY_NAV}</arg>
</arguments>
<status status="PASS" starttime="20171213 11:47:16.753" endtime="20171213 11:47:16.778"></status>
</kw>
<kw name="Sleep" library="BuiltIn">
<doc>Pauses the test executed for the given time.</doc>
<arguments>
<arg>3</arg>
</arguments>
<msg timestamp="20171213 11:47:19.779" level="INFO">Slept 3 seconds</msg>
<status status="PASS" starttime="20171213 11:47:16.778" endtime="20171213 11:47:19.779"></status>
</kw>
<kw name="Press Tab Key Without Locator" library="UtilityExtLib">
<doc>Clicks the tab key with no locator</doc>
<status status="PASS" starttime="20171213 11:47:19.780" endtime="20171213 11:47:19.822"></status>
</kw>
<status status="PASS" starttime="20171213 11:47:10.625" endtime="20171213 11:47:19.822"></status>
</kw>
<test id="s1-s4-t1" name="Verify Accessibility Enter Key Press on Support Link">
<kw name="Press tab key and verify focused element" library="assertions">
<arguments>
<arg>${UTIL_NAV_SUPPORT_LINK}</arg>
</arguments>
<kw name="Press Tab Key Without Locator" library="UtilityExtLib">
<doc>Clicks the tab key with no locator</doc>
<status status="PASS" starttime="20171213 11:47:19.824" endtime="20171213 11:47:19.831"></status>
</kw>
<kw name="Sleep" library="BuiltIn">
<doc>Pauses the test executed for the given time.</doc>
<arguments>
<arg>1</arg>
</arguments>
<msg timestamp="20171213 11:47:20.832" level="INFO">Slept 1 second</msg>
<status status="PASS" starttime="20171213 11:47:19.832" endtime="20171213 11:47:20.832"></status>
</kw>
<kw name="Element Should Be Focused" library="SeleniumLibrary">
<doc>Verifies that element identified with ``locator`` is focused.</doc>
<arguments>
<arg>${active_element}</arg>
</arguments>
<status status="PASS" starttime="20171213 11:47:20.833" endtime="20171213 11:47:20.850"></status>
</kw>
<kw name="Sleep" library="BuiltIn">
<doc>Pauses the test executed for the given time.</doc>
<arguments>
<arg>1</arg>
</arguments>
<msg timestamp="20171213 11:47:21.851" level="INFO">Slept 1 second</msg>
<status status="PASS" starttime="20171213 11:47:20.851" endtime="20171213 11:47:21.851"></status>
</kw>
<status status="PASS" starttime="20171213 11:47:19.823" endtime="20171213 11:47:21.852"></status>
</kw>
<kw name="Press Enter Key Without Locator" library="UtilityExtLib">
<doc>Clicks the tab key with no locator</doc>
<status status="PASS" starttime="20171213 11:47:21.852" endtime="20171213 11:47:24.429"></status>
</kw>
<kw name="Wait Until Page Contains" library="SeleniumLibrary">
<doc>Waits until ``text`` appears on current page.</doc>
<arguments>
<arg>${SUPPORT_WAIT}</arg>
</arguments>
<status status="PASS" starttime="20171213 11:47:24.430" endtime="20171213 11:47:24.446"></status>
</kw>
<kw name="Verify current browser window url" library="assertions">
<doc>Verifies that the currently active browser windows URL matches the ${expected_url}.</doc>
<arguments>
<arg>${SUPPORT_URL}</arg>
</arguments>
<kw name="Get Location" library="SeleniumLibrary">
<doc>Returns the current browser URL.</doc>
<assign>
<var>${curr_win}</var>
</assign>
<msg timestamp="20171213 11:47:24.454" level="INFO">${curr_win} = https://support.vizio.com/s/?language=en_US</msg>
<status status="PASS" starttime="20171213 11:47:24.449" endtime="20171213 11:47:24.454"></status>
</kw>
<kw name="Should Be Equal" library="BuiltIn">
<doc>Fails if the given objects are unequal.</doc>
<arguments>
<arg>${curr_win}</arg>
<arg>${expected_url}</arg>
</arguments>
<status status="PASS" starttime="20171213 11:47:24.454" endtime="20171213 11:47:24.455"></status>
</kw>
<status status="PASS" starttime="20171213 11:47:24.449" endtime="20171213 11:47:24.455"></status>
</kw>
<kw name="Test Teardown for Failure" type="teardown">
<kw name="Run Keyword If Test Failed" library="BuiltIn">
<doc>Runs the given keyword with the given arguments, if the test failed.</doc>
<arguments>
<arg>Log active element className</arg>
</arguments>
<status status="PASS" starttime="20171213 11:47:24.456" endtime="20171213 11:47:24.456"></status>
</kw>
<kw name="Go To" library="SeleniumLibrary">
<doc>Navigates the active browser instance to the provided ``url``.</doc>
<arguments>
<arg>${URL}</arg>
</arguments>
<msg timestamp="20171213 11:47:24.456" level="INFO">Opening url 'https://varnish.viziostaging.com'</msg>
<status status="PASS" starttime="20171213 11:47:24.456" endtime="20171213 11:47:26.063"></status>
</kw>
<status status="PASS" starttime="20171213 11:47:24.455" endtime="20171213 11:47:26.063"></status>
</kw>
<tags>
<tag>accessibility</tag>
<tag>fn-smoke</tag>
<tag>test</tag>
</tags>
<status status="PASS" starttime="20171213 11:47:19.822" endtime="20171213 11:47:26.063" critical="yes"></status>
</test>
<test id="s1-s4-t2" name="Verify Accessibility Enter Key Press on Sign Up Link">
<kw name="Press tab key and verify focused element" library="assertions">
<arguments>
<arg>${UTIL_NAV_SUPPORT_LINK}</arg>
</arguments>
<kw name="Press Tab Key Without Locator" library="UtilityExtLib">
<doc>Clicks the tab key with no locator</doc>
<status status="PASS" starttime="20171213 11:47:26.065" endtime="20171213 11:47:26.074"></status>
</kw>
<kw name="Sleep" library="BuiltIn">
<doc>Pauses the test executed for the given time.</doc>
<arguments>
<arg>1</arg>
</arguments>
<msg timestamp="20171213 11:47:27.075" level="INFO">Slept 1 second</msg>
<status status="PASS" starttime="20171213 11:47:26.074" endtime="20171213 11:47:27.076"></status>
</kw>
<kw name="Element Should Be Focused" library="SeleniumLibrary">
<doc>Verifies that element identified with ``locator`` is focused.</doc>
<arguments>
<arg>${active_element}</arg>
</arguments>
<status status="PASS" starttime="20171213 11:47:27.076" endtime="20171213 11:47:27.095"></status>
</kw>
<kw name="Sleep" library="BuiltIn">
<doc>Pauses the test executed for the given time.</doc>
<arguments>
<arg>1</arg>
</arguments>
<msg timestamp="20171213 11:47:28.097" level="INFO">Slept 1 second</msg>
<status status="PASS" starttime="20171213 11:47:27.095" endtime="20171213 11:47:28.097"></status>
</kw>
<status status="PASS" starttime="20171213 11:47:26.064" endtime="20171213 11:47:28.098"></status>
</kw>
<kw name="Press tab key and verify focused element" library="assertions">
<arguments>
<arg>${UTIL_NAV_SIGNUP_LINK}</arg>
</arguments>
<kw name="Press Tab Key Without Locator" library="UtilityExtLib">
<doc>Clicks the tab key with no locator</doc>
<status status="PASS" starttime="20171213 11:47:28.099" endtime="20171213 11:47:28.109"></status>
</kw>
<kw name="Sleep" library="BuiltIn">
<doc>Pauses the test executed for the given time.</doc>
<arguments>
<arg>1</arg>
</arguments>
<msg timestamp="20171213 11:47:29.110" level="INFO">Slept 1 second</msg>
<status status="PASS" starttime="20171213 11:47:28.109" endtime="20171213 11:47:29.110"></status>
</kw>
<kw name="Element Should Be Focused" library="SeleniumLibrary">
<doc>Verifies that element identified with ``locator`` is focused.</doc>
<arguments>
<arg>${active_element}</arg>
</arguments>
<status status="PASS" starttime="20171213 11:47:29.111" endtime="20171213 11:47:29.128"></status>
</kw>
<kw name="Sleep" library="BuiltIn">
<doc>Pauses the test executed for the given time.</doc>
<arguments>
<arg>1</arg>
</arguments>
<msg timestamp="20171213 11:47:30.130" level="INFO">Slept 1 second</msg>
<status status="PASS" starttime="20171213 11:47:29.129" endtime="20171213 11:47:30.130"></status>
</kw>
<status status="PASS" starttime="20171213 11:47:28.098" endtime="20171213 11:47:30.130"></status>
</kw>
<kw name="Press Enter Key Without Locator" library="UtilityExtLib">
<doc>Clicks the tab key with no locator</doc>
<status status="PASS" starttime="20171213 11:47:30.131" endtime="20171213 11:47:31.036"></status>
</kw>
<kw name="Wait Until Page Contains" library="SeleniumLibrary">
<doc>Waits until ``text`` appears on current page.</doc>
<arguments>
<arg>${FANDO_WAIT}</arg>
</arguments>
<status status="PASS" starttime="20171213 11:47:31.036" endtime="20171213 11:47:31.053"></status>
</kw>
<kw name="Verify current browser window url" library="assertions">
<doc>Verifies that the currently active browser windows URL matches the ${expected_url}.</doc>
<arguments>
<arg>${FANDO_URL}</arg>
</arguments>
<kw name="Get Location" library="SeleniumLibrary">
<doc>Returns the current browser URL.</doc>
<assign>
<var>${curr_win}</var>
</assign>
<msg timestamp="20171213 11:47:31.062" level="INFO">${curr_win} = https://fandemonium.vizio.com/</msg>
<status status="PASS" starttime="20171213 11:47:31.057" endtime="20171213 11:47:31.062"></status>
</kw>
<kw name="Should Be Equal" library="BuiltIn">
<doc>Fails if the given objects are unequal.</doc>
<arguments>
<arg>${curr_win}</arg>
<arg>${expected_url}</arg>
</arguments>
<status status="PASS" starttime="20171213 11:47:31.062" endtime="20171213 11:47:31.062"></status>
</kw>
<status status="PASS" starttime="20171213 11:47:31.056" endtime="20171213 11:47:31.062"></status>
</kw>
<kw name="Test Teardown for Failure" type="teardown">
<kw name="Run Keyword If Test Failed" library="BuiltIn">
<doc>Runs the given keyword with the given arguments, if the test failed.</doc>
<arguments>
<arg>Log active element className</arg>
</arguments>
<status status="PASS" starttime="20171213 11:47:31.063" endtime="20171213 11:47:31.063"></status>
</kw>
<kw name="Go To" library="SeleniumLibrary">
<doc>Navigates the active browser instance to the provided ``url``.</doc>
<arguments>
<arg>${URL}</arg>
</arguments>
<msg timestamp="20171213 11:47:31.064" level="INFO">Opening url 'https://varnish.viziostaging.com'</msg>
<status status="PASS" starttime="20171213 11:47:31.064" endtime="20171213 11:47:33.118"></status>
</kw>
<status status="PASS" starttime="20171213 11:47:31.063" endtime="20171213 11:47:33.119"></status>
</kw>
<tags>
<tag>accessibility</tag>
<tag>fn-smoke</tag>
<tag>test</tag>
</tags>
<status status="PASS" starttime="20171213 11:47:26.064" endtime="20171213 11:47:33.119" critical="yes"></status>
</test>
<test id="s1-s4-t3" name="Verify Accessibility Enter Key Press on Sign In Link">
<kw name="Press tab key and verify focused element" library="assertions">
<arguments>
<arg>${UTIL_NAV_SUPPORT_LINK}</arg>
</arguments>
<kw name="Press Tab Key Without Locator" library="UtilityExtLib">
<doc>Clicks the tab key with no locator</doc>
<status status="PASS" starttime="20171213 11:47:33.120" endtime="20171213 11:47:33.130"></status>
</kw>
<kw name="Sleep" library="BuiltIn">
<doc>Pauses the test executed for the given time.</doc>
<arguments>
<arg>1</arg>
</arguments>
<msg timestamp="20171213 11:47:34.131" level="INFO">Slept 1 second</msg>
<status status="PASS" starttime="20171213 11:47:33.131" endtime="20171213 11:47:34.131"></status>
</kw>
<kw name="Element Should Be Focused" library="SeleniumLibrary">
<doc>Verifies that element identified with ``locator`` is focused.</doc>
<arguments>
<arg>${active_element}</arg>
</arguments>
<status status="PASS" starttime="20171213 11:47:34.132" endtime="20171213 11:47:34.150"></status>
</kw>
<kw name="Sleep" library="BuiltIn">
<doc>Pauses the test executed for the given time.</doc>
<arguments>
<arg>1</arg>
</arguments>
<msg timestamp="20171213 11:47:35.152" level="INFO">Slept 1 second</msg>
<status status="PASS" starttime="20171213 11:47:34.151" endtime="20171213 11:47:35.152"></status>
</kw>
<status status="PASS" starttime="20171213 11:47:33.120" endtime="20171213 11:47:35.152"></status>
</kw>
<kw name="Press tab key and verify focused element" library="assertions">
<arguments>
<arg>${UTIL_NAV_SIGNUP_LINK}</arg>
</arguments>
<kw name="Press Tab Key Without Locator" library="UtilityExtLib">
<doc>Clicks the tab key with no locator</doc>
<status status="PASS" starttime="20171213 11:47:35.153" endtime="20171213 11:47:35.162"></status>
</kw>
<kw name="Sleep" library="BuiltIn">
<doc>Pauses the test executed for the given time.</doc>
<arguments>
<arg>1</arg>
</arguments>
<msg timestamp="20171213 11:47:36.163" level="INFO">Slept 1 second</msg>
<status status="PASS" starttime="20171213 11:47:35.162" endtime="20171213 11:47:36.163"></status>
</kw>
<kw name="Element Should Be Focused" library="SeleniumLibrary">
<doc>Verifies that element identified with ``locator`` is focused.</doc>
<arguments>
<arg>${active_element}</arg>
</arguments>
<status status="PASS" starttime="20171213 11:47:36.163" endtime="20171213 11:47:36.181"></status>
</kw>
<kw name="Sleep" library="BuiltIn">
<doc>Pauses the test executed for the given time.</doc>
<arguments>
<arg>1</arg>
</arguments>
<msg timestamp="20171213 11:47:37.181" level="INFO">Slept 1 second</msg>
<status status="PASS" starttime="20171213 11:47:36.181" endtime="20171213 11:47:37.182"></status>
</kw>
<status status="PASS" starttime="20171213 11:47:35.152" endtime="20171213 11:47:37.182"></status>
</kw>
<kw name="Press tab key and verify focused element" library="assertions">
<arguments>
<arg>${SIGN_IN_LINK}</arg>
</arguments>
<kw name="Press Tab Key Without Locator" library="UtilityExtLib">
<doc>Clicks the tab key with no locator</doc>
<status status="PASS" starttime="20171213 11:47:37.183" endtime="20171213 11:47:37.193"></status>
</kw>
<kw name="Sleep" library="BuiltIn">
<doc>Pauses the test executed for the given time.</doc>
<arguments>
<arg>1</arg>
</arguments>
<msg timestamp="20171213 11:47:38.194" level="INFO">Slept 1 second</msg>
<status status="PASS" starttime="20171213 11:47:37.193" endtime="20171213 11:47:38.194"></status>
</kw>
<kw name="Element Should Be Focused" library="SeleniumLibrary">
<doc>Verifies that element identified with ``locator`` is focused.</doc>
<arguments>
<arg>${active_element}</arg>
</arguments>
<status status="PASS" starttime="20171213 11:47:38.195" endtime="20171213 11:47:38.211"></status>
</kw>
<kw name="Sleep" library="BuiltIn">
<doc>Pauses the test executed for the given time.</doc>
<arguments>
<arg>1</arg>
</arguments>
<msg timestamp="20171213 11:47:39.212" level="INFO">Slept 1 second</msg>
<status status="PASS" starttime="20171213 11:47:38.211" endtime="20171213 11:47:39.213"></status>
</kw>
<status status="PASS" starttime="20171213 11:47:37.182" endtime="20171213 11:47:39.213"></status>
</kw>
<kw name="Press Enter Key Without Locator" library="UtilityExtLib">
<doc>Clicks the tab key with no locator</doc>
<status status="PASS" starttime="20171213 11:47:39.213" endtime="20171213 11:47:41.536"></status>
</kw>
<kw name="Wait Until Page Contains Element" library="SeleniumLibrary">
<doc>Waits until element ``locator`` appears on current page.</doc>
<arguments>
<arg>${SIGN_IN_EMAIL}</arg>
<arg>10</arg>
</arguments>
<status status="PASS" starttime="20171213 11:47:41.536" endtime="20171213 11:47:41.550"></status>
</kw>
<kw name="Wait Until Page Contains Element" library="SeleniumLibrary">
<doc>Waits until element ``locator`` appears on current page.</doc>
<arguments>
<arg>${SIGN_IN_PASSWORD}</arg>
<arg>10</arg>
</arguments>
<status status="PASS" starttime="20171213 11:47:41.550" endtime="20171213 11:47:41.562"></status>
</kw>
<kw name="Test Teardown for Failure" type="teardown">
<kw name="Run Keyword If Test Failed" library="BuiltIn">
<doc>Runs the given keyword with the given arguments, if the test failed.</doc>
<arguments>
<arg>Log active element className</arg>
</arguments>
<status status="PASS" starttime="20171213 11:47:41.563" endtime="20171213 11:47:41.563"></status>
</kw>
<kw name="Go To" library="SeleniumLibrary">
<doc>Navigates the active browser instance to the provided ``url``.</doc>
<arguments>
<arg>${URL}</arg>
</arguments>
<msg timestamp="20171213 11:47:41.563" level="INFO">Opening url 'https://varnish.viziostaging.com'</msg>
<status status="PASS" starttime="20171213 11:47:41.563" endtime="20171213 11:47:43.094"></status>
</kw>
<status status="PASS" starttime="20171213 11:47:41.562" endtime="20171213 11:47:43.094"></status>
</kw>
<tags>
<tag>accessibility</tag>
<tag>fn-smoke</tag>
<tag>test</tag>
</tags>
<status status="PASS" starttime="20171213 11:47:33.119" endtime="20171213 11:47:43.094" critical="yes"></status>
</test>
<test id="s1-s4-t4" name="Verify Accessibility Enter Key Press on Focused Element on Headache Bar Link">
<kw name="Press tab key and verify focused element" library="assertions">
<arguments>
<arg>${UTIL_NAV_SUPPORT_LINK}</arg>
</arguments>
<kw name="Press Tab Key Without Locator" library="UtilityExtLib">
<doc>Clicks the tab key with no locator</doc>
<status status="PASS" starttime="20171213 11:47:43.096" endtime="20171213 11:47:43.107"></status>
</kw>
<kw name="Sleep" library="BuiltIn">
<doc>Pauses the test executed for the given time.</doc>
<arguments>
<arg>1</arg>
</arguments>
<msg timestamp="20171213 11:47:44.108" level="INFO">Slept 1 second</msg>
<status status="PASS" starttime="20171213 11:47:43.108" endtime="20171213 11:47:44.108"></status>
</kw>
<kw name="Element Should Be Focused" library="SeleniumLibrary">
<doc>Verifies that element identified with ``locator`` is focused.</doc>
<arguments>
<arg>${active_element}</arg>
</arguments>
<status status="PASS" starttime="20171213 11:47:44.108" endtime="20171213 11:47:44.128"></status>
</kw>
<kw name="Sleep" library="BuiltIn">
<doc>Pauses the test executed for the given time.</doc>
<arguments>
<arg>1</arg>
</arguments>
<msg timestamp="20171213 11:47:45.129" level="INFO">Slept 1 second</msg>
<status status="PASS" starttime="20171213 11:47:44.128" endtime="20171213 11:47:45.130"></status>
</kw>
<status status="PASS" starttime="20171213 11:47:43.095" endtime="20171213 11:47:45.130"></status>
</kw>
<kw name="Press tab key and verify focused element" library="assertions">
<arguments>
<arg>${UTIL_NAV_SIGNUP_LINK}</arg>
</arguments>
<kw name="Press Tab Key Without Locator" library="UtilityExtLib">
<doc>Clicks the tab key with no locator</doc>
<status status="PASS" starttime="20171213 11:47:45.132" endtime="20171213 11:47:45.140"></status>
</kw>
<kw name="Sleep" library="BuiltIn">
<doc>Pauses the test executed for the given time.</doc>
<arguments>
<arg>1</arg>
</arguments>
<msg timestamp="20171213 11:47:46.142" level="INFO">Slept 1 second</msg>
<status status="PASS" starttime="20171213 11:47:45.140" endtime="20171213 11:47:46.142"></status>
</kw>
<kw name="Element Should Be Focused" library="SeleniumLibrary">
<doc>Verifies that element identified with ``locator`` is focused.</doc>
<arguments>
<arg>${active_element}</arg>
</arguments>
<status status="PASS" starttime="20171213 11:47:46.143" endtime="20171213 11:47:46.160"></status>
</kw>
<kw name="Sleep" library="BuiltIn">
<doc>Pauses the test executed for the given time.</doc>
<arguments>
<arg>1</arg>
</arguments>
<msg timestamp="20171213 11:47:47.161" level="INFO">Slept 1 second</msg>
<status status="PASS" starttime="20171213 11:47:46.161" endtime="20171213 11:47:47.161"></status>
</kw>
<status status="PASS" starttime="20171213 11:47:45.131" endtime="20171213 11:47:47.162"></status>
</kw>
<kw name="Press tab key and verify focused element" library="assertions">
<arguments>
<arg>${SIGN_IN_LINK}</arg>
</arguments>
<kw name="Press Tab Key Without Locator" library="UtilityExtLib">
<doc>Clicks the tab key with no locator</doc>
<status status="PASS" starttime="20171213 11:47:47.163" endtime="20171213 11:47:47.176"></status>
</kw>
<kw name="Sleep" library="BuiltIn">
<doc>Pauses the test executed for the given time.</doc>
<arguments>
<arg>1</arg>
</arguments>
<msg timestamp="20171213 11:47:48.177" level="INFO">Slept 1 second</msg>
<status status="PASS" starttime="20171213 11:47:47.176" endtime="20171213 11:47:48.177"></status>
</kw>
<kw name="Element Should Be Focused" library="SeleniumLibrary">
<doc>Verifies that element identified with ``locator`` is focused.</doc>
<arguments>
<arg>${active_element}</arg>
</arguments>
<status status="PASS" starttime="20171213 11:47:48.177" endtime="20171213 11:47:48.194"></status>
</kw>
<kw name="Sleep" library="BuiltIn">
<doc>Pauses the test executed for the given time.</doc>
<arguments>
<arg>1</arg>
</arguments>
<msg timestamp="20171213 11:47:49.194" level="INFO">Slept 1 second</msg>
<status status="PASS" starttime="20171213 11:47:48.194" endtime="20171213 11:47:49.195"></status>
</kw>
<status status="PASS" starttime="20171213 11:47:47.162" endtime="20171213 11:47:49.195"></status>
</kw>
<kw name="Press tab key and verify focused element" library="assertions">
<arguments>
<arg>${HEADACHE_BAR_LINK}</arg>
</arguments>
<kw name="Press Tab Key Without Locator" library="UtilityExtLib">
<doc>Clicks the tab key with no locator</doc>
<status status="PASS" starttime="20171213 11:47:49.196" endtime="20171213 11:47:49.210"></status>
</kw>
<kw name="Sleep" library="BuiltIn">
<doc>Pauses the test executed for the given time.</doc>
<arguments>
<arg>1</arg>
</arguments>
<msg timestamp="20171213 11:47:50.211" level="INFO">Slept 1 second</msg>
<status status="PASS" starttime="20171213 11:47:49.210" endtime="20171213 11:47:50.211"></status>
</kw>
<kw name="Element Should Be Focused" library="SeleniumLibrary">
<doc>Verifies that element identified with ``locator`` is focused.</doc>
<arguments>
<arg>${active_element}</arg>
</arguments>
<status status="PASS" starttime="20171213 11:47:50.212" endtime="20171213 11:47:50.228"></status>
</kw>
<kw name="Sleep" library="BuiltIn">
<doc>Pauses the test executed for the given time.</doc>
<arguments>
<arg>1</arg>
</arguments>
<msg timestamp="20171213 11:47:51.229" level="INFO">Slept 1 second</msg>
<status status="PASS" starttime="20171213 11:47:50.229" endtime="20171213 11:47:51.229"></status>
</kw>
<status status="PASS" starttime="20171213 11:47:49.195" endtime="20171213 11:47:51.230"></status>
</kw>
<kw name="Press Enter Key Without Locator" library="UtilityExtLib">
<doc>Clicks the tab key with no locator</doc>
<status status="PASS" starttime="20171213 11:47:51.230" endtime="20171213 11:47:52.667"></status>
</kw>
<kw name="Verify current browser window url" library="assertions">
<doc>Verifies that the currently active browser windows URL matches the ${expected_url}.</doc>
<arguments>
<arg>${HEADACHE_BAR_URL}</arg>
</arguments>
<kw name="Get Location" library="SeleniumLibrary">
<doc>Returns the current browser URL.</doc>
<assign>
<var>${curr_win}</var>
</assign>
<msg timestamp="20171213 11:47:52.676" level="INFO">${curr_win} = https://varnish.viziostaging.com/topdeals.html</msg>
<status status="PASS" starttime="20171213 11:47:52.670" endtime="20171213 11:47:52.676"></status>
</kw>
<kw name="Should Be Equal" library="BuiltIn">
<doc>Fails if the given objects are unequal.</doc>
<arguments>
<arg>${curr_win}</arg>
<arg>${expected_url}</arg>
</arguments>
<msg timestamp="20171213 11:47:52.677" level="FAIL">https://varnish.viziostaging.com/topdeals.html != https://varnish.viziostaging.com/holiday.html</msg>
<status status="FAIL" starttime="20171213 11:47:52.676" endtime="20171213 11:47:52.677"></status>
</kw>
<status status="FAIL" starttime="20171213 11:47:52.670" endtime="20171213 11:47:52.677"></status>
</kw>
<kw name="Test Teardown for Failure" type="teardown">
<kw name="Run Keyword If Test Failed" library="BuiltIn">
<doc>Runs the given keyword with the given arguments, if the test failed.</doc>
<arguments>
<arg>Log active element className</arg>
</arguments>
<kw name="Log active element className" library="general">
<doc>Debugging helper, originally for accessibility tests, to log the active elements className.</doc>
<kw name="Return active element className" library="general">
<doc>Executes javascript and returns the specified property of the current active element.</doc>
<assign>
<var>${active_el}</var>
</assign>
<kw name="Execute Javascript" library="SeleniumLibrary">
<doc>Executes the given JavaScript code.</doc>
<arguments>
<arg>${GET_ACTIVE_ELEMENT_CLASSNAME}</arg>
</arguments>
<assign>
<var>${active_el}</var>
</assign>
<msg timestamp="20171213 11:47:52.680" level="INFO">Executing JavaScript:
return document.activeElement.className</msg>
<msg timestamp="20171213 11:47:52.684" level="INFO">${active_el} = catalog-category-view categorypath-outlet-html category-outlet headache</msg>
<status status="PASS" starttime="20171213 11:47:52.679" endtime="20171213 11:47:52.684"></status>
</kw>
<msg timestamp="20171213 11:47:52.685" level="INFO">${active_el} = catalog-category-view categorypath-outlet-html category-outlet headache</msg>
<status status="PASS" starttime="20171213 11:47:52.679" endtime="20171213 11:47:52.685"></status>
</kw>
<kw name="Log" library="BuiltIn">
<doc>Logs the given message with the given level.</doc>
<arguments>
<arg>${active_el}</arg>
</arguments>
<msg timestamp="20171213 11:47:52.685" level="INFO">catalog-category-view categorypath-outlet-html category-outlet headache</msg>
<status status="PASS" starttime="20171213 11:47:52.685" endtime="20171213 11:47:52.685"></status>
</kw>
<status status="PASS" starttime="20171213 11:47:52.678" endtime="20171213 11:47:52.685"></status>
</kw>
<status status="PASS" starttime="20171213 11:47:52.678" endtime="20171213 11:47:52.685"></status>
</kw>
<kw name="Go To" library="SeleniumLibrary">
<doc>Navigates the active browser instance to the provided ``url``.</doc>
<arguments>
<arg>${URL}</arg>
</arguments>
<msg timestamp="20171213 11:47:52.686" level="INFO">Opening url 'https://varnish.viziostaging.com'</msg>
<status status="PASS" starttime="20171213 11:47:52.686" endtime="20171213 11:47:54.299"></status>
</kw>
<status status="PASS" starttime="20171213 11:47:52.678" endtime="20171213 11:47:54.299"></status>
</kw>
<tags>
<tag>accessibility</tag>
<tag>fn-smoke</tag>
<tag>test</tag>
</tags>
<status status="FAIL" starttime="20171213 11:47:43.094" endtime="20171213 11:47:54.299" critical="yes">https://varnish.viziostaging.com/topdeals.html != https://varnish.viziostaging.com/holiday.html</status>
</test>
<kw name="Close Browser" library="SeleniumLibrary" type="teardown">
<doc>Closes the current browser.</doc>
<status status="PASS" starttime="20171213 11:47:54.300" endtime="20171213 11:47:54.394"></status>
</kw>
<doc>Verify the accessibility enter key press for the utility navigation elements on vizio.com.</doc>
<status status="FAIL" starttime="20171213 11:47:10.606" endtime="20171213 11:47:54.394"></status>
</suite>
<suite id="s1-s5" name="Accessibility Tab Keypress Nav" source="/Users/envoy/Virtualenvs/py3-robotframework/vizio-qa-web/tests/pages/products/general_products/functional/accessibility_tab_keypress_nav.robot">
<kw name="Open browser and initiate first tab key press" type="setup">
<kw name="Open homepage to default viewport size" library="vz_home">
<doc>Opens the browser to a predefined laptop size.</doc>
<arguments>
<arg>${URL}</arg>
</arguments>
<kw name="Open Browser" library="SeleniumLibrary">
<doc>Opens a new browser instance to the given ``url``.</doc>
<arguments>
<arg>${url}</arg>
<arg>${BROWSER}</arg>
<arg>remote_url=${REMOTE_URL}</arg>
</arguments>
<msg timestamp="20171213 11:47:54.423" level="INFO">Opening browser 'gc' to base url 'https://varnish.viziostaging.com'.</msg>
<status status="PASS" starttime="20171213 11:47:54.422" endtime="20171213 11:47:59.757"></status>
</kw>
<kw name="Close email newsletter popup" library="vz_home">
<doc>Clicks the email newsletter sign up popop.</doc>
<kw name="Wait Until Element Is Visible" library="SeleniumLibrary">
<doc>Waits until element ``locator`` is visible.</doc>
<arguments>
<arg>${NEWSLETTER_CLOSE}</arg>
</arguments>
<status status="PASS" starttime="20171213 11:47:59.759" endtime="20171213 11:47:59.782"></status>
</kw>
<kw name="Click Element" library="SeleniumLibrary">
<doc>Click element identified by ``locator``.</doc>
<arguments>
<arg>${NEWSLETTER_CLOSE}</arg>
</arguments>
<msg timestamp="20171213 11:47:59.782" level="INFO">Clicking element 'css:a.modal-close.newsletter-popup'.</msg>
<status status="PASS" starttime="20171213 11:47:59.782" endtime="20171213 11:47:59.845"></status>
</kw>
<kw name="Wait Until Element Is Not Visible" library="SeleniumLibrary">
<doc>Waits until element ``locator`` is not visible.</doc>
<arguments>
<arg>${NEWSLETTER_CLOSE}</arg>
</arguments>
<status status="PASS" starttime="20171213 11:47:59.845" endtime="20171213 11:48:00.293"></status>
</kw>
<kw name="Wait Until Element Is Not Visible" library="SeleniumLibrary">
<doc>Waits until element ``locator`` is not visible.</doc>
<arguments>
<arg>${NEWSLETTER_POPUP}</arg>
</arguments>
<status status="PASS" starttime="20171213 11:48:00.293" endtime="20171213 11:48:00.314"></status>
</kw>
<status status="PASS" starttime="20171213 11:47:59.758" endtime="20171213 11:48:00.314"></status>
</kw>
<status status="PASS" starttime="20171213 11:47:54.422" endtime="20171213 11:48:00.314"></status>
</kw>
<kw name="Wait Until Element Is Visible" library="SeleniumLibrary">
<doc>Waits until element ``locator`` is visible.</doc>
<arguments>
<arg>${UTILITY_NAV}</arg>
</arguments>
<status status="PASS" starttime="20171213 11:48:00.314" endtime="20171213 11:48:00.335"></status>
</kw>
<kw name="Sleep" library="BuiltIn">
<doc>Pauses the test executed for the given time.</doc>
<arguments>
<arg>3</arg>
</arguments>
<msg timestamp="20171213 11:48:03.336" level="INFO">Slept 3 seconds</msg>
<status status="PASS" starttime="20171213 11:48:00.336" endtime="20171213 11:48:03.337"></status>
</kw>
<kw name="Press Tab Key Without Locator" library="UtilityExtLib">
<doc>Clicks the tab key with no locator</doc>
<status status="PASS" starttime="20171213 11:48:03.337" endtime="20171213 11:48:03.374"></status>
</kw>
<status status="PASS" starttime="20171213 11:47:54.422" endtime="20171213 11:48:03.375"></status>
</kw>
<test id="s1-s5-t1" name="Verify Accessibility Tab Focus on Utility Nav">
<kw name="Press tab key and verify focused element" library="assertions">
<arguments>
<arg>${UTIL_NAV_SUPPORT_LINK}</arg>
</arguments>
<kw name="Press Tab Key Without Locator" library="UtilityExtLib">
<doc>Clicks the tab key with no locator</doc>
<status status="PASS" starttime="20171213 11:48:03.376" endtime="20171213 11:48:03.380"></status>
</kw>
<kw name="Sleep" library="BuiltIn">
<doc>Pauses the test executed for the given time.</doc>
<arguments>
<arg>1</arg>
</arguments>
<msg timestamp="20171213 11:48:04.381" level="INFO">Slept 1 second</msg>
<status status="PASS" starttime="20171213 11:48:03.380" endtime="20171213 11:48:04.381"></status>
</kw>
<kw name="Element Should Be Focused" library="SeleniumLibrary">
<doc>Verifies that element identified with ``locator`` is focused.</doc>
<arguments>
<arg>${active_element}</arg>
</arguments>
<status status="PASS" starttime="20171213 11:48:04.382" endtime="20171213 11:48:04.399"></status>
</kw>
<kw name="Sleep" library="BuiltIn">
<doc>Pauses the test executed for the given time.</doc>
<arguments>
<arg>1</arg>
</arguments>
<msg timestamp="20171213 11:48:05.400" level="INFO">Slept 1 second</msg>
<status status="PASS" starttime="20171213 11:48:04.399" endtime="20171213 11:48:05.401"></status>
</kw>
<status status="PASS" starttime="20171213 11:48:03.376" endtime="20171213 11:48:05.401"></status>
</kw>
<kw name="Press tab key and verify focused element" library="assertions">
<arguments>
<arg>${UTIL_NAV_SIGNUP_LINK}</arg>
</arguments>
<kw name="Press Tab Key Without Locator" library="UtilityExtLib">
<doc>Clicks the tab key with no locator</doc>
<status status="PASS" starttime="20171213 11:48:05.402" endtime="20171213 11:48:05.410"></status>
</kw>
<kw name="Sleep" library="BuiltIn">
<doc>Pauses the test executed for the given time.</doc>
<arguments>
<arg>1</arg>
</arguments>
<msg timestamp="20171213 11:48:06.411" level="INFO">Slept 1 second</msg>
<status status="PASS" starttime="20171213 11:48:05.410" endtime="20171213 11:48:06.411"></status>
</kw>
<kw name="Element Should Be Focused" library="SeleniumLibrary">
<doc>Verifies that element identified with ``locator`` is focused.</doc>
<arguments>
<arg>${active_element}</arg>
</arguments>
[...]
<arguments>
<arg>wait until page contains element</arg>
<arg>${STATUS_OVERLAY}</arg>
</arguments>
<kw name="Wait Until Page Contains Element" library="SeleniumLibrary">
<doc>Waits until element ``locator`` appears on current page.</doc>
<arguments>
<arg>${STATUS_OVERLAY}</arg>
</arguments>
<status status="PASS" starttime="20171213 11:59:06.624" endtime="20171213 11:59:06.629"></status>
</kw>
<status status="PASS" starttime="20171213 11:59:06.623" endtime="20171213 11:59:06.629"></status>
</kw>
<kw name="Wait Until Page Does Not Contain Element" library="SeleniumLibrary">
<doc>Waits until element ``locator`` disappears from current page.</doc>
<arguments>
<arg>${STATUS_OVERLAY}</arg>
<arg>30</arg>
</arguments>
<status status="PASS" starttime="20171213 11:59:06.629" endtime="20171213 11:59:06.882"></status>
</kw>
<status status="PASS" starttime="20171213 11:59:06.623" endtime="20171213 11:59:06.882"></status>
</kw>
<status status="PASS" starttime="20171213 11:59:06.065" endtime="20171213 11:59:06.882"></status>
</kw>
<kw name="Sleep" library="BuiltIn">
<doc>Pauses the test executed for the given time.</doc>
<arguments>
<arg>2</arg>
</arguments>
<msg timestamp="20171213 11:59:08.883" level="INFO">Slept 2 seconds</msg>
<status status="PASS" starttime="20171213 11:59:06.883" endtime="20171213 11:59:08.883"></status>
</kw>
<kw name="Verify filter category is displayed in page heading" library="filter_pane">
<doc>Verifies that the specified category is displayed in the filter heading.</doc>
<arguments>
<arg>${option}</arg>
</arguments>
<kw name="Element Should Be Visible" library="SeleniumLibrary">
<doc>Verifies that the element identified by ``locator`` is visible.</doc>
<arguments>
<arg>xpath://div[contains(@class,'filter-container')]/.//div[contains(@class,'heading-section')]/.//h2[text()='${filter_category}']</arg>
</arguments>
<msg timestamp="20171213 11:59:08.896" level="INFO">Element 'xpath://div[contains(@class,'filter-container')]/.//div[contains(@class,'heading-section')]/.//h2[text()='Reference Series TVs']' is displayed.</msg>
<status status="PASS" starttime="20171213 11:59:08.885" endtime="20171213 11:59:08.897"></status>
</kw>
<status status="PASS" starttime="20171213 11:59:08.884" endtime="20171213 11:59:08.897"></status>
</kw>
<status status="PASS" starttime="20171213 11:58:58.627" endtime="20171213 11:59:08.897"></status>
</kw>
<kw name="${option} = All TVs &amp; Displays" type="foritem">
<kw name="Sleep" library="BuiltIn">
<doc>Pauses the test executed for the given time.</doc>
<arguments>
<arg>1</arg>
</arguments>
<msg timestamp="20171213 11:59:09.898" level="INFO">Slept 1 second</msg>
<status status="PASS" starttime="20171213 11:59:08.897" endtime="20171213 11:59:09.898"></status>
</kw>
<kw name="Click filter button on mobile layout" library="filter_pane">
<doc>Clicks the filter button to expand the filter options on mobile layout.</doc>
<kw name="Click Element" library="SeleniumLibrary">
<doc>Click element identified by ``locator``.</doc>
<arguments>
<arg>${FILTER_BTN_MOBILE_LAYOUT}</arg>
</arguments>
<msg timestamp="20171213 11:59:09.900" level="INFO">Clicking element 'css:span#filterOpen'.</msg>
<status status="PASS" starttime="20171213 11:59:09.899" endtime="20171213 11:59:10.125"></status>
</kw>
<kw name="Wait on the status overlay" library="filter_pane">
<doc>Waits for the status dialog that appears after clicking a filter option to render and then disappear.</doc>
<kw name="Run Keyword And Ignore Error" library="BuiltIn">
<doc>Runs the given keyword with the given arguments and ignores possible error.</doc>
<arguments>
<arg>wait until page contains element</arg>
<arg>${STATUS_OVERLAY}</arg>
</arguments>
<kw name="Wait Until Page Contains Element" library="SeleniumLibrary">
<doc>Waits until element ``locator`` appears on current page.</doc>
<arguments>
<arg>${STATUS_OVERLAY}</arg>
</arguments>
<kw name="Capture Page Screenshot" library="SeleniumLibrary">
<doc>Takes screenshot of the current page and embeds it into log file.</doc>
<msg timestamp="20171213 11:59:15.296" level="INFO" html="yes">&lt;/td&gt;&lt;/tr&gt;&lt;tr&gt;&lt;td colspan="3"&gt;&lt;a href="selenium-screenshot-484.png"&gt;&lt;img src="selenium-screenshot-484.png" width="800px"&gt;&lt;/a&gt;</msg>
<status status="PASS" starttime="20171213 11:59:15.234" endtime="20171213 11:59:15.296"></status>
</kw>
<msg timestamp="20171213 11:59:15.296" level="FAIL">Element 'css:div.amshopby-overlay div#search-ajax-loader' did not appear in 5 seconds.</msg>
<status status="FAIL" starttime="20171213 11:59:10.127" endtime="20171213 11:59:15.296"></status>
</kw>
<status status="PASS" starttime="20171213 11:59:10.126" endtime="20171213 11:59:15.297"></status>
</kw>
<kw name="Wait Until Page Does Not Contain Element" library="SeleniumLibrary">
<doc>Waits until element ``locator`` disappears from current page.</doc>
<arguments>
<arg>${STATUS_OVERLAY}</arg>
<arg>30</arg>
</arguments>
<status status="PASS" starttime="20171213 11:59:15.297" endtime="20171213 11:59:15.300"></status>
</kw>
<status status="PASS" starttime="20171213 11:59:10.126" endtime="20171213 11:59:15.300"></status>
</kw>
<status status="PASS" starttime="20171213 11:59:09.899" endtime="20171213 11:59:15.301"></status>
</kw>
<kw name="Sleep" library="BuiltIn">
<doc>Pauses the test executed for the given time.</doc>
<arguments>
<arg>1</arg>
</arguments>
<msg timestamp="20171213 11:59:16.302" level="INFO">Slept 1 second</msg>
<status status="PASS" starttime="20171213 11:59:15.301" endtime="20171213 11:59:16.302"></status>
</kw>
<kw name="Scroll to vertical coordinate" library="page_navigation">
<doc>Executes javascript to scroll the page to the specified y-coordinate.</doc>
<arguments>
<arg>${scroll_to}</arg>
</arguments>
<kw name="Execute Javascript" library="SeleniumLibrary">
<doc>Executes the given JavaScript code.</doc>
<arguments>
<arg>window.scrollTo(0,${y})</arg>
</arguments>
<msg timestamp="20171213 11:59:16.304" level="INFO">Executing JavaScript:
window.scrollTo(0,437.25)</msg>
<status status="PASS" starttime="20171213 11:59:16.304" endtime="20171213 11:59:16.308"></status>
</kw>
<status status="PASS" starttime="20171213 11:59:16.303" endtime="20171213 11:59:16.309"></status>
</kw>
<kw name="Click filter by category option" library="filter_pane">
<doc>Selects the specified filter option under the features section.</doc>
<arguments>
<arg>${option}</arg>
</arguments>
<kw name="Click Element" library="SeleniumLibrary">
<doc>Click element identified by ``locator``.</doc>
<arguments>
<arg>css:div.filter-section.categories a[onclick*="${filter_option}"]</arg>
</arguments>
<msg timestamp="20171213 11:59:16.313" level="INFO">Clicking element 'css:div.filter-section.categories a[onclick*="All TVs &amp; Displays"]'.</msg>
<status status="PASS" starttime="20171213 11:59:16.313" endtime="20171213 11:59:16.863"></status>
</kw>
<kw name="Wait on the status overlay" library="filter_pane">
<doc>Waits for the status dialog that appears after clicking a filter option to render and then disappear.</doc>
<kw name="Run Keyword And Ignore Error" library="BuiltIn">
<doc>Runs the given keyword with the given arguments and ignores possible error.</doc>
<arguments>
<arg>wait until page contains element</arg>
<arg>${STATUS_OVERLAY}</arg>
</arguments>
<kw name="Wait Until Page Contains Element" library="SeleniumLibrary">
<doc>Waits until element ``locator`` appears on current page.</doc>
<arguments>
<arg>${STATUS_OVERLAY}</arg>
</arguments>
<status status="PASS" starttime="20171213 11:59:16.864" endtime="20171213 11:59:16.869"></status>
</kw>
<status status="PASS" starttime="20171213 11:59:16.864" endtime="20171213 11:59:16.869"></status>
</kw>
<kw name="Wait Until Page Does Not Contain Element" library="SeleniumLibrary">
<doc>Waits until element ``locator`` disappears from current page.</doc>
<arguments>
<arg>${STATUS_OVERLAY}</arg>
<arg>30</arg>
</arguments>
<status status="PASS" starttime="20171213 11:59:16.869" endtime="20171213 11:59:17.526"></status>
</kw>
<status status="PASS" starttime="20171213 11:59:16.863" endtime="20171213 11:59:17.526"></status>
</kw>
<status status="PASS" starttime="20171213 11:59:16.312" endtime="20171213 11:59:17.526"></status>
</kw>
<kw name="Sleep" library="BuiltIn">
<doc>Pauses the test executed for the given time.</doc>
<arguments>
<arg>2</arg>
</arguments>
<msg timestamp="20171213 11:59:19.527" level="INFO">Slept 2 seconds</msg>
<status status="PASS" starttime="20171213 11:59:17.527" endtime="20171213 11:59:19.528"></status>
</kw>
<kw name="Verify filter category is displayed in page heading" library="filter_pane">
<doc>Verifies that the specified category is displayed in the filter heading.</doc>
<arguments>
<arg>${option}</arg>
</arguments>
<kw name="Element Should Be Visible" library="SeleniumLibrary">
<doc>Verifies that the element identified by ``locator`` is visible.</doc>
<arguments>
<arg>xpath://div[contains(@class,'filter-container')]/.//div[contains(@class,'heading-section')]/.//h2[text()='${filter_category}']</arg>
</arguments>
<msg timestamp="20171213 11:59:19.539" level="INFO">Element 'xpath://div[contains(@class,'filter-container')]/.//div[contains(@class,'heading-section')]/.//h2[text()='All TVs &amp; Displays']' is displayed.</msg>
<status status="PASS" starttime="20171213 11:59:19.529" endtime="20171213 11:59:19.540"></status>
</kw>
<status status="PASS" starttime="20171213 11:59:19.528" endtime="20171213 11:59:19.540"></status>
</kw>
<status status="PASS" starttime="20171213 11:59:08.897" endtime="20171213 11:59:19.540"></status>
</kw>
<status status="PASS" starttime="20171213 11:58:17.081" endtime="20171213 11:59:19.540"></status>
</kw>
<tags>
<tag>fn-smoke</tag>
<tag>tablet-viewport</tag>
</tags>
<status status="PASS" starttime="20171213 11:56:19.152" endtime="20171213 11:59:19.540" critical="yes"></status>
</test>
<kw name="Close Browser" library="SeleniumLibrary" type="teardown">
<doc>Closes the current browser.</doc>
<status status="PASS" starttime="20171213 11:59:19.541" endtime="20171213 11:59:19.690"></status>
</kw>
<status status="PASS" starttime="20171213 11:56:12.628" endtime="20171213 11:59:19.691"></status>
</suite>
<suite id="s1-s10" name="Pseries Add To Cart" source="/Users/envoy/Virtualenvs/py3-robotframework/vizio-qa-web/tests/pages/products/pseries/functional/pseries_add_to_cart.robot">
<test id="s1-s10-t1" name="Add P-Series 75 to Cart">
<kw name="Open homepage to default viewport size" library="vz_home">
<doc>Opens the browser to a predefined laptop size.</doc>
<arguments>
<arg>${URL}</arg>
</arguments>
<kw name="Open Browser" library="SeleniumLibrary">
<doc>Opens a new browser instance to the given ``url``.</doc>
<arguments>
<arg>${url}</arg>
<arg>${BROWSER}</arg>
<arg>remote_url=${REMOTE_URL}</arg>
</arguments>
<msg timestamp="20171213 11:59:19.713" level="INFO">Opening browser 'firefox' to base url 'https://varnish.viziostaging.com'.</msg>
<status status="PASS" starttime="20171213 11:59:19.713" endtime="20171213 11:59:27.231"></status>
</kw>
<kw name="Close email newsletter popup" library="vz_home">
<doc>Clicks the email newsletter sign up popop.</doc>
<kw name="Wait Until Element Is Visible" library="SeleniumLibrary">
<doc>Waits until element ``locator`` is visible.</doc>
<arguments>
<arg>${NEWSLETTER_CLOSE}</arg>
</arguments>
<status status="PASS" starttime="20171213 11:59:27.233" endtime="20171213 11:59:27.255"></status>
</kw>
<kw name="Click Element" library="SeleniumLibrary">
<doc>Click element identified by ``locator``.</doc>
<arguments>
<arg>${NEWSLETTER_CLOSE}</arg>
</arguments>
<msg timestamp="20171213 11:59:27.256" level="INFO">Clicking element 'css:a.modal-close.newsletter-popup'.</msg>
<status status="PASS" starttime="20171213 11:59:27.255" endtime="20171213 11:59:27.503"></status>
</kw>
<kw name="Wait Until Element Is Not Visible" library="SeleniumLibrary">
<doc>Waits until element ``locator`` is not visible.</doc>
<arguments>
<arg>${NEWSLETTER_CLOSE}</arg>
</arguments>
<status status="PASS" starttime="20171213 11:59:27.503" endtime="20171213 11:59:27.934"></status>
</kw>
<kw name="Wait Until Element Is Not Visible" library="SeleniumLibrary">
<doc>Waits until element ``locator`` is not visible.</doc>
<arguments>
<arg>${NEWSLETTER_POPUP}</arg>
</arguments>
<status status="PASS" starttime="20171213 11:59:27.935" endtime="20171213 11:59:27.944"></status>
</kw>
<status status="PASS" starttime="20171213 11:59:27.232" endtime="20171213 11:59:27.944"></status>
</kw>
<status status="PASS" starttime="20171213 11:59:19.713" endtime="20171213 11:59:27.944"></status>
</kw>
<kw name="Sleep" library="BuiltIn">
<doc>Pauses the test executed for the given time.</doc>
<arguments>
<arg>2</arg>
</arguments>
<msg timestamp="20171213 11:59:29.945" level="INFO">Slept 2 seconds</msg>
<status status="PASS" starttime="20171213 11:59:27.944" endtime="20171213 11:59:29.945"></status>
</kw>
<kw name="Shop tvs and displays on desktop" library="tvs_displays">
<doc>Navigate to the TVs and displays shopping page.</doc>
<kw name="Click Element" library="SeleniumLibrary">
<doc>Click element identified by ``locator``.</doc>
<arguments>
<arg>${TV_DISPLAY_NAV_ITEM}</arg>
</arguments>
<msg timestamp="20171213 11:59:29.946" level="INFO">Clicking element 'css:a[data-nav-item='tvs-displays']'.</msg>
<status status="PASS" starttime="20171213 11:59:29.946" endtime="20171213 11:59:32.837"></status>
</kw>
<kw name="Click Element" library="SeleniumLibrary">
<doc>Click element identified by ``locator``.</doc>
<arguments>
<arg>${SHOP_TVS_DISPLAYS_DESKTOP}</arg>
</arguments>
<msg timestamp="20171213 11:59:32.837" level="INFO">Clicking element 'css:div.v-page a[href$='/tvs.html']'.</msg>
<status status="PASS" starttime="20171213 11:59:32.837" endtime="20171213 11:59:34.499"></status>
</kw>
<status status="PASS" starttime="20171213 11:59:29.945" endtime="20171213 11:59:34.499"></status>
</kw>
<kw name="Select tv by model number" library="tvs_displays">
<doc>Clicks the respective TV by model number.</doc>
<arguments>
<arg>${TV_MODEL}</arg>
</arguments>
<kw name="Convert To Lowercase" library="String">
<doc>Converts string to lowercase.</doc>
<arguments>
<arg>${model_number}</arg>
</arguments>
<assign>
<var>${model_number}</var>
</assign>
<msg timestamp="20171213 11:59:34.500" level="INFO">${model_number} = p75-e1</msg>
<status status="PASS" starttime="20171213 11:59:34.500" endtime="20171213 11:59:34.500"></status>
</kw>
<kw name="Remove String" library="String">
<doc>Removes all ``removables`` from the given ``string``.</doc>
<arguments>
<arg>${model_number}</arg>
<arg>-</arg>
</arguments>
<assign>
<var>${model_number}</var>
</assign>
<msg timestamp="20171213 11:59:34.500" level="INFO">${model_number} = p75e1</msg>
<status status="PASS" starttime="20171213 11:59:34.500" endtime="20171213 11:59:34.501"></status>
</kw>
<kw name="Set Variable" library="BuiltIn">
<doc>Returns the given values which can then be assigned to a variables.</doc>
<arguments>
<arg>xpath=//a[@href='${URL}/tvs/${model_number}.html' and @title]</arg>
</arguments>
<assign>
<var>${tv_model}</var>
</assign>
<msg timestamp="20171213 11:59:34.501" level="INFO">${tv_model} = xpath=//a[@href='https://varnish.viziostaging.com/tvs/p75e1.html' and @title]</msg>
<status status="PASS" starttime="20171213 11:59:34.501" endtime="20171213 11:59:34.501"></status>
</kw>
<kw name="Click Element" library="SeleniumLibrary">
<doc>Click element identified by ``locator``.</doc>
<arguments>
<arg>${tv_model}</arg>
</arguments>
<msg timestamp="20171213 11:59:34.502" level="INFO">Clicking element 'xpath=//a[@href='https://varnish.viziostaging.com/tvs/p75e1.html' and @title]'.</msg>
<status status="PASS" starttime="20171213 11:59:34.501" endtime="20171213 11:59:48.520"></status>
</kw>
<status status="PASS" starttime="20171213 11:59:34.499" endtime="20171213 11:59:48.520"></status>
</kw>
<kw name="Click Add to cart button" library="product_info">
<doc>Clicks the Buy Now button on a product landing page.</doc>
<kw name="Set Variable" library="BuiltIn">
<doc>Returns the given values which can then be assigned to a variables.</doc>
<arguments>
<arg>xpath=//a[@id='buyNow']</arg>
</arguments>
<assign>
<var>${buy_now_button}</var>
</assign>
<msg timestamp="20171213 11:59:48.521" level="INFO">${buy_now_button} = xpath=//a[@id='buyNow']</msg>
<status status="PASS" starttime="20171213 11:59:48.521" endtime="20171213 11:59:48.521"></status>
</kw>
<kw name="Wait Until Page Contains Element" library="SeleniumLibrary">
<doc>Waits until element ``locator`` appears on current page.</doc>
<arguments>
<arg>${buy_now_button}</arg>
</arguments>
<status status="PASS" starttime="20171213 11:59:48.521" endtime="20171213 11:59:48.609"></status>
</kw>
<kw name="Click Element" library="SeleniumLibrary">
<doc>Click element identified by ``locator``.</doc>
<arguments>
<arg>${buy_now_button}</arg>
</arguments>
<msg timestamp="20171213 11:59:48.610" level="INFO">Clicking element 'xpath=//a[@id='buyNow']'.</msg>
<status status="PASS" starttime="20171213 11:59:48.609" endtime="20171213 11:59:52.381"></status>
</kw>
<kw name="Wait Until Page Contains" library="SeleniumLibrary">
<doc>Waits until ``text`` appears on current page.</doc>
<arguments>
<arg>Shopping Cart</arg>
<arg>10</arg>
</arguments>
<status status="PASS" starttime="20171213 11:59:52.381" endtime="20171213 11:59:52.394"></status>
</kw>
<status status="PASS" starttime="20171213 11:59:48.520" endtime="20171213 11:59:52.394"></status>
</kw>
<kw name="Close Browser" library="SeleniumLibrary" type="teardown">
<doc>Closes the current browser.</doc>
<status status="PASS" starttime="20171213 11:59:52.395" endtime="20171213 11:59:52.604"></status>
</kw>
<tags>
<tag>cart</tag>
<tag>fn-smoke</tag>
<tag>pseries</tag>
</tags>
<status status="PASS" starttime="20171213 11:59:19.712" endtime="20171213 11:59:52.604" critical="yes"></status>
</test>
<doc>Functional test case that adds a P75-E1 model to a shopping cart.</doc>
<status status="PASS" starttime="20171213 11:59:19.692" endtime="20171213 11:59:52.605"></status>
</suite>
<status status="FAIL" starttime="20171213 11:44:57.438" endtime="20171213 11:59:52.609"></status>
</suite>
<statistics>
<total>
<stat pass="22" fail="1">Critical Tests</stat>
<stat pass="22" fail="1">All Tests</stat>
</total>
<tag>
<stat pass="13" fail="1">accessibility</stat>
<stat pass="2" fail="0">cart</stat>
<stat pass="1" fail="0">desktop-viewport</stat>
<stat pass="22" fail="1">fn-smoke</stat>
<stat pass="1" fail="0">mobile-viewport</stat>
<stat pass="2" fail="0">pseries</stat>
<stat pass="1" fail="0">tablet-viewport</stat>
<stat pass="3" fail="1">test</stat>
</tag>
<suite>
<stat pass="22" fail="1" id="s1" name="Functional Smoke Tests">Functional Smoke Tests</stat>
<stat pass="2" fail="0" id="s1-s1" name="Create Signin Test">Functional Smoke Tests.Create Signin Test</stat>
<stat pass="2" fail="0" id="s1-s2" name="Search Test">Functional Smoke Tests.Search Test</stat>
<stat pass="1" fail="0" id="s1-s3" name="Accessibility Enter Keypress Main Nav">Functional Smoke Tests.Accessibility Enter Keypress Main Nav</stat>
<stat pass="3" fail="1" id="s1-s4" name="Accessibility Enter Keypress Util Nav">Functional Smoke Tests.Accessibility Enter Keypress Util Nav</stat>
<stat pass="9" fail="0" id="s1-s5" name="Accessibility Tab Keypress Nav">Functional Smoke Tests.Accessibility Tab Keypress Nav</stat>
<stat pass="1" fail="0" id="s1-s6" name="Add Remove Cart">Functional Smoke Tests.Add Remove Cart</stat>
<stat pass="1" fail="0" id="s1-s7" name="Filter Test Desktop">Functional Smoke Tests.Filter Test Desktop</stat>
<stat pass="1" fail="0" id="s1-s8" name="Filter Test Mobile">Functional Smoke Tests.Filter Test Mobile</stat>
<stat pass="1" fail="0" id="s1-s9" name="Filter Test Tablet">Functional Smoke Tests.Filter Test Tablet</stat>
<stat pass="1" fail="0" id="s1-s10" name="Pseries Add To Cart">Functional Smoke Tests.Pseries Add To Cart</stat>
</suite>
</statistics>
<errors>
</errors>
</robot>
