<?xml version="1.0" encoding="UTF-8"?>
<robot generator="Robot 3.0.2 (Python 3.6.3 on darwin)" generated="20171219 14:27:31.595">
<suite id="s1" name="Functional Smoke Tests">
<suite id="s1-s1" name="Add Remove Purchase Cart" source="/Users/envoy/Virtualenvs/py3-robotframework/vizio-qa-web/tests/cart/add_remove_purchase_cart.robot">
<test id="s1-s1-t1" name="Add and Remove Multiple Items to Cart">
<kw name="Open homepage to default viewport size" library="home_vizio">
<doc>Opens the browser to a predefined laptop size.</doc>
<arguments>
<arg>${URL}</arg>
</arguments>
<kw name="Open Browser" library="SeleniumLibrary">
<doc>Opens a new browser instance to the given ``url``.</doc>
<arguments>
<arg>${url}</arg>
<arg>${BROWSER}</arg>
<arg>remote_url=${REMOTE_URL}</arg>
</arguments>
<msg timestamp="20171219 14:27:31.822" level="INFO">Opening browser 'gc' to base url 'https://qa.viziostaging.com'.</msg>
<status status="PASS" starttime="20171219 14:27:31.821" endtime="20171219 14:27:38.031"></status>
</kw>
<kw name="Close email newsletter popup" library="home_vizio">
<doc>Clicks the email newsletter sign up popop.</doc>
<kw name="Wait Until Element Is Visible" library="SeleniumLibrary">
<doc>Waits until element ``locator`` is visible.</doc>
<arguments>
<arg>${NEWSLETTER_CLOSE}</arg>
</arguments>
<status status="PASS" starttime="20171219 14:27:38.032" endtime="20171219 14:27:38.054"></status>
</kw>
<kw name="Click Element" library="SeleniumLibrary">
<doc>Click element identified by ``locator``.</doc>
<arguments>
<arg>${NEWSLETTER_CLOSE}</arg>
</arguments>
<msg timestamp="20171219 14:27:38.055" level="INFO">Clicking element 'css:a.modal-close.newsletter-popup'.</msg>
<status status="PASS" starttime="20171219 14:27:38.054" endtime="20171219 14:27:38.111"></status>
</kw>
<kw name="Wait Until Element Is Not Visible" library="SeleniumLibrary">
<doc>Waits until element ``locator`` is not visible.</doc>
<arguments>
<arg>${NEWSLETTER_CLOSE}</arg>
</arguments>
<status status="PASS" starttime="20171219 14:27:38.111" endtime="20171219 14:27:38.563"></status>
</kw>
<kw name="Wait Until Element Is Not Visible" library="SeleniumLibrary">
<doc>Waits until element ``locator`` is not visible.</doc>
<arguments>
<arg>${NEWSLETTER_POPUP}</arg>
</arguments>
<status status="PASS" starttime="20171219 14:27:38.563" endtime="20171219 14:27:38.584"></status>
</kw>
<status status="PASS" starttime="20171219 14:27:38.031" endtime="20171219 14:27:38.584"></status>
</kw>
<status status="PASS" starttime="20171219 14:27:31.821" endtime="20171219 14:27:38.584"></status>
</kw>
<kw name="Sleep" library="BuiltIn">
<doc>Pauses the test executed for the given time.</doc>
<arguments>
<arg>2</arg>
</arguments>
<msg timestamp="20171219 14:27:40.586" level="INFO">Slept 2 seconds</msg>
<status status="PASS" starttime="20171219 14:27:38.585" endtime="20171219 14:27:40.587"></status>
</kw>
<kw name="Shop tvs and displays on desktop" library="tvs_displays_vizio">
<doc>Navigate to the TVs and displays shopping page.</doc>
<kw name="Click Element" library="SeleniumLibrary">
<doc>Click element identified by ``locator``.</doc>
<arguments>
<arg>${TV_DISPLAY_NAV_ITEM}</arg>
</arguments>
<msg timestamp="20171219 14:27:40.588" level="INFO">Clicking element 'css:a[data-nav-item='tvs-displays']'.</msg>
<status status="PASS" starttime="20171219 14:27:40.588" endtime="20171219 14:27:42.339"></status>
</kw>
<kw name="Click Element" library="SeleniumLibrary">
<doc>Click element identified by ``locator``.</doc>
<arguments>
<arg>${SHOP_TVS_DISPLAYS_DESKTOP}</arg>
</arguments>
<msg timestamp="20171219 14:27:42.339" level="INFO">Clicking element 'css:div.v-page a[href$='/tvs.html']'.</msg>
<status status="PASS" starttime="20171219 14:27:42.339" endtime="20171219 14:27:44.441"></status>
</kw>
<status status="PASS" starttime="20171219 14:27:40.587" endtime="20171219 14:27:44.441"></status>
</kw>
<kw name="Scroll page to find and select tv by model number" library="tvs_displays_vizio">
<doc>Will scroll the page until the specified ${model_number} is found, then select it.</doc>
<arguments>
<arg>${TV_MODEL_PSERIES}</arg>
</arguments>
<kw name="${counter} IN RANGE [ 8 ]" type="for">
<kw name="${counter} = 0" type="foritem">
<kw name="Run Keyword And Return Status" library="BuiltIn">
<doc>Runs the given keyword with given arguments and returns the status as a Boolean value.</doc>
<arguments>
<arg>Select tv by model number</arg>
<arg>${model_number}</arg>
</arguments>
<assign>
<var>${found}</var>
</assign>
<kw name="Select tv by model number" library="tvs_displays_vizio">
<doc>Clicks the respective TV by model number.</doc>
<arguments>
<arg>${model_number}</arg>
</arguments>
<kw name="Convert To Lowercase" library="String">
<doc>Converts string to lowercase.</doc>
<arguments>
<arg>${model_number}</arg>
</arguments>
<assign>
<var>${model_number}</var>
</assign>
<msg timestamp="20171219 14:27:44.445" level="INFO">${model_number} = p65-e1</msg>
<status status="PASS" starttime="20171219 14:27:44.445" endtime="20171219 14:27:44.445"></status>
</kw>
<kw name="Remove String" library="String">
<doc>Removes all ``removables`` from the given ``string``.</doc>
<arguments>
<arg>${model_number}</arg>
<arg>-</arg>
</arguments>
<assign>
<var>${model_number}</var>
</assign>
<msg timestamp="20171219 14:27:44.446" level="INFO">${model_number} = p65e1</msg>
<status status="PASS" starttime="20171219 14:27:44.446" endtime="20171219 14:27:44.446"></status>
</kw>
<kw name="Set Variable" library="BuiltIn">
<doc>Returns the given values which can then be assigned to a variables.</doc>
<arguments>
<arg>xpath=//a[@href='${URL}/tvs/${model_number}.html' and @title]</arg>
</arguments>
<assign>
<var>${tv_model}</var>
</assign>
<msg timestamp="20171219 14:27:44.446" level="INFO">${tv_model} = xpath=//a[@href='https://qa.viziostaging.com/tvs/p65e1.html' and @title]</msg>
<status status="PASS" starttime="20171219 14:27:44.446" endtime="20171219 14:27:44.446"></status>
</kw>
<kw name="Click Element" library="SeleniumLibrary">
<doc>Click element identified by ``locator``.</doc>
<arguments>
<arg>${tv_model}</arg>
</arguments>
<msg timestamp="20171219 14:27:44.447" level="INFO">Clicking element 'xpath=//a[@href='https://qa.viziostaging.com/tvs/p65e1.html' and @title]'.</msg>
<status status="PASS" starttime="20171219 14:27:44.446" endtime="20171219 14:27:47.670"></status>
</kw>
<status status="PASS" starttime="20171219 14:27:44.445" endtime="20171219 14:27:47.670"></status>
</kw>
<msg timestamp="20171219 14:27:47.670" level="INFO">${found} = True</msg>
<status status="PASS" starttime="20171219 14:27:44.444" endtime="20171219 14:27:47.670"></status>
</kw>
<kw name="Exit For Loop If" library="BuiltIn">
<doc>Stops executing the enclosing for loop if the ``condition`` is true.</doc>
<arguments>
<arg>${found}</arg>
</arguments>
<msg timestamp="20171219 14:27:47.670" level="INFO">Exiting for loop altogether.</msg>
<status status="PASS" starttime="20171219 14:27:47.670" endtime="20171219 14:27:47.670"></status>
</kw>
<status status="PASS" starttime="20171219 14:27:44.444" endtime="20171219 14:27:47.671"></status>
</kw>
<status status="PASS" starttime="20171219 14:27:44.444" endtime="20171219 14:27:47.671"></status>
</kw>
<status status="PASS" starttime="20171219 14:27:44.444" endtime="20171219 14:27:47.671"></status>
</kw>
<kw name="Sleep" library="BuiltIn">
<doc>Pauses the test executed for the given time.</doc>
<arguments>
<arg>1</arg>
</arguments>
<msg timestamp="20171219 14:27:48.672" level="INFO">Slept 1 second</msg>
<status status="PASS" starttime="20171219 14:27:47.671" endtime="20171219 14:27:48.672"></status>
</kw>
<kw name="Click Add to cart button" library="product_info_vizio">
<doc>Clicks the Buy Now button on a product landing page.</doc>
<kw name="Set Variable" library="BuiltIn">
<doc>Returns the given values which can then be assigned to a variables.</doc>
<arguments>
<arg>xpath=//a[@id='buyNow']</arg>
</arguments>
<assign>
<var>${buy_now_button}</var>
</assign>
<msg timestamp="20171219 14:27:48.674" level="INFO">${buy_now_button} = xpath=//a[@id='buyNow']</msg>
<status status="PASS" starttime="20171219 14:27:48.674" endtime="20171219 14:27:48.674"></status>
</kw>
<kw name="Wait Until Page Contains Element" library="SeleniumLibrary">
<doc>Waits until element ``locator`` appears on current page.</doc>
<arguments>
<arg>${buy_now_button}</arg>
</arguments>
<status status="PASS" starttime="20171219 14:27:48.674" endtime="20171219 14:27:48.688"></status>
</kw>
<kw name="Click Element" library="SeleniumLibrary">
<doc>Click element identified by ``locator``.</doc>
<arguments>
<arg>${buy_now_button}</arg>
</arguments>
<msg timestamp="20171219 14:27:48.688" level="INFO">Clicking element 'xpath=//a[@id='buyNow']'.</msg>
<status status="PASS" starttime="20171219 14:27:48.688" endtime="20171219 14:27:52.032"></status>
</kw>
<kw name="Wait Until Page Contains" library="SeleniumLibrary">
<doc>Waits until ``text`` appears on current page.</doc>
<arguments>
<arg>Shopping Cart</arg>
<arg>10</arg>
</arguments>
<status status="PASS" starttime="20171219 14:27:52.032" endtime="20171219 14:27:52.052"></status>
</kw>
<status status="PASS" starttime="20171219 14:27:48.673" endtime="20171219 14:27:52.052"></status>
</kw>
<kw name="Click continue shopping link" library="shop_cart_vizio">
<doc>Clicks the continue shopping link in the Cart Summary section.</doc>
<kw name="Wait Until Element Is Visible" library="SeleniumLibrary">
<doc>Waits until element ``locator`` is visible.</doc>
<arguments>
<arg>${CHECKOUT_BTN_CONTAINER}</arg>
</arguments>
<status status="PASS" starttime="20171219 14:27:52.053" endtime="20171219 14:27:52.073"></status>
</kw>
<kw name="Click Element" library="SeleniumLibrary">
<doc>Click element identified by ``locator``.</doc>
<arguments>
<arg>${CONT_SHOPPING_LINK}</arg>
</arguments>
<msg timestamp="20171219 14:27:52.074" level="INFO">Clicking element 'css:a.continue-shopping'.</msg>
<status status="PASS" starttime="20171219 14:27:52.074" endtime="20171219 14:27:54.819"></status>
</kw>
<kw name="Wait Until Page Does Not Contain Element" library="SeleniumLibrary">
<doc>Waits until element ``locator`` disappears from current page.</doc>
<arguments>
<arg>${SHOPPING_CART_DIV}</arg>
</arguments>
<status status="PASS" starttime="20171219 14:27:54.819" endtime="20171219 14:27:54.829"></status>
</kw>
<status status="PASS" starttime="20171219 14:27:52.052" endtime="20171219 14:27:54.829"></status>
</kw>
<kw name="Sleep" library="BuiltIn">
<doc>Pauses the test executed for the given time.</doc>
<arguments>
<arg>2</arg>
</arguments>
<msg timestamp="20171219 14:27:56.830" level="INFO">Slept 2 seconds</msg>
<status status="PASS" starttime="20171219 14:27:54.829" endtime="20171219 14:27:56.830"></status>
</kw>
<kw name="Shop tvs and displays on desktop" library="tvs_displays_vizio">
<doc>Navigate to the TVs and displays shopping page.</doc>
<kw name="Click Element" library="SeleniumLibrary">
<doc>Click element identified by ``locator``.</doc>
<arguments>
<arg>${TV_DISPLAY_NAV_ITEM}</arg>
</arguments>
<msg timestamp="20171219 14:27:56.832" level="INFO">Clicking element 'css:a[data-nav-item='tvs-displays']'.</msg>
<status status="PASS" starttime="20171219 14:27:56.832" endtime="20171219 14:27:58.727"></status>
</kw>
<kw name="Click Element" library="SeleniumLibrary">
<doc>Click element identified by ``locator``.</doc>
<arguments>
<arg>${SHOP_TVS_DISPLAYS_DESKTOP}</arg>
</arguments>
<msg timestamp="20171219 14:27:58.727" level="INFO">Clicking element 'css:div.v-page a[href$='/tvs.html']'.</msg>
<status status="PASS" starttime="20171219 14:27:58.727" endtime="20171219 14:28:00.939"></status>
</kw>
<status status="PASS" starttime="20171219 14:27:56.831" endtime="20171219 14:28:00.939"></status>
</kw>
<kw name="Scroll page to find and select tv by model number" library="tvs_displays_vizio">
<doc>Will scroll the page until the specified ${model_number} is found, then select it.</doc>
<arguments>
<arg>${TV_MODEL_MSERIES}</arg>
</arguments>
<kw name="${counter} IN RANGE [ 8 ]" type="for">
<kw name="${counter} = 0" type="foritem">
<kw name="Run Keyword And Return Status" library="BuiltIn">
<doc>Runs the given keyword with given arguments and returns the status as a Boolean value.</doc>
<arguments>
<arg>Select tv by model number</arg>
<arg>${model_number}</arg>
</arguments>
<assign>
<var>${found}</var>
</assign>
<kw name="Select tv by model number" library="tvs_displays_vizio">
<doc>Clicks the respective TV by model number.</doc>
<arguments>
<arg>${model_number}</arg>
</arguments>
<kw name="Convert To Lowercase" library="String">
<doc>Converts string to lowercase.</doc>
<arguments>
<arg>${model_number}</arg>
</arguments>
<assign>
<var>${model_number}</var>
</assign>
<msg timestamp="20171219 14:28:00.944" level="INFO">${model_number} = m70-e3</msg>
<status status="PASS" starttime="20171219 14:28:00.944" endtime="20171219 14:28:00.944"></status>
</kw>
<kw name="Remove String" library="String">
<doc>Removes all ``removables`` from the given ``string``.</doc>
<arguments>
<arg>${model_number}</arg>
<arg>-</arg>
</arguments>
<assign>
<var>${model_number}</var>
</assign>
<msg timestamp="20171219 14:28:00.945" level="INFO">${model_number} = m70e3</msg>
<status status="PASS" starttime="20171219 14:28:00.945" endtime="20171219 14:28:00.945"></status>
</kw>
<kw name="Set Variable" library="BuiltIn">
<doc>Returns the given values which can then be assigned to a variables.</doc>
<arguments>
<arg>xpath=//a[@href='${URL}/tvs/${model_number}.html' and @title]</arg>
</arguments>
<assign>
<var>${tv_model}</var>
</assign>
<msg timestamp="20171219 14:28:00.945" level="INFO">${tv_model} = xpath=//a[@href='https://qa.viziostaging.com/tvs/m70e3.html' and @title]</msg>
<status status="PASS" starttime="20171219 14:28:00.945" endtime="20171219 14:28:00.945"></status>
</kw>
<kw name="Click Element" library="SeleniumLibrary">
<doc>Click element identified by ``locator``.</doc>
<arguments>
<arg>${tv_model}</arg>
</arguments>
<msg timestamp="20171219 14:28:00.946" level="INFO">Clicking element 'xpath=//a[@href='https://qa.viziostaging.com/tvs/m70e3.html' and @title]'.</msg>
<status status="PASS" starttime="20171219 14:28:00.946" endtime="20171219 14:28:04.350"></status>
</kw>
<status status="PASS" starttime="20171219 14:28:00.944" endtime="20171219 14:28:04.350"></status>
</kw>
<msg timestamp="20171219 14:28:04.350" level="INFO">${found} = True</msg>
<status status="PASS" starttime="20171219 14:28:00.943" endtime="20171219 14:28:04.350"></status>
</kw>
<kw name="Exit For Loop If" library="BuiltIn">
<doc>Stops executing the enclosing for loop if the ``condition`` is true.</doc>
<arguments>
<arg>${found}</arg>
</arguments>
<msg timestamp="20171219 14:28:04.351" level="INFO">Exiting for loop altogether.</msg>
<status status="PASS" starttime="20171219 14:28:04.350" endtime="20171219 14:28:04.351"></status>
</kw>
<status status="PASS" starttime="20171219 14:28:00.943" endtime="20171219 14:28:04.351"></status>
</kw>
<status status="PASS" starttime="20171219 14:28:00.943" endtime="20171219 14:28:04.351"></status>
</kw>
<status status="PASS" starttime="20171219 14:28:00.943" endtime="20171219 14:28:04.351"></status>
</kw>
<kw name="Sleep" library="BuiltIn">
<doc>Pauses the test executed for the given time.</doc>
<arguments>
<arg>1</arg>
</arguments>
<msg timestamp="20171219 14:28:05.352" level="INFO">Slept 1 second</msg>
<status status="PASS" starttime="20171219 14:28:04.351" endtime="20171219 14:28:05.352"></status>
</kw>
<kw name="Click Add to cart button" library="product_info_vizio">
<doc>Clicks the Buy Now button on a product landing page.</doc>
<kw name="Set Variable" library="BuiltIn">
<doc>Returns the given values which can then be assigned to a variables.</doc>
<arguments>
<arg>xpath=//a[@id='buyNow']</arg>
</arguments>
<assign>
<var>${buy_now_button}</var>
</assign>
<msg timestamp="20171219 14:28:05.353" level="INFO">${buy_now_button} = xpath=//a[@id='buyNow']</msg>
<status status="PASS" starttime="20171219 14:28:05.353" endtime="20171219 14:28:05.353"></status>
</kw>
<kw name="Wait Until Page Contains Element" library="SeleniumLibrary">
<doc>Waits until element ``locator`` appears on current page.</doc>
<arguments>
<arg>${buy_now_button}</arg>
</arguments>
<status status="PASS" starttime="20171219 14:28:05.353" endtime="20171219 14:28:05.369"></status>
</kw>
<kw name="Click Element" library="SeleniumLibrary">
<doc>Click element identified by ``locator``.</doc>
<arguments>
<arg>${buy_now_button}</arg>
</arguments>
<msg timestamp="20171219 14:28:05.370" level="INFO">Clicking element 'xpath=//a[@id='buyNow']'.</msg>
<status status="PASS" starttime="20171219 14:28:05.369" endtime="20171219 14:28:08.623"></status>
</kw>
<kw name="Wait Until Page Contains" library="SeleniumLibrary">
<doc>Waits until ``text`` appears on current page.</doc>
<arguments>
<arg>Shopping Cart</arg>
<arg>10</arg>
</arguments>
<status status="PASS" starttime="20171219 14:28:08.623" endtime="20171219 14:28:08.650"></status>
</kw>
<status status="PASS" starttime="20171219 14:28:05.352" endtime="20171219 14:28:08.651"></status>
</kw>
<kw name="Create List" library="BuiltIn">
<doc>Returns a list containing given items.</doc>
<arguments>
<arg>${TV_MODEL_PSERIES}</arg>
<arg>${TV_MODEL_MSERIES}</arg>
</arguments>
<assign>
<var>@{2_LIST}</var>
</assign>
<msg timestamp="20171219 14:28:08.652" level="INFO">@{2_LIST} = [ P65-E1 | M70-E3 ]</msg>
<status status="PASS" starttime="20171219 14:28:08.651" endtime="20171219 14:28:08.652"></status>
</kw>
<kw name="Verify shopping cart contents">
<arguments>
<arg>${2_LIST}</arg>
</arguments>
<kw name="Get Length" library="BuiltIn">
<doc>Returns and logs the length of the given item as an integer.</doc>
<arguments>
<arg>${items}</arg>
</arguments>
<assign>
<var>${number_of_items}</var>
</assign>
<msg timestamp="20171219 14:28:08.653" level="INFO">Length is 2</msg>
<msg timestamp="20171219 14:28:08.653" level="INFO">${number_of_items} = 2</msg>
<status status="PASS" starttime="20171219 14:28:08.653" endtime="20171219 14:28:08.653"></status>
</kw>
<kw name="Sleep" library="BuiltIn">
<doc>Pauses the test executed for the given time.</doc>
<arguments>
<arg>1</arg>
</arguments>
<msg timestamp="20171219 14:28:09.654" level="INFO">Slept 1 second</msg>
<status status="PASS" starttime="20171219 14:28:08.653" endtime="20171219 14:28:09.654"></status>
</kw>
<kw name="Verify number of items in shopping cart" library="assertions_vizio">
<doc>Verifies that the ${expected_number} of items are in the shopping cart.</doc>
<arguments>
<arg>${number_of_items}</arg>
</arguments>
<kw name="Set Variable" library="BuiltIn">
<doc>Returns the given values which can then be assigned to a variables.</doc>
<arguments>
<arg>css:div.shopping-cart div.cart-row:nth-child(${expected_number})</arg>
</arguments>
<assign>
<var>${last_cart_item}</var>
</assign>
<msg timestamp="20171219 14:28:09.660" level="INFO">${last_cart_item} = css:div.shopping-cart div.cart-row:nth-child(2)</msg>
<status status="PASS" starttime="20171219 14:28:09.659" endtime="20171219 14:28:09.660"></status>
</kw>
<kw name="Page Should Contain Element" library="SeleniumLibrary">
<doc>Verifies that element ``locator`` is found on the current page.</doc>
<arguments>
<arg>${last_cart_item}</arg>
</arguments>
<msg timestamp="20171219 14:28:09.672" level="INFO">Current page contains element 'css:div.shopping-cart div.cart-row:nth-child(2)'.</msg>
<status status="PASS" starttime="20171219 14:28:09.660" endtime="20171219 14:28:09.672"></status>
</kw>
<kw name="Element Should Be Visible" library="SeleniumLibrary">
<doc>Verifies that the element identified by ``locator`` is visible.</doc>
<arguments>
<arg>${last_cart_item}</arg>
</arguments>
<msg timestamp="20171219 14:28:09.692" level="INFO">Element 'css:div.shopping-cart div.cart-row:nth-child(2)' is displayed.</msg>
<status status="PASS" starttime="20171219 14:28:09.672" endtime="20171219 14:28:09.692"></status>
</kw>
<status status="PASS" starttime="20171219 14:28:09.659" endtime="20171219 14:28:09.693"></status>
</kw>
<kw name="${item} IN [ @{items} ]" type="for">
<kw name="${item} = P65-E1" type="foritem">
<kw name="Verify item is in cart on desktop" library="assertions_vizio">
<doc>Verifies that the product specified my it's ${model_number} is present in the shopping cart.}</doc>
<arguments>
<arg>${item}</arg>
</arguments>
<kw name="Set Variable" library="BuiltIn">
<doc>Returns the given values which can then be assigned to a variables.</doc>
<arguments>
<arg>xpath://div[contains(@class,'cart-row')]/.//span[text()='Model#${model_number}']</arg>
</arguments>
<assign>
<var>${product}</var>
</assign>
<msg timestamp="20171219 14:28:09.698" level="INFO">${product} = xpath://div[contains(@class,'cart-row')]/.//span[text()='Model#P65-E1']</msg>
<status status="PASS" starttime="20171219 14:28:09.697" endtime="20171219 14:28:09.698"></status>
</kw>
<kw name="Page Should Contain Element" library="SeleniumLibrary">
<doc>Verifies that element ``locator`` is found on the current page.</doc>
<arguments>
<arg>${product}</arg>
</arguments>
<msg timestamp="20171219 14:28:09.711" level="INFO">Current page contains element 'xpath://div[contains(@class,'cart-row')]/.//span[text()='Model#P65-E1']'.</msg>
<status status="PASS" starttime="20171219 14:28:09.698" endtime="20171219 14:28:09.711"></status>
</kw>
<kw name="Element Should Be Visible" library="SeleniumLibrary">
<doc>Verifies that the element identified by ``locator`` is visible.</doc>
<arguments>
<arg>${product}</arg>
</arguments>
<msg timestamp="20171219 14:28:09.731" level="INFO">Element 'xpath://div[contains(@class,'cart-row')]/.//span[text()='Model#P65-E1']' is displayed.</msg>
<status status="PASS" starttime="20171219 14:28:09.712" endtime="20171219 14:28:09.731"></status>
</kw>
<status status="PASS" starttime="20171219 14:28:09.697" endtime="20171219 14:28:09.732"></status>
</kw>
<status status="PASS" starttime="20171219 14:28:09.693" endtime="20171219 14:28:09.732"></status>
</kw>
<kw name="${item} = M70-E3" type="foritem">
<kw name="Verify item is in cart on desktop" library="assertions_vizio">
<doc>Verifies that the product specified my it's ${model_number} is present in the shopping cart.}</doc>
<arguments>
<arg>${item}</arg>
</arguments>
<kw name="Set Variable" library="BuiltIn">
<doc>Returns the given values which can then be assigned to a variables.</doc>
<arguments>
<arg>xpath://div[contains(@class,'cart-row')]/.//span[text()='Model#${model_number}']</arg>
</arguments>
<assign>
<var>${product}</var>
</assign>
<msg timestamp="20171219 14:28:09.736" level="INFO">${product} = xpath://div[contains(@class,'cart-row')]/.//span[text()='Model#M70-E3']</msg>
<status status="PASS" starttime="20171219 14:28:09.736" endtime="20171219 14:28:09.736"></status>
</kw>
<kw name="Page Should Contain Element" library="SeleniumLibrary">
<doc>Verifies that element ``locator`` is found on the current page.</doc>
<arguments>
<arg>${product}</arg>
</arguments>
<msg timestamp="20171219 14:28:09.750" level="INFO">Current page contains element 'xpath://div[contains(@class,'cart-row')]/.//span[text()='Model#M70-E3']'.</msg>
<status status="PASS" starttime="20171219 14:28:09.737" endtime="20171219 14:28:09.750"></status>
</kw>
<kw name="Element Should Be Visible" library="SeleniumLibrary">
<doc>Verifies that the element identified by ``locator`` is visible.</doc>
<arguments>
<arg>${product}</arg>
</arguments>
<msg timestamp="20171219 14:28:09.770" level="INFO">Element 'xpath://div[contains(@class,'cart-row')]/.//span[text()='Model#M70-E3']' is displayed.</msg>
<status status="PASS" starttime="20171219 14:28:09.750" endtime="20171219 14:28:09.770"></status>
</kw>
<status status="PASS" starttime="20171219 14:28:09.735" endtime="20171219 14:28:09.770"></status>
</kw>
<status status="PASS" starttime="20171219 14:28:09.732" endtime="20171219 14:28:09.770"></status>
</kw>
<status status="PASS" starttime="20171219 14:28:09.693" endtime="20171219 14:28:09.770"></status>
</kw>
<status status="PASS" starttime="20171219 14:28:08.652" endtime="20171219 14:28:09.771"></status>
</kw>
<kw name="Remove item from shopping cart" library="shop_cart_vizio">
<doc>Removes the item specified by ${model_number} from the shopping cart.</doc>
<arguments>
<arg>${TV_MODEL_PSERIES}</arg>
</arguments>
<kw name="Set Variable" library="BuiltIn">
<doc>Returns the given values which can then be assigned to a variables.</doc>
<arguments>
<arg>xpath://div[contains(@class,'cart-row')]/.//span[text()='Model#${model_number}']/.//parent::div/.//a[@title='Remove item']</arg>
</arguments>
<assign>
<var>${remove_link}</var>
</assign>
<msg timestamp="20171219 14:28:09.776" level="INFO">${remove_link} = xpath://div[contains(@class,'cart-row')]/.//span[text()='Model#P65-E1']/.//parent::div/.//a[@title='Remove item']</msg>
<status status="PASS" starttime="20171219 14:28:09.775" endtime="20171219 14:28:09.776"></status>
</kw>
<kw name="Click Element" library="SeleniumLibrary">
<doc>Click element identified by ``locator``.</doc>
<arguments>
<arg>${remove_link}</arg>
</arguments>
<msg timestamp="20171219 14:28:09.776" level="INFO">Clicking element 'xpath://div[contains(@class,'cart-row')]/.//span[text()='Model#P65-E1']/.//parent::div/.//a[@title='Remove item']'.</msg>
<status status="PASS" starttime="20171219 14:28:09.776" endtime="20171219 14:28:12.482"></status>
</kw>
<status status="PASS" starttime="20171219 14:28:09.775" endtime="20171219 14:28:12.482"></status>
</kw>
<kw name="Sleep" library="BuiltIn">
<doc>Pauses the test executed for the given time.</doc>
<arguments>
<arg>2</arg>
</arguments>
<msg timestamp="20171219 14:28:14.484" level="INFO">Slept 2 seconds</msg>
<status status="PASS" starttime="20171219 14:28:12.483" endtime="20171219 14:28:14.484"></status>
</kw>
<kw name="Create List" library="BuiltIn">
<doc>Returns a list containing given items.</doc>
<arguments>
<arg>${TV_MODEL_MSERIES}</arg>
</arguments>
<assign>
<var>@{1_LIST}</var>
</assign>
<msg timestamp="20171219 14:28:14.486" level="INFO">@{1_LIST} = [ M70-E3 ]</msg>
<status status="PASS" starttime="20171219 14:28:14.485" endtime="20171219 14:28:14.486"></status>
</kw>
<kw name="Verify shopping cart contents">
<arguments>
<arg>${1_LIST}</arg>
</arguments>
<kw name="Get Length" library="BuiltIn">
<doc>Returns and logs the length of the given item as an integer.</doc>
<arguments>
<arg>${items}</arg>
</arguments>
<assign>
<var>${number_of_items}</var>
</assign>
<msg timestamp="20171219 14:28:14.487" level="INFO">Length is 1</msg>
<msg timestamp="20171219 14:28:14.487" level="INFO">${number_of_items} = 1</msg>
<status status="PASS" starttime="20171219 14:28:14.487" endtime="20171219 14:28:14.487"></status>
</kw>
<kw name="Sleep" library="BuiltIn">
<doc>Pauses the test executed for the given time.</doc>
<arguments>
<arg>1</arg>
</arguments>
<msg timestamp="20171219 14:28:15.490" level="INFO">Slept 1 second</msg>
<status status="PASS" starttime="20171219 14:28:14.487" endtime="20171219 14:28:15.490"></status>
</kw>
<kw name="Verify number of items in shopping cart" library="assertions_vizio">
<doc>Verifies that the ${expected_number} of items are in the shopping cart.</doc>
<arguments>
<arg>${number_of_items}</arg>
</arguments>
<kw name="Set Variable" library="BuiltIn">
<doc>Returns the given values which can then be assigned to a variables.</doc>
<arguments>
<arg>css:div.shopping-cart div.cart-row:nth-child(${expected_number})</arg>
</arguments>
<assign>
<var>${last_cart_item}</var>
</assign>
<msg timestamp="20171219 14:28:15.496" level="INFO">${last_cart_item} = css:div.shopping-cart div.cart-row:nth-child(1)</msg>
<status status="PASS" starttime="20171219 14:28:15.496" endtime="20171219 14:28:15.496"></status>
</kw>
<kw name="Page Should Contain Element" library="SeleniumLibrary">
<doc>Verifies that element ``locator`` is found on the current page.</doc>
<arguments>
<arg>${last_cart_item}</arg>
</arguments>
<msg timestamp="20171219 14:28:15.509" level="INFO">Current page contains element 'css:div.shopping-cart div.cart-row:nth-child(1)'.</msg>
<status status="PASS" starttime="20171219 14:28:15.497" endtime="20171219 14:28:15.510"></status>
</kw>
<kw name="Element Should Be Visible" library="SeleniumLibrary">
<doc>Verifies that the element identified by ``locator`` is visible.</doc>
<arguments>
<arg>${last_cart_item}</arg>
</arguments>
<msg timestamp="20171219 14:28:15.529" level="INFO">Element 'css:div.shopping-cart div.cart-row:nth-child(1)' is displayed.</msg>
<status status="PASS" starttime="20171219 14:28:15.510" endtime="20171219 14:28:15.529"></status>
</kw>
<status status="PASS" starttime="20171219 14:28:15.495" endtime="20171219 14:28:15.530"></status>
</kw>
<kw name="${item} IN [ @{items} ]" type="for">
<kw name="${item} = M70-E3" type="foritem">
<kw name="Verify item is in cart on desktop" library="assertions_vizio">
<doc>Verifies that the product specified my it's ${model_number} is present in the shopping cart.}</doc>
<arguments>
<arg>${item}</arg>
</arguments>
<kw name="Set Variable" library="BuiltIn">
<doc>Returns the given values which can then be assigned to a variables.</doc>
<arguments>
<arg>xpath://div[contains(@class,'cart-row')]/.//span[text()='Model#${model_number}']</arg>
</arguments>
<assign>
<var>${product}</var>
</assign>
<msg timestamp="20171219 14:28:15.535" level="INFO">${product} = xpath://div[contains(@class,'cart-row')]/.//span[text()='Model#M70-E3']</msg>
<status status="PASS" starttime="20171219 14:28:15.535" endtime="20171219 14:28:15.535"></status>
</kw>
<kw name="Page Should Contain Element" library="SeleniumLibrary">
<doc>Verifies that element ``locator`` is found on the current page.</doc>
<arguments>
<arg>${product}</arg>
</arguments>
<msg timestamp="20171219 14:28:15.543" level="INFO">Current page contains element 'xpath://div[contains(@class,'cart-row')]/.//span[text()='Model#M70-E3']'.</msg>
<status status="PASS" starttime="20171219 14:28:15.535" endtime="20171219 14:28:15.544"></status>
</kw>
<kw name="Element Should Be Visible" library="SeleniumLibrary">
<doc>Verifies that the element identified by ``locator`` is visible.</doc>
<arguments>
<arg>${product}</arg>
</arguments>
<msg timestamp="20171219 14:28:15.563" level="INFO">Element 'xpath://div[contains(@class,'cart-row')]/.//span[text()='Model#M70-E3']' is displayed.</msg>
<status status="PASS" starttime="20171219 14:28:15.544" endtime="20171219 14:28:15.563"></status>
</kw>
<status status="PASS" starttime="20171219 14:28:15.534" endtime="20171219 14:28:15.564"></status>
</kw>
<status status="PASS" starttime="20171219 14:28:15.530" endtime="20171219 14:28:15.564"></status>
</kw>
<status status="PASS" starttime="20171219 14:28:15.530" endtime="20171219 14:28:15.564"></status>
</kw>
<status status="PASS" starttime="20171219 14:28:14.486" endtime="20171219 14:28:15.564"></status>
</kw>
<kw name="Shop sound bars on desktop" library="sound_bars_vizio">
<doc>Clicks on the Sound Bars navigation item and then clicks the Shop Shound Bars button.</doc>
<kw name="Click sound bars navigation item" library="navigation_bar_vizio">
<doc>Clicks the Sound Bars link in the top nav bar.</doc>
<kw name="Click Element" library="SeleniumLibrary">
<doc>Click element identified by ``locator``.</doc>
<arguments>
<arg>${SOUND_BARS_NAV_ITEM}</arg>
</arguments>
<msg timestamp="20171219 14:28:15.565" level="INFO">Clicking element 'css:a[data-nav-item='audio']'.</msg>
<status status="PASS" starttime="20171219 14:28:15.565" endtime="20171219 14:28:17.526"></status>
</kw>
<kw name="Wait Until Element Is Visible" library="SeleniumLibrary">
<doc>Waits until element ``locator`` is visible.</doc>
<arguments>
<arg>${COMPONENT_OVERVIEW_H1}</arg>
</arguments>
<status status="PASS" starttime="20171219 14:28:17.527" endtime="20171219 14:28:17.552"></status>
</kw>
<status status="PASS" starttime="20171219 14:28:15.565" endtime="20171219 14:28:17.553"></status>
</kw>
<kw name="Click Element" library="SeleniumLibrary">
<doc>Click element identified by ``locator``.</doc>
<arguments>
<arg>${SHOP_SOUND_BARS_DESKTOP}</arg>
</arguments>
<msg timestamp="20171219 14:28:17.553" level="INFO">Clicking element 'css:div.v-page a[onclick*='shop sound bars']'.</msg>
<status status="PASS" starttime="20171219 14:28:17.553" endtime="20171219 14:28:19.327"></status>
</kw>
<status status="PASS" starttime="20171219 14:28:15.564" endtime="20171219 14:28:19.327"></status>
</kw>
<kw name="Select sound bar by model number" library="sound_bars_vizio">
<doc>Clicks the respective Sound Bar by model number.</doc>
<arguments>
<arg>${SOUNDBAR_MODEL}</arg>
</arguments>
<kw name="Convert To Lowercase" library="String">
<doc>Converts string to lowercase.</doc>
<arguments>
<arg>${model_number}</arg>
</arguments>
<assign>
<var>${model_number}</var>
</assign>
<msg timestamp="20171219 14:28:19.328" level="INFO">${model_number} = sb4551-d5</msg>
<status status="PASS" starttime="20171219 14:28:19.328" endtime="20171219 14:28:19.328"></status>
</kw>
<kw name="Remove String" library="String">
<doc>Removes all ``removables`` from the given ``string``.</doc>
<arguments>
<arg>${model_number}</arg>
<arg>-</arg>
</arguments>
<assign>
<var>${model_number}</var>
</assign>
<msg timestamp="20171219 14:28:19.329" level="INFO">${model_number} = sb4551d5</msg>
<status status="PASS" starttime="20171219 14:28:19.328" endtime="20171219 14:28:19.329"></status>
</kw>
<kw name="Set Variable" library="BuiltIn">
<doc>Returns the given values which can then be assigned to a variables.</doc>
<arguments>
<arg>css:h2 a[href$='${model_number}.html']</arg>
</arguments>
<assign>
<var>${soundbar_model}</var>
</assign>
<msg timestamp="20171219 14:28:19.329" level="INFO">${soundbar_model} = css:h2 a[href$='sb4551d5.html']</msg>
<status status="PASS" starttime="20171219 14:28:19.329" endtime="20171219 14:28:19.329"></status>
</kw>
<kw name="Click Element" library="SeleniumLibrary">
<doc>Click element identified by ``locator``.</doc>
<arguments>
<arg>${soundbar_model}</arg>
</arguments>
<msg timestamp="20171219 14:28:19.330" level="INFO">Clicking element 'css:h2 a[href$='sb4551d5.html']'.</msg>
<status status="PASS" starttime="20171219 14:28:19.330" endtime="20171219 14:28:23.431"></status>
</kw>
<status status="PASS" starttime="20171219 14:28:19.327" endtime="20171219 14:28:23.431"></status>
</kw>
<kw name="Sleep" library="BuiltIn">
<doc>Pauses the test executed for the given time.</doc>
<arguments>
<arg>1</arg>
</arguments>
<msg timestamp="20171219 14:28:24.434" level="INFO">Slept 1 second</msg>
<status status="PASS" starttime="20171219 14:28:23.432" endtime="20171219 14:28:24.435"></status>
</kw>
<kw name="Click Add to cart button" library="product_info_vizio">
<doc>Clicks the Buy Now button on a product landing page.</doc>
<kw name="Set Variable" library="BuiltIn">
<doc>Returns the given values which can then be assigned to a variables.</doc>
<arguments>
<arg>xpath=//a[@id='buyNow']</arg>
</arguments>
<assign>
<var>${buy_now_button}</var>
</assign>
<msg timestamp="20171219 14:28:24.436" level="INFO">${buy_now_button} = xpath=//a[@id='buyNow']</msg>
<status status="PASS" starttime="20171219 14:28:24.436" endtime="20171219 14:28:24.436"></status>
</kw>
<kw name="Wait Until Page Contains Element" library="SeleniumLibrary">
<doc>Waits until element ``locator`` appears on current page.</doc>
<arguments>
<arg>${buy_now_button}</arg>
</arguments>
<status status="PASS" starttime="20171219 14:28:24.436" endtime="20171219 14:28:24.454"></status>
</kw>
<kw name="Click Element" library="SeleniumLibrary">
<doc>Click element identified by ``locator``.</doc>
<arguments>
<arg>${buy_now_button}</arg>
</arguments>
<msg timestamp="20171219 14:28:24.455" level="INFO">Clicking element 'xpath=//a[@id='buyNow']'.</msg>
<status status="PASS" starttime="20171219 14:28:24.454" endtime="20171219 14:28:31.718"></status>
</kw>
<kw name="Wait Until Page Contains" library="SeleniumLibrary">
<doc>Waits until ``text`` appears on current page.</doc>
<arguments>
<arg>Shopping Cart</arg>
<arg>10</arg>
</arguments>
<status status="PASS" starttime="20171219 14:28:31.718" endtime="20171219 14:28:31.736"></status>
</kw>
<status status="PASS" starttime="20171219 14:28:24.435" endtime="20171219 14:28:31.736"></status>
</kw>
<kw name="Shop wireless speakers on desktop" library="wireless_speakers_vizio">
<doc>Clicks on the Sound Bars navigation item and then clicks the Shop Wireless Speakers button.</doc>
<kw name="Click wireless speakers navigation item" library="navigation_bar_vizio">
<doc>Clicks the Wireless Speakers link in the top nav bar.</doc>
<kw name="Click Element" library="SeleniumLibrary">
<doc>Click element identified by ``locator``.</doc>
<arguments>
<arg>${WIRELESS_SPEAKERS_NAV_ITEM}</arg>
</arguments>
<msg timestamp="20171219 14:28:31.737" level="INFO">Clicking element 'css:a[data-nav-item='discover']'.</msg>
<status status="PASS" starttime="20171219 14:28:31.737" endtime="20171219 14:28:33.679"></status>
</kw>
<kw name="Wait Until Element Is Visible" library="SeleniumLibrary">
<doc>Waits until element ``locator`` is visible.</doc>
<arguments>
<arg>${COMPONENT_OVERVIEW_H1}</arg>
</arguments>
<status status="PASS" starttime="20171219 14:28:33.679" endtime="20171219 14:28:33.706"></status>
</kw>
<status status="PASS" starttime="20171219 14:28:31.737" endtime="20171219 14:28:33.706"></status>
</kw>
<kw name="Click Element" library="SeleniumLibrary">
<doc>Click element identified by ``locator``.</doc>
<arguments>
<arg>${SHOP_WIRELESS_SPEAKERS_DESKTOP}</arg>
</arguments>
<msg timestamp="20171219 14:28:33.706" level="INFO">Clicking element 'css:div.v-page a[href$='audio/multi-room.html']'.</msg>
<status status="PASS" starttime="20171219 14:28:33.706" endtime="20171219 14:28:35.144"></status>
</kw>
<status status="PASS" starttime="20171219 14:28:31.736" endtime="20171219 14:28:35.144"></status>
</kw>
<kw name="Select wireless speakers by model number" library="wireless_speakers_vizio">
<doc>Clicks the respective Wireless Speaker by model number.</doc>
<arguments>
<arg>${SPEAKER_MODEL}</arg>
</arguments>
<kw name="Convert To Lowercase" library="String">
<doc>Converts string to lowercase.</doc>
<arguments>
<arg>${model_number}</arg>
</arguments>
<assign>
<var>${model_number}</var>
</assign>
<msg timestamp="20171219 14:28:35.145" level="INFO">${model_number} = sp30-e0</msg>
<status status="PASS" starttime="20171219 14:28:35.145" endtime="20171219 14:28:35.145"></status>
</kw>
<kw name="Remove String" library="String">
<doc>Removes all ``removables`` from the given ``string``.</doc>
<arguments>
<arg>${model_number}</arg>
<arg>-</arg>
</arguments>
<assign>
<var>${model_number}</var>
</assign>
<msg timestamp="20171219 14:28:35.146" level="INFO">${model_number} = sp30e0</msg>
<status status="PASS" starttime="20171219 14:28:35.146" endtime="20171219 14:28:35.146"></status>
</kw>
<kw name="Set Variable" library="BuiltIn">
<doc>Returns the given values which can then be assigned to a variables.</doc>
<arguments>
<arg>css:ul.products-grid a[href$='${model_number}.html']</arg>
</arguments>
<assign>
<var>${speaker_model}</var>
</assign>
<msg timestamp="20171219 14:28:35.147" level="INFO">${speaker_model} = css:ul.products-grid a[href$='sp30e0.html']</msg>
<status status="PASS" starttime="20171219 14:28:35.146" endtime="20171219 14:28:35.147"></status>
</kw>
<kw name="Click Element" library="SeleniumLibrary">
<doc>Click element identified by ``locator``.</doc>
<arguments>
<arg>${speaker_model}</arg>
</arguments>
<msg timestamp="20171219 14:28:35.147" level="INFO">Clicking element 'css:ul.products-grid a[href$='sp30e0.html']'.</msg>
<status status="PASS" starttime="20171219 14:28:35.147" endtime="20171219 14:28:38.170"></status>
</kw>
<status status="PASS" starttime="20171219 14:28:35.144" endtime="20171219 14:28:38.171"></status>
</kw>
<kw name="Sleep" library="BuiltIn">
<doc>Pauses the test executed for the given time.</doc>
<arguments>
<arg>1</arg>
</arguments>
<msg timestamp="20171219 14:28:39.172" level="INFO">Slept 1 second</msg>
<status status="PASS" starttime="20171219 14:28:38.171" endtime="20171219 14:28:39.173"></status>
</kw>
<kw name="Click Add to cart button" library="product_info_vizio">
<doc>Clicks the Buy Now button on a product landing page.</doc>
<kw name="Set Variable" library="BuiltIn">
<doc>Returns the given values which can then be assigned to a variables.</doc>
<arguments>
<arg>xpath=//a[@id='buyNow']</arg>
</arguments>
<assign>
<var>${buy_now_button}</var>
</assign>
<msg timestamp="20171219 14:28:39.174" level="INFO">${buy_now_button} = xpath=//a[@id='buyNow']</msg>
<status status="PASS" starttime="20171219 14:28:39.174" endtime="20171219 14:28:39.174"></status>
</kw>
<kw name="Wait Until Page Contains Element" library="SeleniumLibrary">
<doc>Waits until element ``locator`` appears on current page.</doc>
<arguments>
<arg>${buy_now_button}</arg>
</arguments>
<status status="PASS" starttime="20171219 14:28:39.175" endtime="20171219 14:28:39.190"></status>
</kw>
<kw name="Click Element" library="SeleniumLibrary">
<doc>Click element identified by ``locator``.</doc>
<arguments>
<arg>${buy_now_button}</arg>
</arguments>
<msg timestamp="20171219 14:28:39.190" level="INFO">Clicking element 'xpath=//a[@id='buyNow']'.</msg>
<status status="PASS" starttime="20171219 14:28:39.190" endtime="20171219 14:28:41.556"></status>
</kw>
<kw name="Wait Until Page Contains" library="SeleniumLibrary">
<doc>Waits until ``text`` appears on current page.</doc>
<arguments>
<arg>Shopping Cart</arg>
<arg>10</arg>
</arguments>
<status status="PASS" starttime="20171219 14:28:41.556" endtime="20171219 14:28:41.573"></status>
</kw>
<status status="PASS" starttime="20171219 14:28:39.173" endtime="20171219 14:28:41.573"></status>
</kw>
<kw name="Create List" library="BuiltIn">
<doc>Returns a list containing given items.</doc>
<arguments>
<arg>${TV_MODEL_MSERIES}</arg>
<arg>${SOUNDBAR_MODEL}</arg>
<arg>${SPEAKER_MODEL}</arg>
</arguments>
<assign>
<var>@{3_LIST}</var>
</assign>
<msg timestamp="20171219 14:28:41.574" level="INFO">@{3_LIST} = [ M70-E3 | SB4551-D5 | SP30-E0 ]</msg>
<status status="PASS" starttime="20171219 14:28:41.573" endtime="20171219 14:28:41.574"></status>
</kw>
<kw name="Verify shopping cart contents">
<arguments>
<arg>${3_LIST}</arg>
</arguments>
<kw name="Get Length" library="BuiltIn">
<doc>Returns and logs the length of the given item as an integer.</doc>
<arguments>
<arg>${items}</arg>
</arguments>
<assign>
<var>${number_of_items}</var>
</assign>
<msg timestamp="20171219 14:28:41.575" level="INFO">Length is 3</msg>
<msg timestamp="20171219 14:28:41.575" level="INFO">${number_of_items} = 3</msg>
<status status="PASS" starttime="20171219 14:28:41.575" endtime="20171219 14:28:41.575"></status>
</kw>
<kw name="Sleep" library="BuiltIn">
<doc>Pauses the test executed for the given time.</doc>
<arguments>
<arg>1</arg>
</arguments>
<msg timestamp="20171219 14:28:42.576" level="INFO">Slept 1 second</msg>
<status status="PASS" starttime="20171219 14:28:41.575" endtime="20171219 14:28:42.576"></status>
</kw>
<kw name="Verify number of items in shopping cart" library="assertions_vizio">
<doc>Verifies that the ${expected_number} of items are in the shopping cart.</doc>
<arguments>
<arg>${number_of_items}</arg>
</arguments>
<kw name="Set Variable" library="BuiltIn">
<doc>Returns the given values which can then be assigned to a variables.</doc>
<arguments>
<arg>css:div.shopping-cart div.cart-row:nth-child(${expected_number})</arg>
</arguments>
<assign>
<var>${last_cart_item}</var>
</assign>
<msg timestamp="20171219 14:28:42.581" level="INFO">${last_cart_item} = css:div.shopping-cart div.cart-row:nth-child(3)</msg>
<status status="PASS" starttime="20171219 14:28:42.581" endtime="20171219 14:28:42.581"></status>
</kw>
<kw name="Page Should Contain Element" library="SeleniumLibrary">
<doc>Verifies that element ``locator`` is found on the current page.</doc>
<arguments>
<arg>${last_cart_item}</arg>
</arguments>
<msg timestamp="20171219 14:28:42.594" level="INFO">Current page contains element 'css:div.shopping-cart div.cart-row:nth-child(3)'.</msg>
<status status="PASS" starttime="20171219 14:28:42.581" endtime="20171219 14:28:42.595"></status>
</kw>
<kw name="Element Should Be Visible" library="SeleniumLibrary">
<doc>Verifies that the element identified by ``locator`` is visible.</doc>
<arguments>
<arg>${last_cart_item}</arg>
</arguments>
<msg timestamp="20171219 14:28:42.614" level="INFO">Element 'css:div.shopping-cart div.cart-row:nth-child(3)' is displayed.</msg>
<status status="PASS" starttime="20171219 14:28:42.595" endtime="20171219 14:28:42.614"></status>
</kw>
<status status="PASS" starttime="20171219 14:28:42.580" endtime="20171219 14:28:42.614"></status>
</kw>
<kw name="${item} IN [ @{items} ]" type="for">
<kw name="${item} = M70-E3" type="foritem">
<kw name="Verify item is in cart on desktop" library="assertions_vizio">
<doc>Verifies that the product specified my it's ${model_number} is present in the shopping cart.}</doc>
<arguments>
<arg>${item}</arg>
</arguments>
<kw name="Set Variable" library="BuiltIn">
<doc>Returns the given values which can then be assigned to a variables.</doc>
<arguments>
<arg>xpath://div[contains(@class,'cart-row')]/.//span[text()='Model#${model_number}']</arg>
</arguments>
<assign>
<var>${product}</var>
</assign>
<msg timestamp="20171219 14:28:42.619" level="INFO">${product} = xpath://div[contains(@class,'cart-row')]/.//span[text()='Model#M70-E3']</msg>
<status status="PASS" starttime="20171219 14:28:42.619" endtime="20171219 14:28:42.619"></status>
</kw>
<kw name="Page Should Contain Element" library="SeleniumLibrary">
<doc>Verifies that element ``locator`` is found on the current page.</doc>
<arguments>
<arg>${product}</arg>
</arguments>
<msg timestamp="20171219 14:28:42.633" level="INFO">Current page contains element 'xpath://div[contains(@class,'cart-row')]/.//span[text()='Model#M70-E3']'.</msg>
<status status="PASS" starttime="20171219 14:28:42.620" endtime="20171219 14:28:42.633"></status>
</kw>
<kw name="Element Should Be Visible" library="SeleniumLibrary">
<doc>Verifies that the element identified by ``locator`` is visible.</doc>
<arguments>
<arg>${product}</arg>
</arguments>
<msg timestamp="20171219 14:28:42.653" level="INFO">Element 'xpath://div[contains(@class,'cart-row')]/.//span[text()='Model#M70-E3']' is displayed.</msg>
<status status="PASS" starttime="20171219 14:28:42.633" endtime="20171219 14:28:42.654"></status>
</kw>
<status status="PASS" starttime="20171219 14:28:42.618" endtime="20171219 14:28:42.654"></status>
</kw>
<status status="PASS" starttime="20171219 14:28:42.615" endtime="20171219 14:28:42.654"></status>
</kw>
<kw name="${item} = SB4551-D5" type="foritem">
<kw name="Verify item is in cart on desktop" library="assertions_vizio">
<doc>Verifies that the product specified my it's ${model_number} is present in the shopping cart.}</doc>
<arguments>
<arg>${item}</arg>
</arguments>
<kw name="Set Variable" library="BuiltIn">
<doc>Returns the given values which can then be assigned to a variables.</doc>
<arguments>
<arg>xpath://div[contains(@class,'cart-row')]/.//span[text()='Model#${model_number}']</arg>
</arguments>
<assign>
<var>${product}</var>
</assign>
<msg timestamp="20171219 14:28:42.658" level="INFO">${product} = xpath://div[contains(@class,'cart-row')]/.//span[text()='Model#SB4551-D5']</msg>
<status status="PASS" starttime="20171219 14:28:42.658" endtime="20171219 14:28:42.658"></status>
</kw>
<kw name="Page Should Contain Element" library="SeleniumLibrary">
<doc>Verifies that element ``locator`` is found on the current page.</doc>
<arguments>
<arg>${product}</arg>
</arguments>
<msg timestamp="20171219 14:28:42.671" level="INFO">Current page contains element 'xpath://div[contains(@class,'cart-row')]/.//span[text()='Model#SB4551-D5']'.</msg>
<status status="PASS" starttime="20171219 14:28:42.659" endtime="20171219 14:28:42.671"></status>
</kw>
<kw name="Element Should Be Visible" library="SeleniumLibrary">
<doc>Verifies that the element identified by ``locator`` is visible.</doc>
<arguments>
<arg>${product}</arg>
</arguments>
<msg timestamp="20171219 14:28:42.689" level="INFO">Element 'xpath://div[contains(@class,'cart-row')]/.//span[text()='Model#SB4551-D5']' is displayed.</msg>
<status status="PASS" starttime="20171219 14:28:42.671" endtime="20171219 14:28:42.690"></status>
</kw>
<status status="PASS" starttime="20171219 14:28:42.658" endtime="20171219 14:28:42.690"></status>
</kw>
<status status="PASS" starttime="20171219 14:28:42.654" endtime="20171219 14:28:42.690"></status>
</kw>
<kw name="${item} = SP30-E0" type="foritem">
<kw name="Verify item is in cart on desktop" library="assertions_vizio">
<doc>Verifies that the product specified my it's ${model_number} is present in the shopping cart.}</doc>
<arguments>
<arg>${item}</arg>
</arguments>
<kw name="Set Variable" library="BuiltIn">
<doc>Returns the given values which can then be assigned to a variables.</doc>
<arguments>
<arg>xpath://div[contains(@class,'cart-row')]/.//span[text()='Model#${model_number}']</arg>
</arguments>
<assign>
<var>${product}</var>
</assign>
<msg timestamp="20171219 14:28:42.694" level="INFO">${product} = xpath://div[contains(@class,'cart-row')]/.//span[text()='Model#SP30-E0']</msg>
<status status="PASS" starttime="20171219 14:28:42.694" endtime="20171219 14:28:42.694"></status>
</kw>
<kw name="Page Should Contain Element" library="SeleniumLibrary">
<doc>Verifies that element ``locator`` is found on the current page.</doc>
<arguments>
<arg>${product}</arg>
</arguments>
<msg timestamp="20171219 14:28:42.708" level="INFO">Current page contains element 'xpath://div[contains(@class,'cart-row')]/.//span[text()='Model#SP30-E0']'.</msg>
<status status="PASS" starttime="20171219 14:28:42.695" endtime="20171219 14:28:42.708"></status>
</kw>
<kw name="Element Should Be Visible" library="SeleniumLibrary">
<doc>Verifies that the element identified by ``locator`` is visible.</doc>
<arguments>
<arg>${product}</arg>
</arguments>
<msg timestamp="20171219 14:28:42.726" level="INFO">Element 'xpath://div[contains(@class,'cart-row')]/.//span[text()='Model#SP30-E0']' is displayed.</msg>
<status status="PASS" starttime="20171219 14:28:42.708" endtime="20171219 14:28:42.727"></status>
</kw>
<status status="PASS" starttime="20171219 14:28:42.693" endtime="20171219 14:28:42.727"></status>
</kw>
<status status="PASS" starttime="20171219 14:28:42.690" endtime="20171219 14:28:42.727"></status>
</kw>
<status status="PASS" starttime="20171219 14:28:42.615" endtime="20171219 14:28:42.727"></status>
</kw>
<status status="PASS" starttime="20171219 14:28:41.574" endtime="20171219 14:28:42.727"></status>
</kw>
<kw name="Remove item from shopping cart" library="shop_cart_vizio">
<doc>Removes the item specified by ${model_number} from the shopping cart.</doc>
<arguments>
<arg>${SOUNDBAR_MODEL}</arg>
</arguments>
<kw name="Set Variable" library="BuiltIn">
<doc>Returns the given values which can then be assigned to a variables.</doc>
<arguments>
<arg>xpath://div[contains(@class,'cart-row')]/.//span[text()='Model#${model_number}']/.//parent::div/.//a[@title='Remove item']</arg>
</arguments>
<assign>
<var>${remove_link}</var>
</assign>
<msg timestamp="20171219 14:28:42.731" level="INFO">${remove_link} = xpath://div[contains(@class,'cart-row')]/.//span[text()='Model#SB4551-D5']/.//parent::div/.//a[@title='Remove item']</msg>
<status status="PASS" starttime="20171219 14:28:42.731" endtime="20171219 14:28:42.731"></status>
</kw>
<kw name="Click Element" library="SeleniumLibrary">
<doc>Click element identified by ``locator``.</doc>
<arguments>
<arg>${remove_link}</arg>
</arguments>
<msg timestamp="20171219 14:28:42.732" level="INFO">Clicking element 'xpath://div[contains(@class,'cart-row')]/.//span[text()='Model#SB4551-D5']/.//parent::div/.//a[@title='Remove item']'.</msg>
<status status="PASS" starttime="20171219 14:28:42.731" endtime="20171219 14:28:45.183"></status>
</kw>
<status status="PASS" starttime="20171219 14:28:42.730" endtime="20171219 14:28:45.183"></status>
</kw>
<kw name="Sleep" library="BuiltIn">
<doc>Pauses the test executed for the given time.</doc>
<arguments>
<arg>2</arg>
</arguments>
<msg timestamp="20171219 14:28:47.185" level="INFO">Slept 2 seconds</msg>
<status status="PASS" starttime="20171219 14:28:45.184" endtime="20171219 14:28:47.185"></status>
</kw>
<kw name="Create List" library="BuiltIn">
<doc>Returns a list containing given items.</doc>
<arguments>
<arg>${TV_MODEL_MSERIES}</arg>
<arg>${SPEAKER_MODEL}</arg>
</arguments>
<assign>
<var>@{2_LIST}</var>
</assign>
<msg timestamp="20171219 14:28:47.187" level="INFO">@{2_LIST} = [ M70-E3 | SP30-E0 ]</msg>
<status status="PASS" starttime="20171219 14:28:47.186" endtime="20171219 14:28:47.187"></status>
</kw>
<kw name="Verify shopping cart contents">
<arguments>
<arg>${2_LIST}</arg>
</arguments>
<kw name="Get Length" library="BuiltIn">
<doc>Returns and logs the length of the given item as an integer.</doc>
<arguments>
<arg>${items}</arg>
</arguments>
<assign>
<var>${number_of_items}</var>
</assign>
<msg timestamp="20171219 14:28:47.188" level="INFO">Length is 2</msg>
<msg timestamp="20171219 14:28:47.188" level="INFO">${number_of_items} = 2</msg>
<status status="PASS" starttime="20171219 14:28:47.188" endtime="20171219 14:28:47.188"></status>
</kw>
<kw name="Sleep" library="BuiltIn">
<doc>Pauses the test executed for the given time.</doc>
<arguments>
<arg>1</arg>
</arguments>
<msg timestamp="20171219 14:28:48.189" level="INFO">Slept 1 second</msg>
<status status="PASS" starttime="20171219 14:28:47.188" endtime="20171219 14:28:48.189"></status>
</kw>
<kw name="Verify number of items in shopping cart" library="assertions_vizio">
<doc>Verifies that the ${expected_number} of items are in the shopping cart.</doc>
<arguments>
<arg>${number_of_items}</arg>
</arguments>
<kw name="Set Variable" library="BuiltIn">
<doc>Returns the given values which can then be assigned to a variables.</doc>
<arguments>
<arg>css:div.shopping-cart div.cart-row:nth-child(${expected_number})</arg>
</arguments>
<assign>
<var>${last_cart_item}</var>
</assign>
<msg timestamp="20171219 14:28:48.194" level="INFO">${last_cart_item} = css:div.shopping-cart div.cart-row:nth-child(2)</msg>
<status status="PASS" starttime="20171219 14:28:48.194" endtime="20171219 14:28:48.194"></status>
</kw>
<kw name="Page Should Contain Element" library="SeleniumLibrary">
<doc>Verifies that element ``locator`` is found on the current page.</doc>
<arguments>
<arg>${last_cart_item}</arg>
</arguments>
<msg timestamp="20171219 14:28:48.208" level="INFO">Current page contains element 'css:div.shopping-cart div.cart-row:nth-child(2)'.</msg>
<status status="PASS" starttime="20171219 14:28:48.194" endtime="20171219 14:28:48.208"></status>
</kw>
<kw name="Element Should Be Visible" library="SeleniumLibrary">
<doc>Verifies that the element identified by ``locator`` is visible.</doc>
<arguments>
<arg>${last_cart_item}</arg>
</arguments>
<msg timestamp="20171219 14:28:48.260" level="INFO">Element 'css:div.shopping-cart div.cart-row:nth-child(2)' is displayed.</msg>
<status status="PASS" starttime="20171219 14:28:48.208" endtime="20171219 14:28:48.260"></status>
</kw>
<status status="PASS" starttime="20171219 14:28:48.193" endtime="20171219 14:28:48.260"></status>
</kw>
<kw name="${item} IN [ @{items} ]" type="for">
<kw name="${item} = M70-E3" type="foritem">
<kw name="Verify item is in cart on desktop" library="assertions_vizio">
<doc>Verifies that the product specified my it's ${model_number} is present in the shopping cart.}</doc>
<arguments>
<arg>${item}</arg>
</arguments>
<kw name="Set Variable" library="BuiltIn">
<doc>Returns the given values which can then be assigned to a variables.</doc>
<arguments>
<arg>xpath://div[contains(@class,'cart-row')]/.//span[text()='Model#${model_number}']</arg>
</arguments>
<assign>
<var>${product}</var>
</assign>
<msg timestamp="20171219 14:28:48.265" level="INFO">${product} = xpath://div[contains(@class,'cart-row')]/.//span[text()='Model#M70-E3']</msg>
<status status="PASS" starttime="20171219 14:28:48.265" endtime="20171219 14:28:48.266"></status>
</kw>
<kw name="Page Should Contain Element" library="SeleniumLibrary">
<doc>Verifies that element ``locator`` is found on the current page.</doc>
<arguments>
<arg>${product}</arg>
</arguments>
<msg timestamp="20171219 14:28:48.290" level="INFO">Current page contains element 'xpath://div[contains(@class,'cart-row')]/.//span[text()='Model#M70-E3']'.</msg>
<status status="PASS" starttime="20171219 14:28:48.266" endtime="20171219 14:28:48.290"></status>
</kw>
<kw name="Element Should Be Visible" library="SeleniumLibrary">
<doc>Verifies that the element identified by ``locator`` is visible.</doc>
<arguments>
<arg>${product}</arg>
</arguments>
<msg timestamp="20171219 14:28:48.315" level="INFO">Element 'xpath://div[contains(@class,'cart-row')]/.//span[text()='Model#M70-E3']' is displayed.</msg>
<status status="PASS" starttime="20171219 14:28:48.290" endtime="20171219 14:28:48.315"></status>
</kw>
<status status="PASS" starttime="20171219 14:28:48.264" endtime="20171219 14:28:48.315"></status>
</kw>
<status status="PASS" starttime="20171219 14:28:48.261" endtime="20171219 14:28:48.315"></status>
</kw>
<kw name="${item} = SP30-E0" type="foritem">
<kw name="Verify item is in cart on desktop" library="assertions_vizio">
<doc>Verifies that the product specified my it's ${model_number} is present in the shopping cart.}</doc>
<arguments>
<arg>${item}</arg>
</arguments>
<kw name="Set Variable" library="BuiltIn">
<doc>Returns the given values which can then be assigned to a variables.</doc>
<arguments>
<arg>xpath://div[contains(@class,'cart-row')]/.//span[text()='Model#${model_number}']</arg>
</arguments>
<assign>
<var>${product}</var>
</assign>
<msg timestamp="20171219 14:28:48.319" level="INFO">${product} = xpath://div[contains(@class,'cart-row')]/.//span[text()='Model#SP30-E0']</msg>
<status status="PASS" starttime="20171219 14:28:48.319" endtime="20171219 14:28:48.319"></status>
</kw>
<kw name="Page Should Contain Element" library="SeleniumLibrary">
<doc>Verifies that element ``locator`` is found on the current page.</doc>
<arguments>
<arg>${product}</arg>
</arguments>
<msg timestamp="20171219 14:28:48.327" level="INFO">Current page contains element 'xpath://div[contains(@class,'cart-row')]/.//span[text()='Model#SP30-E0']'.</msg>
<status status="PASS" starttime="20171219 14:28:48.319" endtime="20171219 14:28:48.327"></status>
</kw>
<kw name="Element Should Be Visible" library="SeleniumLibrary">
<doc>Verifies that the element identified by ``locator`` is visible.</doc>
<arguments>
<arg>${product}</arg>
</arguments>
<msg timestamp="20171219 14:28:48.351" level="INFO">Element 'xpath://div[contains(@class,'cart-row')]/.//span[text()='Model#SP30-E0']' is displayed.</msg>
<status status="PASS" starttime="20171219 14:28:48.328" endtime="20171219 14:28:48.351"></status>
</kw>
<status status="PASS" starttime="20171219 14:28:48.318" endtime="20171219 14:28:48.351"></status>
</kw>
<status status="PASS" starttime="20171219 14:28:48.315" endtime="20171219 14:28:48.351"></status>
</kw>
<status status="PASS" starttime="20171219 14:28:48.261" endtime="20171219 14:28:48.351"></status>
</kw>
<status status="PASS" starttime="20171219 14:28:47.187" endtime="20171219 14:28:48.352"></status>
</kw>
<kw name="Remove item from shopping cart" library="shop_cart_vizio">
<doc>Removes the item specified by ${model_number} from the shopping cart.</doc>
<arguments>
<arg>${SPEAKER_MODEL}</arg>
</arguments>
<kw name="Set Variable" library="BuiltIn">
<doc>Returns the given values which can then be assigned to a variables.</doc>
<arguments>
<arg>xpath://div[contains(@class,'cart-row')]/.//span[text()='Model#${model_number}']/.//parent::div/.//a[@title='Remove item']</arg>
</arguments>
<assign>
<var>${remove_link}</var>
</assign>
<msg timestamp="20171219 14:28:48.356" level="INFO">${remove_link} = xpath://div[contains(@class,'cart-row')]/.//span[text()='Model#SP30-E0']/.//parent::div/.//a[@title='Remove item']</msg>
<status status="PASS" starttime="20171219 14:28:48.355" endtime="20171219 14:28:48.356"></status>
</kw>
<kw name="Click Element" library="SeleniumLibrary">
<doc>Click element identified by ``locator``.</doc>
<arguments>
<arg>${remove_link}</arg>
</arguments>
<msg timestamp="20171219 14:28:48.356" level="INFO">Clicking element 'xpath://div[contains(@class,'cart-row')]/.//span[text()='Model#SP30-E0']/.//parent::div/.//a[@title='Remove item']'.</msg>
<status status="PASS" starttime="20171219 14:28:48.356" endtime="20171219 14:28:50.613"></status>
</kw>
<status status="PASS" starttime="20171219 14:28:48.355" endtime="20171219 14:28:50.613"></status>
</kw>
<kw name="Sleep" library="BuiltIn">
<doc>Pauses the test executed for the given time.</doc>
<arguments>
<arg>2</arg>
</arguments>
<msg timestamp="20171219 14:28:52.614" level="INFO">Slept 2 seconds</msg>
<status status="PASS" starttime="20171219 14:28:50.614" endtime="20171219 14:28:52.615"></status>
</kw>
<kw name="Create List" library="BuiltIn">
<doc>Returns a list containing given items.</doc>
<arguments>
<arg>${TV_MODEL_MSERIES}</arg>
</arguments>
<assign>
<var>@{1_LIST}</var>
</assign>
<msg timestamp="20171219 14:28:52.616" level="INFO">@{1_LIST} = [ M70-E3 ]</msg>
<status status="PASS" starttime="20171219 14:28:52.615" endtime="20171219 14:28:52.616"></status>
</kw>
<kw name="Verify shopping cart contents">
<arguments>
<arg>${1_LIST}</arg>
</arguments>
<kw name="Get Length" library="BuiltIn">
<doc>Returns and logs the length of the given item as an integer.</doc>
<arguments>
<arg>${items}</arg>
</arguments>
<assign>
<var>${number_of_items}</var>
</assign>
<msg timestamp="20171219 14:28:52.617" level="INFO">Length is 1</msg>
<msg timestamp="20171219 14:28:52.617" level="INFO">${number_of_items} = 1</msg>
<status status="PASS" starttime="20171219 14:28:52.616" endtime="20171219 14:28:52.617"></status>
</kw>
<kw name="Sleep" library="BuiltIn">
<doc>Pauses the test executed for the given time.</doc>
<arguments>
<arg>1</arg>
</arguments>
<msg timestamp="20171219 14:28:53.618" level="INFO">Slept 1 second</msg>
<status status="PASS" starttime="20171219 14:28:52.617" endtime="20171219 14:28:53.618"></status>
</kw>
<kw name="Verify number of items in shopping cart" library="assertions_vizio">
<doc>Verifies that the ${expected_number} of items are in the shopping cart.</doc>
<arguments>
<arg>${number_of_items}</arg>
</arguments>
<kw name="Set Variable" library="BuiltIn">
<doc>Returns the given values which can then be assigned to a variables.</doc>
<arguments>
<arg>css:div.shopping-cart div.cart-row:nth-child(${expected_number})</arg>
</arguments>
<assign>
<var>${last_cart_item}</var>
</assign>
<msg timestamp="20171219 14:28:53.624" level="INFO">${last_cart_item} = css:div.shopping-cart div.cart-row:nth-child(1)</msg>
<status status="PASS" starttime="20171219 14:28:53.624" endtime="20171219 14:28:53.624"></status>
</kw>
<kw name="Page Should Contain Element" library="SeleniumLibrary">
<doc>Verifies that element ``locator`` is found on the current page.</doc>
<arguments>
<arg>${last_cart_item}</arg>
</arguments>
<msg timestamp="20171219 14:28:53.673" level="INFO">Current page contains element 'css:div.shopping-cart div.cart-row:nth-child(1)'.</msg>
<status status="PASS" starttime="20171219 14:28:53.625" endtime="20171219 14:28:53.673"></status>
</kw>
<kw name="Element Should Be Visible" library="SeleniumLibrary">
<doc>Verifies that the element identified by ``locator`` is visible.</doc>
<arguments>
<arg>${last_cart_item}</arg>
</arguments>
<msg timestamp="20171219 14:28:53.712" level="INFO">Element 'css:div.shopping-cart div.cart-row:nth-child(1)' is displayed.</msg>
<status status="PASS" starttime="20171219 14:28:53.673" endtime="20171219 14:28:53.712"></status>
</kw>
<status status="PASS" starttime="20171219 14:28:53.623" endtime="20171219 14:28:53.712"></status>
</kw>
<kw name="${item} IN [ @{items} ]" type="for">
<kw name="${item} = M70-E3" type="foritem">
<kw name="Verify item is in cart on desktop" library="assertions_vizio">
<doc>Verifies that the product specified my it's ${model_number} is present in the shopping cart.}</doc>
<arguments>
<arg>${item}</arg>
</arguments>
<kw name="Set Variable" library="BuiltIn">
<doc>Returns the given values which can then be assigned to a variables.</doc>
<arguments>
<arg>xpath://div[contains(@class,'cart-row')]/.//span[text()='Model#${model_number}']</arg>
</arguments>
<assign>
<var>${product}</var>
</assign>
<msg timestamp="20171219 14:28:53.717" level="INFO">${product} = xpath://div[contains(@class,'cart-row')]/.//span[text()='Model#M70-E3']</msg>
<status status="PASS" starttime="20171219 14:28:53.716" endtime="20171219 14:28:53.717"></status>
</kw>
<kw name="Page Should Contain Element" library="SeleniumLibrary">
<doc>Verifies that element ``locator`` is found on the current page.</doc>
<arguments>
<arg>${product}</arg>
</arguments>
<msg timestamp="20171219 14:28:53.725" level="INFO">Current page contains element 'xpath://div[contains(@class,'cart-row')]/.//span[text()='Model#M70-E3']'.</msg>
<status status="PASS" starttime="20171219 14:28:53.717" endtime="20171219 14:28:53.725"></status>
</kw>
<kw name="Element Should Be Visible" library="SeleniumLibrary">
<doc>Verifies that the element identified by ``locator`` is visible.</doc>
<arguments>
<arg>${product}</arg>
</arguments>
<msg timestamp="20171219 14:28:53.748" level="INFO">Element 'xpath://div[contains(@class,'cart-row')]/.//span[text()='Model#M70-E3']' is displayed.</msg>
<status status="PASS" starttime="20171219 14:28:53.726" endtime="20171219 14:28:53.748"></status>
</kw>
<status status="PASS" starttime="20171219 14:28:53.716" endtime="20171219 14:28:53.748"></status>
</kw>
<status status="PASS" starttime="20171219 14:28:53.712" endtime="20171219 14:28:53.748"></status>
</kw>
<status status="PASS" starttime="20171219 14:28:53.712" endtime="20171219 14:28:53.748"></status>
</kw>
<status status="PASS" starttime="20171219 14:28:52.616" endtime="20171219 14:28:53.748"></status>
</kw>
<kw name="Remove item from shopping cart" library="shop_cart_vizio">
<doc>Removes the item specified by ${model_number} from the shopping cart.</doc>
<arguments>
<arg>${TV_MODEL_MSERIES}</arg>
</arguments>
<kw name="Set Variable" library="BuiltIn">
<doc>Returns the given values which can then be assigned to a variables.</doc>
<arguments>
<arg>xpath://div[contains(@class,'cart-row')]/.//span[text()='Model#${model_number}']/.//parent::div/.//a[@title='Remove item']</arg>
</arguments>
<assign>
<var>${remove_link}</var>
</assign>
<msg timestamp="20171219 14:28:53.753" level="INFO">${remove_link} = xpath://div[contains(@class,'cart-row')]/.//span[text()='Model#M70-E3']/.//parent::div/.//a[@title='Remove item']</msg>
<status status="PASS" starttime="20171219 14:28:53.752" endtime="20171219 14:28:53.753"></status>
</kw>
<kw name="Click Element" library="SeleniumLibrary">
<doc>Click element identified by ``locator``.</doc>
<arguments>
<arg>${remove_link}</arg>
</arguments>
<msg timestamp="20171219 14:28:53.753" level="INFO">Clicking element 'xpath://div[contains(@class,'cart-row')]/.//span[text()='Model#M70-E3']/.//parent::div/.//a[@title='Remove item']'.</msg>
<status status="PASS" starttime="20171219 14:28:53.753" endtime="20171219 14:28:56.059"></status>
</kw>
<status status="PASS" starttime="20171219 14:28:53.752" endtime="20171219 14:28:56.059"></status>
</kw>
<kw name="Sleep" library="BuiltIn">
<doc>Pauses the test executed for the given time.</doc>
<arguments>
<arg>2</arg>
</arguments>
<msg timestamp="20171219 14:28:58.061" level="INFO">Slept 2 seconds</msg>
<status status="PASS" starttime="20171219 14:28:56.059" endtime="20171219 14:28:58.061"></status>
</kw>
<kw name="Verify empty shopping cart heading" library="assertions_vizio">
<doc>Verifies that the page shows a heading that the shopping cart is empty.</doc>
<kw name="Page Should Contain Element" library="SeleniumLibrary">
<doc>Verifies that element ``locator`` is found on the current page.</doc>
<arguments>
<arg>${EMPTY_CART_DIV}</arg>
</arguments>
<msg timestamp="20171219 14:28:58.075" level="INFO">Current page contains element 'css:section.empty-cart'.</msg>
<status status="PASS" starttime="20171219 14:28:58.062" endtime="20171219 14:28:58.075"></status>
</kw>
<kw name="Element Should Be Visible" library="SeleniumLibrary">
<doc>Verifies that the element identified by ``locator`` is visible.</doc>
<arguments>
<arg>${EMPTY_CART_DIV}</arg>
</arguments>
<msg timestamp="20171219 14:28:58.095" level="INFO">Element 'css:section.empty-cart' is displayed.</msg>
<status status="PASS" starttime="20171219 14:28:58.075" endtime="20171219 14:28:58.096"></status>
</kw>
<status status="PASS" starttime="20171219 14:28:58.061" endtime="20171219 14:28:58.096"></status>
</kw>
<kw name="Close Browser" library="SeleniumLibrary" type="teardown">
<doc>Closes the current browser.</doc>
<status status="PASS" starttime="20171219 14:28:58.096" endtime="20171219 14:28:58.208"></status>
</kw>
<tags>
<tag>cart</tag>
<tag>fn-smoke</tag>
<tag>pseries</tag>
<tag>run</tag>
</tags>
<status status="PASS" starttime="20171219 14:27:31.820" endtime="20171219 14:28:58.208" critical="yes"></status>
</test>
<test id="s1-s1-t2" name="Purchase Cart Items">
<kw name="Open homepage to default viewport size" library="home_vizio">
<doc>Opens the browser to a predefined laptop size.</doc>
<arguments>
<arg>https://qa.viziostaging.com</arg>
</arguments>
<kw name="Open Browser" library="SeleniumLibrary">
<doc>Opens a new browser instance to the given ``url``.</doc>
<arguments>
<arg>${url}</arg>
<arg>${BROWSER}</arg>
<arg>remote_url=${REMOTE_URL}</arg>
</arguments>
<msg timestamp="20171219 14:28:58.211" level="INFO">Opening browser 'gc' to base url 'https://qa.viziostaging.com'.</msg>
<status status="PASS" starttime="20171219 14:28:58.211" endtime="20171219 14:29:03.384"></status>
</kw>
<kw name="Close email newsletter popup" library="home_vizio">
<doc>Clicks the email newsletter sign up popop.</doc>
<kw name="Wait Until Element Is Visible" library="SeleniumLibrary">
<doc>Waits until element ``locator`` is visible.</doc>
<arguments>
<arg>${NEWSLETTER_CLOSE}</arg>
</arguments>
<status status="PASS" starttime="20171219 14:29:03.387" endtime="20171219 14:29:03.414"></status>
</kw>
<kw name="Click Element" library="SeleniumLibrary">
<doc>Click element identified by ``locator``.</doc>
<arguments>
<arg>${NEWSLETTER_CLOSE}</arg>
</arguments>
<msg timestamp="20171219 14:29:03.415" level="INFO">Clicking element 'css:a.modal-close.newsletter-popup'.</msg>
<status status="PASS" starttime="20171219 14:29:03.415" endtime="20171219 14:29:03.490"></status>
</kw>
<kw name="Wait Until Element Is Not Visible" library="SeleniumLibrary">
<doc>Waits until element ``locator`` is not visible.</doc>
<arguments>
<arg>${NEWSLETTER_CLOSE}</arg>
</arguments>
<status status="PASS" starttime="20171219 14:29:03.490" endtime="20171219 14:29:03.726"></status>
</kw>
<kw name="Wait Until Element Is Not Visible" library="SeleniumLibrary">
<doc>Waits until element ``locator`` is not visible.</doc>
<arguments>
<arg>${NEWSLETTER_POPUP}</arg>
</arguments>
<status status="PASS" starttime="20171219 14:29:03.726" endtime="20171219 14:29:03.756"></status>
</kw>
<status status="PASS" starttime="20171219 14:29:03.385" endtime="20171219 14:29:03.756"></status>
</kw>
<status status="PASS" starttime="20171219 14:28:58.210" endtime="20171219 14:29:03.756"></status>
</kw>
<kw name="Sleep" library="BuiltIn">
<doc>Pauses the test executed for the given time.</doc>
<arguments>
<arg>2</arg>
</arguments>
<msg timestamp="20171219 14:29:05.758" level="INFO">Slept 2 seconds</msg>
<status status="PASS" starttime="20171219 14:29:03.757" endtime="20171219 14:29:05.758"></status>
</kw>
<kw name="Shop tvs and displays on desktop" library="tvs_displays_vizio">
<doc>Navigate to the TVs and displays shopping page.</doc>
<kw name="Click Element" library="SeleniumLibrary">
<doc>Click element identified by ``locator``.</doc>
<arguments>
<arg>${TV_DISPLAY_NAV_ITEM}</arg>
</arguments>
<msg timestamp="20171219 14:29:05.759" level="INFO">Clicking element 'css:a[data-nav-item='tvs-displays']'.</msg>
<status status="PASS" starttime="20171219 14:29:05.759" endtime="20171219 14:29:07.419"></status>
</kw>
<kw name="Click Element" library="SeleniumLibrary">
<doc>Click element identified by ``locator``.</doc>
<arguments>
<arg>${SHOP_TVS_DISPLAYS_DESKTOP}</arg>
</arguments>
<msg timestamp="20171219 14:29:07.419" level="INFO">Clicking element 'css:div.v-page a[href$='/tvs.html']'.</msg>
<status status="PASS" starttime="20171219 14:29:07.419" endtime="20171219 14:29:09.513"></status>
</kw>
<status status="PASS" starttime="20171219 14:29:05.758" endtime="20171219 14:29:09.513"></status>
</kw>
<kw name="Scroll page to find and select tv by model number" library="tvs_displays_vizio">
<doc>Will scroll the page until the specified ${model_number} is found, then select it.</doc>
<arguments>
<arg>${TV_MODEL_PSERIES}</arg>
</arguments>
<kw name="${counter} IN RANGE [ 8 ]" type="for">
<kw name="${counter} = 0" type="foritem">
<kw name="Run Keyword And Return Status" library="BuiltIn">
<doc>Runs the given keyword with given arguments and returns the status as a Boolean value.</doc>
<arguments>
<arg>Select tv by model number</arg>
<arg>${model_number}</arg>
</arguments>
<assign>
<var>${found}</var>
</assign>
<kw name="Select tv by model number" library="tvs_displays_vizio">
<doc>Clicks the respective TV by model number.</doc>
<arguments>
<arg>${model_number}</arg>
</arguments>
<kw name="Convert To Lowercase" library="String">
<doc>Converts string to lowercase.</doc>
<arguments>
<arg>${model_number}</arg>
</arguments>
<assign>
<var>${model_number}</var>
</assign>
<msg timestamp="20171219 14:29:09.519" level="INFO">${model_number} = p65-e1</msg>
<status status="PASS" starttime="20171219 14:29:09.519" endtime="20171219 14:29:09.519"></status>
</kw>
<kw name="Remove String" library="String">
<doc>Removes all ``removables`` from the given ``string``.</doc>
<arguments>
<arg>${model_number}</arg>
<arg>-</arg>
</arguments>
<assign>
<var>${model_number}</var>
</assign>
<msg timestamp="20171219 14:29:09.520" level="INFO">${model_number} = p65e1</msg>
<status status="PASS" starttime="20171219 14:29:09.520" endtime="20171219 14:29:09.520"></status>
</kw>
<kw name="Set Variable" library="BuiltIn">
<doc>Returns the given values which can then be assigned to a variables.</doc>
<arguments>
<arg>xpath=//a[@href='${URL}/tvs/${model_number}.html' and @title]</arg>
</arguments>
<assign>
<var>${tv_model}</var>
</assign>
<msg timestamp="20171219 14:29:09.521" level="INFO">${tv_model} = xpath=//a[@href='https://qa.viziostaging.com/tvs/p65e1.html' and @title]</msg>
<status status="PASS" starttime="20171219 14:29:09.520" endtime="20171219 14:29:09.521"></status>
</kw>
<kw name="Click Element" library="SeleniumLibrary">
<doc>Click element identified by ``locator``.</doc>
<arguments>
<arg>${tv_model}</arg>
</arguments>
<msg timestamp="20171219 14:29:09.521" level="INFO">Clicking element 'xpath=//a[@href='https://qa.viziostaging.com/tvs/p65e1.html' and @title]'.</msg>
<status status="PASS" starttime="20171219 14:29:09.521" endtime="20171219 14:29:13.068"></status>
</kw>
<status status="PASS" starttime="20171219 14:29:09.518" endtime="20171219 14:29:13.068"></status>
</kw>
<msg timestamp="20171219 14:29:13.068" level="INFO">${found} = True</msg>
<status status="PASS" starttime="20171219 14:29:09.518" endtime="20171219 14:29:13.068"></status>
</kw>
<kw name="Exit For Loop If" library="BuiltIn">
<doc>Stops executing the enclosing for loop if the ``condition`` is true.</doc>
<arguments>
<arg>${found}</arg>
</arguments>
<msg timestamp="20171219 14:29:13.069" level="INFO">Exiting for loop altogether.</msg>
<status status="PASS" starttime="20171219 14:29:13.069" endtime="20171219 14:29:13.069"></status>
</kw>
<status status="PASS" starttime="20171219 14:29:09.518" endtime="20171219 14:29:13.069"></status>
</kw>
<status status="PASS" starttime="20171219 14:29:09.517" endtime="20171219 14:29:13.069"></status>
</kw>
<status status="PASS" starttime="20171219 14:29:09.517" endtime="20171219 14:29:13.069"></status>
</kw>
<kw name="Sleep" library="BuiltIn">
<doc>Pauses the test executed for the given time.</doc>
<arguments>
<arg>1</arg>
</arguments>
<msg timestamp="20171219 14:29:14.071" level="INFO">Slept 1 second</msg>
<status status="PASS" starttime="20171219 14:29:13.070" endtime="20171219 14:29:14.071"></status>
</kw>
<kw name="Click Add to cart button" library="product_info_vizio">
<doc>Clicks the Buy Now button on a product landing page.</doc>
<kw name="Set Variable" library="BuiltIn">
<doc>Returns the given values which can then be assigned to a variables.</doc>
<arguments>
<arg>xpath=//a[@id='buyNow']</arg>
</arguments>
<assign>
<var>${buy_now_button}</var>
</assign>
<msg timestamp="20171219 14:29:14.072" level="INFO">${buy_now_button} = xpath=//a[@id='buyNow']</msg>
<status status="PASS" starttime="20171219 14:29:14.072" endtime="20171219 14:29:14.073"></status>
</kw>
<kw name="Wait Until Page Contains Element" library="SeleniumLibrary">
<doc>Waits until element ``locator`` appears on current page.</doc>
<arguments>
<arg>${buy_now_button}</arg>
</arguments>
<status status="PASS" starttime="20171219 14:29:14.073" endtime="20171219 14:29:14.087"></status>
</kw>
<kw name="Click Element" library="SeleniumLibrary">
<doc>Click element identified by ``locator``.</doc>
<arguments>
<arg>${buy_now_button}</arg>
</arguments>
<msg timestamp="20171219 14:29:14.088" level="INFO">Clicking element 'xpath=//a[@id='buyNow']'.</msg>
<status status="PASS" starttime="20171219 14:29:14.088" endtime="20171219 14:29:23.619"></status>
</kw>
<kw name="Wait Until Page Contains" library="SeleniumLibrary">
<doc>Waits until ``text`` appears on current page.</doc>
<arguments>
<arg>Shopping Cart</arg>
<arg>10</arg>
</arguments>
<status status="PASS" starttime="20171219 14:29:23.620" endtime="20171219 14:29:23.636"></status>
</kw>
<status status="PASS" starttime="20171219 14:29:14.071" endtime="20171219 14:29:23.637"></status>
</kw>
<kw name="Click checkout button in shopping cart" library="shop_cart_vizio">
<kw name="Wait for locator to be visible on the page" library="general">
<doc>Calls Selenium wait for page to contain and wait for element to be visible on the passed in locator.</doc>
<arguments>
<arg>${CHECKOUT_BTN}</arg>
</arguments>
<kw name="Wait Until Page Contains Element" library="SeleniumLibrary">
<doc>Waits until element ``locator`` appears on current page.</doc>
<arguments>
<arg>${locator}</arg>
<arg>10</arg>
</arguments>
<status status="PASS" starttime="20171219 14:29:23.638" endtime="20171219 14:29:23.650"></status>
</kw>
<kw name="Wait Until Element Is Visible" library="SeleniumLibrary">
<doc>Waits until element ``locator`` is visible.</doc>
<arguments>
<arg>${locator}</arg>
<arg>10</arg>
</arguments>
<status status="PASS" starttime="20171219 14:29:23.650" endtime="20171219 14:29:23.671"></status>
</kw>
<status status="PASS" starttime="20171219 14:29:23.637" endtime="20171219 14:29:23.671"></status>
</kw>
<kw name="Click Element" library="SeleniumLibrary">
<doc>Click element identified by ``locator``.</doc>
<arguments>
<arg>${CHECKOUT_BTN}</arg>
</arguments>
<msg timestamp="20171219 14:29:23.672" level="INFO">Clicking element 'css:a.checkout-btn[onclick*='Checkout']'.</msg>
<status status="PASS" starttime="20171219 14:29:23.671" endtime="20171219 14:29:25.603"></status>
</kw>
<status status="PASS" starttime="20171219 14:29:23.637" endtime="20171219 14:29:25.603"></status>
</kw>
<kw name="Click continue as guest button for checkout" library="shop_cart_vizio">
[...]
</kw>
<kw name="Input create account information" library="signin_create_vizio">
<doc>Inputs first and last names, email, and password on the create account page. And checks the agree to terms box.</doc>
<arguments>
<arg>${FIRST}</arg>
<arg>${LAST}</arg>
<arg>${EMAIL}</arg>
<arg>${PASS}</arg>
</arguments>
<kw name="Input Text" library="SeleniumLibrary">
<doc>Types the given ``text`` into text field identified by ``locator``.</doc>
<arguments>
<arg>${FIRSTNAME_TXTBOX}</arg>
<arg>${first}</arg>
</arguments>
<msg timestamp="20171219 14:43:05.282" level="INFO">Typing text 'Monty' into text field 'css:input[id='firstname']'.</msg>
<status status="PASS" starttime="20171219 14:43:05.282" endtime="20171219 14:43:05.370"></status>
</kw>
<kw name="Input Text" library="SeleniumLibrary">
<doc>Types the given ``text`` into text field identified by ``locator``.</doc>
<arguments>
<arg>${LASTNAME_TXTBOX}</arg>
<arg>${last}</arg>
</arguments>
<msg timestamp="20171219 14:43:05.371" level="INFO">Typing text 'Burns' into text field 'css:input[id='lastname']'.</msg>
<status status="PASS" starttime="20171219 14:43:05.371" endtime="20171219 14:43:05.436"></status>
</kw>
<kw name="Input Text" library="SeleniumLibrary">
<doc>Types the given ``text`` into text field identified by ``locator``.</doc>
<arguments>
<arg>${EMAIL_TXTBOX}</arg>
<arg>${email}</arg>
</arguments>
<msg timestamp="20171219 14:43:05.437" level="INFO">Typing text 'vzfando+fan262@gmail.com' into text field 'css:input[id='email_address']'.</msg>
<status status="PASS" starttime="20171219 14:43:05.437" endtime="20171219 14:43:05.560"></status>
</kw>
<kw name="Input Text" library="SeleniumLibrary">
<doc>Types the given ``text`` into text field identified by ``locator``.</doc>
<arguments>
<arg>${PASSWORD_TXTBOX}</arg>
<arg>${password}</arg>
</arguments>
<msg timestamp="20171219 14:43:05.561" level="INFO">Typing text '34tesla34' into text field 'css:input[id='password']'.</msg>
<status status="PASS" starttime="20171219 14:43:05.561" endtime="20171219 14:43:05.643"></status>
</kw>
<kw name="Input Text" library="SeleniumLibrary">
<doc>Types the given ``text`` into text field identified by ``locator``.</doc>
<arguments>
<arg>${CONFIRM_TXTBOX}</arg>
<arg>${password}</arg>
</arguments>
<msg timestamp="20171219 14:43:05.644" level="INFO">Typing text '34tesla34' into text field 'css:input[id='confirmation']'.</msg>
<status status="PASS" starttime="20171219 14:43:05.644" endtime="20171219 14:43:05.717"></status>
</kw>
<status status="PASS" starttime="20171219 14:43:05.282" endtime="20171219 14:43:05.717"></status>
</kw>
<kw name="Sleep" library="BuiltIn">
<doc>Pauses the test executed for the given time.</doc>
<arguments>
<arg>2</arg>
</arguments>
<msg timestamp="20171219 14:43:07.718" level="INFO">Slept 2 seconds</msg>
<status status="PASS" starttime="20171219 14:43:05.717" endtime="20171219 14:43:07.719"></status>
</kw>
<kw name="Scroll to bottom of page" library="page_navigation">
<doc>Executes javascript to scroll the page to the bottom.</doc>
<kw name="Execute Javascript" library="SeleniumLibrary">
<doc>Executes the given JavaScript code.</doc>
<arguments>
<arg>${GET_BODY_SCROLL_HEIGHT}</arg>
</arguments>
<assign>
<var>${height}</var>
</assign>
<msg timestamp="20171219 14:43:07.721" level="INFO">Executing JavaScript:
return document.body.scrollHeight</msg>
<msg timestamp="20171219 14:43:07.725" level="INFO">${height} = 1410</msg>
<status status="PASS" starttime="20171219 14:43:07.721" endtime="20171219 14:43:07.725"></status>
</kw>
<kw name="Execute Javascript" library="SeleniumLibrary">
<doc>Executes the given JavaScript code.</doc>
<arguments>
<arg>window.scrollTo(0,${height})</arg>
</arguments>
<msg timestamp="20171219 14:43:07.726" level="INFO">Executing JavaScript:
window.scrollTo(0,1410)</msg>
<status status="PASS" starttime="20171219 14:43:07.726" endtime="20171219 14:43:07.730"></status>
</kw>
<kw name="Sleep" library="BuiltIn">
<doc>Pauses the test executed for the given time.</doc>
<arguments>
<arg>1</arg>
</arguments>
<msg timestamp="20171219 14:43:08.732" level="INFO">Slept 1 second</msg>
<status status="PASS" starttime="20171219 14:43:07.730" endtime="20171219 14:43:08.732"></status>
</kw>
<status status="PASS" starttime="20171219 14:43:07.719" endtime="20171219 14:43:08.733"></status>
</kw>
<kw name="Sleep" library="BuiltIn">
<doc>Pauses the test executed for the given time.</doc>
<arguments>
<arg>2</arg>
</arguments>
<msg timestamp="20171219 14:43:10.734" level="INFO">Slept 2 seconds</msg>
<status status="PASS" starttime="20171219 14:43:08.733" endtime="20171219 14:43:10.734"></status>
</kw>
<kw name="Check agree to terms checkbox" library="signin_create_vizio">
<doc>Selects the agree to terms checkbox on the create account page.</doc>
<kw name="Select Checkbox" library="SeleniumLibrary">
<doc>Selects checkbox identified by ``locator``.</doc>
<arguments>
<arg>${AGREE_CHECKBOX}</arg>
</arguments>
<msg timestamp="20171219 14:43:10.736" level="INFO">Selecting checkbox 'css:input[id='agree_terms']'.</msg>
<status status="PASS" starttime="20171219 14:43:10.735" endtime="20171219 14:43:10.803"></status>
</kw>
<status status="PASS" starttime="20171219 14:43:10.735" endtime="20171219 14:43:10.803"></status>
</kw>
<kw name="Click create account button" library="signin_create_vizio">
<doc>Clicks the create account button.</doc>
<kw name="Click link or button and wait for other element to be visible" library="page_navigation">
<doc>Keyword that clicks on a specified html element and waits for another html element to become visible.</doc>
<arguments>
<arg>${SUBMIT_CREATE_BTN}</arg>
<arg>${THANKYOU_MESSAGE}</arg>
</arguments>
<kw name="Wait Until Element Is Visible" library="SeleniumLibrary">
<doc>Waits until element ``locator`` is visible.</doc>
<arguments>
<arg>${click_element}</arg>
<arg>10</arg>
</arguments>
<status status="PASS" starttime="20171219 14:43:10.804" endtime="20171219 14:43:10.816"></status>
</kw>
<kw name="Click Element" library="SeleniumLibrary">
<doc>Click element identified by ``locator``.</doc>
<arguments>
<arg>${click_element}</arg>
</arguments>
<msg timestamp="20171219 14:43:10.817" level="INFO">Clicking element 'css:button[id='register_submit']'.</msg>
<status status="PASS" starttime="20171219 14:43:10.816" endtime="20171219 14:43:22.452"></status>
</kw>
<kw name="Sleep" library="BuiltIn">
<doc>Pauses the test executed for the given time.</doc>
<arguments>
<arg>2</arg>
</arguments>
<msg timestamp="20171219 14:43:24.454" level="INFO">Slept 2 seconds</msg>
<status status="PASS" starttime="20171219 14:43:22.452" endtime="20171219 14:43:24.454"></status>
</kw>
<kw name="Wait Until Element Is Visible" library="SeleniumLibrary">
<doc>Waits until element ``locator`` is visible.</doc>
<arguments>
<arg>${wait_element}</arg>
<arg>10</arg>
</arguments>
<status status="PASS" starttime="20171219 14:43:24.454" endtime="20171219 14:43:24.479"></status>
</kw>
<status status="PASS" starttime="20171219 14:43:10.804" endtime="20171219 14:43:24.479"></status>
</kw>
<status status="PASS" starttime="20171219 14:43:10.803" endtime="20171219 14:43:24.479"></status>
</kw>
<kw name="Close Browser" library="SeleniumLibrary" type="teardown">
<doc>Closes the current browser.</doc>
<status status="PASS" starttime="20171219 14:43:24.480" endtime="20171219 14:43:24.555"></status>
</kw>
<tags>
<tag>fn-smoke</tag>
<tag>user-account</tag>
</tags>
<status status="PASS" starttime="20171219 14:42:49.381" endtime="20171219 14:43:24.555" critical="yes"></status>
</test>
<test id="s1-s11-t2" name="Login With User account">
<kw name="Open homepage to default viewport size" library="home_vizio">
<doc>Opens the browser to a predefined laptop size.</doc>
<arguments>
<arg>${URL}</arg>
</arguments>
<kw name="Open Browser" library="SeleniumLibrary">
<doc>Opens a new browser instance to the given ``url``.</doc>
<arguments>
<arg>${url}</arg>
<arg>${BROWSER}</arg>
<arg>remote_url=${REMOTE_URL}</arg>
</arguments>
<msg timestamp="20171219 14:43:24.557" level="INFO">Opening browser 'gc' to base url 'https://qa.viziostaging.com'.</msg>
<status status="PASS" starttime="20171219 14:43:24.557" endtime="20171219 14:43:29.104"></status>
</kw>
<kw name="Close email newsletter popup" library="home_vizio">
<doc>Clicks the email newsletter sign up popop.</doc>
<kw name="Wait Until Element Is Visible" library="SeleniumLibrary">
<doc>Waits until element ``locator`` is visible.</doc>
<arguments>
<arg>${NEWSLETTER_CLOSE}</arg>
</arguments>
<status status="PASS" starttime="20171219 14:43:29.105" endtime="20171219 14:43:29.128"></status>
</kw>
<kw name="Click Element" library="SeleniumLibrary">
<doc>Click element identified by ``locator``.</doc>
<arguments>
<arg>${NEWSLETTER_CLOSE}</arg>
</arguments>
<msg timestamp="20171219 14:43:29.129" level="INFO">Clicking element 'css:a.modal-close.newsletter-popup'.</msg>
<status status="PASS" starttime="20171219 14:43:29.128" endtime="20171219 14:43:29.196"></status>
</kw>
<kw name="Wait Until Element Is Not Visible" library="SeleniumLibrary">
<doc>Waits until element ``locator`` is not visible.</doc>
<arguments>
<arg>${NEWSLETTER_CLOSE}</arg>
</arguments>
<status status="PASS" starttime="20171219 14:43:29.196" endtime="20171219 14:43:29.650"></status>
</kw>
<kw name="Wait Until Element Is Not Visible" library="SeleniumLibrary">
<doc>Waits until element ``locator`` is not visible.</doc>
<arguments>
<arg>${NEWSLETTER_POPUP}</arg>
</arguments>
<status status="PASS" starttime="20171219 14:43:29.651" endtime="20171219 14:43:29.672"></status>
</kw>
<status status="PASS" starttime="20171219 14:43:29.105" endtime="20171219 14:43:29.672"></status>
</kw>
<status status="PASS" starttime="20171219 14:43:24.557" endtime="20171219 14:43:29.672"></status>
</kw>
<kw name="Sleep" library="BuiltIn">
<doc>Pauses the test executed for the given time.</doc>
<arguments>
<arg>1</arg>
</arguments>
<msg timestamp="20171219 14:43:30.673" level="INFO">Slept 1 second</msg>
<status status="PASS" starttime="20171219 14:43:29.673" endtime="20171219 14:43:30.674"></status>
</kw>
<kw name="Click sign in link" library="home_vizio">
<doc>Clicks the sign in/sign up link on the top banner</doc>
<kw name="Click link or button and wait for other element to be visible" library="page_navigation">
<doc>Keyword that clicks on a specified html element and waits for another html element to become visible.</doc>
<arguments>
<arg>${SIGN_IN_LINK}</arg>
<arg>${SIGN_IN_SUBMIT}</arg>
</arguments>
<kw name="Wait Until Element Is Visible" library="SeleniumLibrary">
<doc>Waits until element ``locator`` is visible.</doc>
<arguments>
<arg>${click_element}</arg>
<arg>10</arg>
</arguments>
<status status="PASS" starttime="20171219 14:43:30.675" endtime="20171219 14:43:30.697"></status>
</kw>
<kw name="Click Element" library="SeleniumLibrary">
<doc>Click element identified by ``locator``.</doc>
<arguments>
<arg>${click_element}</arg>
</arguments>
<msg timestamp="20171219 14:43:30.698" level="INFO">Clicking element 'css:a#myvizio-dynamic-link'.</msg>
<status status="PASS" starttime="20171219 14:43:30.698" endtime="20171219 14:43:33.149"></status>
</kw>
<kw name="Sleep" library="BuiltIn">
<doc>Pauses the test executed for the given time.</doc>
<arguments>
<arg>2</arg>
</arguments>
<msg timestamp="20171219 14:43:35.152" level="INFO">Slept 2 seconds</msg>
<status status="PASS" starttime="20171219 14:43:33.149" endtime="20171219 14:43:35.152"></status>
</kw>
<kw name="Wait Until Element Is Visible" library="SeleniumLibrary">
<doc>Waits until element ``locator`` is visible.</doc>
<arguments>
<arg>${wait_element}</arg>
<arg>10</arg>
</arguments>
<status status="PASS" starttime="20171219 14:43:35.153" endtime="20171219 14:43:35.176"></status>
</kw>
<status status="PASS" starttime="20171219 14:43:30.675" endtime="20171219 14:43:35.176"></status>
</kw>
<status status="PASS" starttime="20171219 14:43:30.674" endtime="20171219 14:43:35.176"></status>
</kw>
<kw name="Sleep" library="BuiltIn">
<doc>Pauses the test executed for the given time.</doc>
<arguments>
<arg>2</arg>
</arguments>
<msg timestamp="20171219 14:43:37.177" level="INFO">Slept 2 seconds</msg>
<status status="PASS" starttime="20171219 14:43:35.177" endtime="20171219 14:43:37.177"></status>
</kw>
<kw name="Input sign in information" library="signin_create_vizio">
<doc>Inputs first and last names, email, and password on the create account page. And checks the agree to terms box.</doc>
<arguments>
<arg>${EMAIL}</arg>
<arg>${PASS}</arg>
</arguments>
<kw name="Input Text" library="SeleniumLibrary">
<doc>Types the given ``text`` into text field identified by ``locator``.</doc>
<arguments>
<arg>${SIGN_IN_EMAIL}</arg>
<arg>${email}</arg>
</arguments>
<msg timestamp="20171219 14:43:37.179" level="INFO">Typing text 'vzfando+fan262@gmail.com' into text field 'css:input[id='email']'.</msg>
<status status="PASS" starttime="20171219 14:43:37.178" endtime="20171219 14:43:37.301"></status>
</kw>
<kw name="Input Text" library="SeleniumLibrary">
<doc>Types the given ``text`` into text field identified by ``locator``.</doc>
<arguments>
<arg>${SIGN_IN_PASSWORD}</arg>
<arg>${password}</arg>
</arguments>
<msg timestamp="20171219 14:43:37.302" level="INFO">Typing text '34tesla34' into text field 'css:input[id='pass']'.</msg>
<status status="PASS" starttime="20171219 14:43:37.301" endtime="20171219 14:43:37.378"></status>
</kw>
<status status="PASS" starttime="20171219 14:43:37.178" endtime="20171219 14:43:37.378"></status>
</kw>
<kw name="Sleep" library="BuiltIn">
<doc>Pauses the test executed for the given time.</doc>
<arguments>
<arg>2</arg>
</arguments>
<msg timestamp="20171219 14:43:39.378" level="INFO">Slept 2 seconds</msg>
<status status="PASS" starttime="20171219 14:43:37.378" endtime="20171219 14:43:39.379"></status>
</kw>
<kw name="Execute Manual Step" library="Dialogs">
<doc>Pauses test execution until user sets the keyword status.</doc>
<arguments>
<arg>Do reCaptcha</arg>
</arguments>
<status status="PASS" starttime="20171219 14:43:39.379" endtime="20171219 14:45:13.420"></status>
</kw>
<kw name="Click sign in button" library="signin_create_vizio">
<doc>Clicks the sign in button.</doc>
<kw name="Click link or button and wait for other element to be visible" library="page_navigation">
<doc>Keyword that clicks on a specified html element and waits for another html element to become visible.</doc>
<arguments>
<arg>${SIGN_IN_SUBMIT}</arg>
<arg>${LOGGED_IN_LINK}</arg>
</arguments>
<kw name="Wait Until Element Is Visible" library="SeleniumLibrary">
<doc>Waits until element ``locator`` is visible.</doc>
<arguments>
<arg>${click_element}</arg>
<arg>10</arg>
</arguments>
<status status="PASS" starttime="20171219 14:45:13.422" endtime="20171219 14:45:13.437"></status>
</kw>
<kw name="Click Element" library="SeleniumLibrary">
<doc>Click element identified by ``locator``.</doc>
<arguments>
<arg>${click_element}</arg>
</arguments>
<msg timestamp="20171219 14:45:13.437" level="INFO">Clicking element 'css:button[class*='btn-sign-in']'.</msg>
<status status="PASS" starttime="20171219 14:45:13.437" endtime="20171219 14:45:21.357"></status>
</kw>
<kw name="Sleep" library="BuiltIn">
<doc>Pauses the test executed for the given time.</doc>
<arguments>
<arg>2</arg>
</arguments>
<msg timestamp="20171219 14:45:23.357" level="INFO">Slept 2 seconds</msg>
<status status="PASS" starttime="20171219 14:45:21.357" endtime="20171219 14:45:23.358"></status>
</kw>
<kw name="Wait Until Element Is Visible" library="SeleniumLibrary">
<doc>Waits until element ``locator`` is visible.</doc>
<arguments>
<arg>${wait_element}</arg>
<arg>10</arg>
</arguments>
<status status="PASS" starttime="20171219 14:45:23.358" endtime="20171219 14:45:23.386"></status>
</kw>
<status status="PASS" starttime="20171219 14:45:13.421" endtime="20171219 14:45:23.386"></status>
</kw>
<status status="PASS" starttime="20171219 14:45:13.421" endtime="20171219 14:45:23.386"></status>
</kw>
<kw name="Verify logged in link with username exists" library="assertions_vizio">
<doc>Verifies that the given user name appears in the 'Hello, Username' link.</doc>
<arguments>
<arg>${FIRST}</arg>
</arguments>
<kw name="Wait Until Keyword Succeeds" library="BuiltIn">
<doc>Runs the specified keyword and retries if it fails.</doc>
<arguments>
<arg>1 min</arg>
<arg>5 sec</arg>
<arg>element should be visible</arg>
<arg>xpath://span[@class='utility-nav__signin-text' and contains(text(),'${name}')]</arg>
</arguments>
<kw name="Element Should Be Visible" library="SeleniumLibrary">
<doc>Verifies that the element identified by ``locator`` is visible.</doc>
<arguments>
<arg>xpath://span[@class='utility-nav__signin-text' and contains(text(),'${name}')]</arg>
</arguments>
<msg timestamp="20171219 14:45:23.411" level="INFO">Element 'xpath://span[@class='utility-nav__signin-text' and contains(text(),'Monty')]' is displayed.</msg>
<status status="PASS" starttime="20171219 14:45:23.388" endtime="20171219 14:45:23.412"></status>
</kw>
<status status="PASS" starttime="20171219 14:45:23.387" endtime="20171219 14:45:23.412"></status>
</kw>
<status status="PASS" starttime="20171219 14:45:23.386" endtime="20171219 14:45:23.412"></status>
</kw>
<kw name="Close Browser" library="SeleniumLibrary" type="teardown">
<doc>Closes the current browser.</doc>
<status status="PASS" starttime="20171219 14:45:23.413" endtime="20171219 14:45:23.497"></status>
</kw>
<tags>
<tag>fn-smoke</tag>
<tag>user-account</tag>
</tags>
<status status="PASS" starttime="20171219 14:43:24.556" endtime="20171219 14:45:23.497" critical="yes"></status>
</test>
<doc>Functional test that creates a new Vizio account.</doc>
<status status="PASS" starttime="20171219 14:42:49.345" endtime="20171219 14:45:23.499"></status>
</suite>
<status status="PASS" starttime="20171219 14:27:31.603" endtime="20171219 14:45:23.508"></status>
</suite>
<statistics>
<total>
<stat pass="35" fail="0">Critical Tests</stat>
<stat pass="35" fail="0">All Tests</stat>
</total>
<tag>
<stat pass="25" fail="0">accessibility</stat>
<stat pass="3" fail="0">cart</stat>
<stat pass="1" fail="0">desktop-viewport</stat>
<stat pass="3" fail="0">filter</stat>
<stat pass="35" fail="0">fn-smoke</stat>
<stat pass="25" fail="0">global-nav</stat>
<stat pass="1" fail="0">mobile-viewport</stat>
<stat pass="3" fail="0">pseries</stat>
<stat pass="1" fail="0">run</stat>
<stat pass="2" fail="0">search</stat>
<stat pass="1" fail="0">tablet-viewport</stat>
<stat pass="2" fail="0">user-account</stat>
</tag>
<suite>
<stat pass="35" fail="0" id="s1" name="Functional Smoke Tests">Functional Smoke Tests</stat>
<stat pass="2" fail="0" id="s1-s1" name="Add Remove Purchase Cart">Functional Smoke Tests.Add Remove Purchase Cart</stat>
<stat pass="1" fail="0" id="s1-s2" name="Pseries Add To Cart">Functional Smoke Tests.Pseries Add To Cart</stat>
<stat pass="2" fail="0" id="s1-s3" name="Search Test">Functional Smoke Tests.Search Test</stat>
<stat pass="1" fail="0" id="s1-s4" name="Filter Test Desktop">Functional Smoke Tests.Filter Test Desktop</stat>
<stat pass="1" fail="0" id="s1-s5" name="Filter Test Mobile">Functional Smoke Tests.Filter Test Mobile</stat>
<stat pass="1" fail="0" id="s1-s6" name="Filter Test Tablet">Functional Smoke Tests.Filter Test Tablet</stat>
<stat pass="9" fail="0" id="s1-s7" name="Accessibility Enter Keypress Main Nav">Functional Smoke Tests.Accessibility Enter Keypress Main Nav</stat>
<stat pass="3" fail="0" id="s1-s8" name="Accessibility Enter Keypress Submenu Nav">Functional Smoke Tests.Accessibility Enter Keypress Submenu Nav</stat>
<stat pass="4" fail="0" id="s1-s9" name="Accessibility Enter Keypress Util Nav">Functional Smoke Tests.Accessibility Enter Keypress Util Nav</stat>
<stat pass="9" fail="0" id="s1-s10" name="Accessibility Tab Keypress Nav">Functional Smoke Tests.Accessibility Tab Keypress Nav</stat>
<stat pass="2" fail="0" id="s1-s11" name="Create Signin Test">Functional Smoke Tests.Create Signin Test</stat>
</suite>
</statistics>
<errors>
</errors>
</robot>
